2021-10-21 09:16:28 [main] DEBUG com.fool.demo.DemoApplication            : Running with Spring Boot v2.3.4.RELEASE, Spring v5.2.9.RELEASE
2021-10-21 09:16:37 [main] DEBUG c.f.d.r.ApplicationRunnerImpl            : Info Test
2021-10-21 09:39:06 [main] DEBUG com.fool.demo.DemoApplication            : Running with Spring Boot v2.3.4.RELEASE, Spring v5.2.9.RELEASE
2021-10-21 09:39:15 [main] DEBUG c.f.d.r.ApplicationRunnerImpl            : Info Test
2021-10-21 09:39:19 [ec-1] DEBUG d.i.CustomizeAbstractSecurityInterceptor : Secure object: FilterInvocation: URL: /login?username=fool&password=1234; Attributes: [ADMIN]
2021-10-21 09:39:19 [ec-1] DEBUG d.i.CustomizeAbstractSecurityInterceptor : Previously Authenticated: org.springframework.security.authentication.AnonymousAuthenticationToken@643c252d: Principal: anonymousUser; Credentials: [PROTECTED]; Authenticated: true; Details: org.springframework.security.web.authentication.WebAuthenticationDetails@b364: RemoteIpAddress: 0:0:0:0:0:0:0:1; SessionId: null; Granted Authorities: ROLE_ANONYMOUS
2021-10-21 09:39:23 [ec-4] DEBUG d.i.CustomizeAbstractSecurityInterceptor : Secure object: FilterInvocation: URL: /login?username=fool&password=1234; Attributes: [ADMIN]
2021-10-21 09:39:23 [ec-4] DEBUG d.i.CustomizeAbstractSecurityInterceptor : Previously Authenticated: org.springframework.security.authentication.AnonymousAuthenticationToken@646fa2f5: Principal: anonymousUser; Credentials: [PROTECTED]; Authenticated: true; Details: org.springframework.security.web.authentication.WebAuthenticationDetails@21a2c: RemoteIpAddress: 0:0:0:0:0:0:0:1; SessionId: 7073DC0D84233B45AF8126725E378AA2; Granted Authorities: ROLE_ANONYMOUS
2021-10-21 09:39:24 [ec-3] DEBUG d.i.CustomizeAbstractSecurityInterceptor : Secure object: FilterInvocation: URL: /login?username=fool&password=1234; Attributes: [ADMIN]
2021-10-21 09:39:24 [ec-3] DEBUG d.i.CustomizeAbstractSecurityInterceptor : Previously Authenticated: org.springframework.security.authentication.AnonymousAuthenticationToken@646fa2f5: Principal: anonymousUser; Credentials: [PROTECTED]; Authenticated: true; Details: org.springframework.security.web.authentication.WebAuthenticationDetails@21a2c: RemoteIpAddress: 0:0:0:0:0:0:0:1; SessionId: 7073DC0D84233B45AF8126725E378AA2; Granted Authorities: ROLE_ANONYMOUS
2021-10-21 09:41:53 [ec-6] DEBUG d.i.CustomizeAbstractSecurityInterceptor : Secure object: FilterInvocation: URL: /login?username=fool&password=1234; Attributes: [ADMIN]
2021-10-21 09:41:53 [ec-6] DEBUG d.i.CustomizeAbstractSecurityInterceptor : Previously Authenticated: org.springframework.security.authentication.AnonymousAuthenticationToken@646fa2f5: Principal: anonymousUser; Credentials: [PROTECTED]; Authenticated: true; Details: org.springframework.security.web.authentication.WebAuthenticationDetails@21a2c: RemoteIpAddress: 0:0:0:0:0:0:0:1; SessionId: 7073DC0D84233B45AF8126725E378AA2; Granted Authorities: ROLE_ANONYMOUS
2021-10-21 09:42:09 [main] DEBUG com.fool.demo.DemoApplication            : Running with Spring Boot v2.3.4.RELEASE, Spring v5.2.9.RELEASE
2021-10-21 09:42:17 [main] DEBUG c.f.d.r.ApplicationRunnerImpl            : Info Test
2021-10-21 09:42:27 [ec-2] DEBUG d.i.CustomizeAbstractSecurityInterceptor : Secure object: FilterInvocation: URL: /login?username=fool&password=1234; Attributes: [ADMIN]
2021-10-21 09:42:27 [ec-2] DEBUG d.i.CustomizeAbstractSecurityInterceptor : Previously Authenticated: org.springframework.security.authentication.AnonymousAuthenticationToken@dfeb6b07: Principal: anonymousUser; Credentials: [PROTECTED]; Authenticated: true; Details: org.springframework.security.web.authentication.WebAuthenticationDetails@b364: RemoteIpAddress: 0:0:0:0:0:0:0:1; SessionId: null; Granted Authorities: ROLE_ANONYMOUS
2021-10-21 09:43:30 [main] DEBUG com.fool.demo.DemoApplication            : Running with Spring Boot v2.3.4.RELEASE, Spring v5.2.9.RELEASE
2021-10-21 09:43:37 [main] DEBUG c.f.d.r.ApplicationRunnerImpl            : Info Test
2021-10-21 09:43:40 [ec-2] DEBUG d.i.CustomizeAbstractSecurityInterceptor : Secure object: FilterInvocation: URL: /login?username=fool&password=1234; Attributes: [ADMIN]
2021-10-21 09:43:40 [ec-2] DEBUG d.i.CustomizeAbstractSecurityInterceptor : Previously Authenticated: org.springframework.security.authentication.AnonymousAuthenticationToken@41335f6a: Principal: anonymousUser; Credentials: [PROTECTED]; Authenticated: true; Details: org.springframework.security.web.authentication.WebAuthenticationDetails@b364: RemoteIpAddress: 0:0:0:0:0:0:0:1; SessionId: null; Granted Authorities: ROLE_ANONYMOUS
2021-10-21 09:46:47 [main] DEBUG com.fool.demo.DemoApplication            : Running with Spring Boot v2.3.4.RELEASE, Spring v5.2.9.RELEASE
2021-10-21 09:46:54 [main] DEBUG c.f.d.r.ApplicationRunnerImpl            : Info Test
2021-10-21 09:47:21 [ec-3] DEBUG d.i.CustomizeAbstractSecurityInterceptor : Secure object: FilterInvocation: URL: /; Attributes: [ADMIN]
2021-10-21 09:47:21 [ec-3] DEBUG d.i.CustomizeAbstractSecurityInterceptor : Previously Authenticated: org.springframework.security.authentication.UsernamePasswordAuthenticationToken@45c4378c: Principal: org.springframework.security.core.userdetails.User@300c66: Username: fool; Password: [PROTECTED]; Enabled: true; AccountNonExpired: true; credentialsNonExpired: true; AccountNonLocked: true; Granted Authorities: com.fool.demo.service.UserService$$Lambda$1499/0x0000000100a2a440@45f488b2; Credentials: [PROTECTED]; Authenticated: true; Details: org.springframework.security.web.authentication.WebAuthenticationDetails@ffff4c9c: RemoteIpAddress: 0:0:0:0:0:0:0:1; SessionId: F7181EBF0F15102C978CBFD97C3FCF23; Granted Authorities: com.fool.demo.service.UserService$$Lambda$1499/0x0000000100a2a440@45f488b2
2021-10-21 09:47:21 [ec-3] DEBUG d.i.CustomizeAbstractSecurityInterceptor : Authorization successful
2021-10-21 09:47:21 [ec-3] DEBUG d.i.CustomizeAbstractSecurityInterceptor : RunAsManager did not change Authentication object
2021-10-21 09:48:24 [ec-6] DEBUG d.i.CustomizeAbstractSecurityInterceptor : Secure object: FilterInvocation: URL: /; Attributes: [ADMIN]
2021-10-21 09:48:24 [ec-6] DEBUG d.i.CustomizeAbstractSecurityInterceptor : Previously Authenticated: org.springframework.security.authentication.UsernamePasswordAuthenticationToken@45c4378c: Principal: org.springframework.security.core.userdetails.User@300c66: Username: fool; Password: [PROTECTED]; Enabled: true; AccountNonExpired: true; credentialsNonExpired: true; AccountNonLocked: true; Granted Authorities: com.fool.demo.service.UserService$$Lambda$1499/0x0000000100a2a440@45f488b2; Credentials: [PROTECTED]; Authenticated: true; Details: org.springframework.security.web.authentication.WebAuthenticationDetails@ffff4c9c: RemoteIpAddress: 0:0:0:0:0:0:0:1; SessionId: F7181EBF0F15102C978CBFD97C3FCF23; Granted Authorities: com.fool.demo.service.UserService$$Lambda$1499/0x0000000100a2a440@45f488b2
2021-10-21 09:48:24 [ec-6] DEBUG d.i.CustomizeAbstractSecurityInterceptor : Authorization successful
2021-10-21 09:48:24 [ec-6] DEBUG d.i.CustomizeAbstractSecurityInterceptor : RunAsManager did not change Authentication object
2021-10-21 09:48:25 [ec-7] DEBUG d.i.CustomizeAbstractSecurityInterceptor : Secure object: FilterInvocation: URL: /; Attributes: [ADMIN]
2021-10-21 09:48:25 [ec-7] DEBUG d.i.CustomizeAbstractSecurityInterceptor : Previously Authenticated: org.springframework.security.authentication.UsernamePasswordAuthenticationToken@45c4378c: Principal: org.springframework.security.core.userdetails.User@300c66: Username: fool; Password: [PROTECTED]; Enabled: true; AccountNonExpired: true; credentialsNonExpired: true; AccountNonLocked: true; Granted Authorities: com.fool.demo.service.UserService$$Lambda$1499/0x0000000100a2a440@45f488b2; Credentials: [PROTECTED]; Authenticated: true; Details: org.springframework.security.web.authentication.WebAuthenticationDetails@ffff4c9c: RemoteIpAddress: 0:0:0:0:0:0:0:1; SessionId: F7181EBF0F15102C978CBFD97C3FCF23; Granted Authorities: com.fool.demo.service.UserService$$Lambda$1499/0x0000000100a2a440@45f488b2
2021-10-21 09:48:25 [ec-7] DEBUG d.i.CustomizeAbstractSecurityInterceptor : Authorization successful
2021-10-21 09:48:25 [ec-7] DEBUG d.i.CustomizeAbstractSecurityInterceptor : RunAsManager did not change Authentication object
2021-10-21 10:11:15 [main] DEBUG com.fool.demo.DemoApplication            : Running with Spring Boot v2.3.4.RELEASE, Spring v5.2.9.RELEASE
2021-10-21 10:11:22 [main] DEBUG c.f.d.r.ApplicationRunnerImpl            : Info Test
2021-10-21 10:11:32 [ec-1] DEBUG d.i.CustomizeAbstractSecurityInterceptor : Secure object: FilterInvocation: URL: /login?username=fool&password=1234; Attributes: [ADMIN]
2021-10-21 10:11:32 [ec-1] DEBUG d.i.CustomizeAbstractSecurityInterceptor : Previously Authenticated: org.springframework.security.authentication.AnonymousAuthenticationToken@3269a9e1: Principal: anonymousUser; Credentials: [PROTECTED]; Authenticated: true; Details: org.springframework.security.web.authentication.WebAuthenticationDetails@b364: RemoteIpAddress: 0:0:0:0:0:0:0:1; SessionId: null; Granted Authorities: ROLE_ANONYMOUS
2021-10-21 10:11:45 [ec-3] DEBUG d.i.CustomizeAbstractSecurityInterceptor : Secure object: FilterInvocation: URL: /login; Attributes: [ADMIN]
2021-10-21 10:11:45 [ec-3] DEBUG d.i.CustomizeAbstractSecurityInterceptor : Previously Authenticated: org.springframework.security.authentication.AnonymousAuthenticationToken@3269a9e1: Principal: anonymousUser; Credentials: [PROTECTED]; Authenticated: true; Details: org.springframework.security.web.authentication.WebAuthenticationDetails@b364: RemoteIpAddress: 0:0:0:0:0:0:0:1; SessionId: null; Granted Authorities: ROLE_ANONYMOUS
2021-10-21 10:12:39 [main] DEBUG com.fool.demo.DemoApplication            : Running with Spring Boot v2.3.4.RELEASE, Spring v5.2.9.RELEASE
2021-10-21 10:12:47 [main] DEBUG c.f.d.r.ApplicationRunnerImpl            : Info Test
2021-10-21 10:13:34 [main] DEBUG com.fool.demo.DemoApplication            : Running with Spring Boot v2.3.4.RELEASE, Spring v5.2.9.RELEASE
2021-10-21 10:13:41 [main] DEBUG c.f.d.r.ApplicationRunnerImpl            : Info Test
2021-10-21 10:23:21 [main] DEBUG com.fool.demo.DemoApplication            : Running with Spring Boot v2.3.4.RELEASE, Spring v5.2.9.RELEASE
2021-10-21 10:23:36 [main] DEBUG c.f.d.r.ApplicationRunnerImpl            : Info Test
2021-10-21 10:24:42 [main] DEBUG com.fool.demo.DemoApplication            : Running with Spring Boot v2.3.4.RELEASE, Spring v5.2.9.RELEASE
2021-10-21 10:24:59 [ec-1] DEBUG d.i.CustomizeAbstractSecurityInterceptor : Secure object: FilterInvocation: URL: /login; Attributes: [ADMIN]
2021-10-21 10:24:59 [ec-1] DEBUG d.i.CustomizeAbstractSecurityInterceptor : Previously Authenticated: org.springframework.security.authentication.AnonymousAuthenticationToken@4236c23d: Principal: anonymousUser; Credentials: [PROTECTED]; Authenticated: true; Details: org.springframework.security.web.authentication.WebAuthenticationDetails@b364: RemoteIpAddress: 0:0:0:0:0:0:0:1; SessionId: null; Granted Authorities: ROLE_ANONYMOUS
2021-10-21 10:25:13 [main] DEBUG c.f.d.r.ApplicationRunnerImpl            : Info Test
2021-10-21 10:25:38 [ec-5] DEBUG d.i.CustomizeAbstractSecurityInterceptor : Secure object: FilterInvocation: URL: /login; Attributes: [ADMIN]
2021-10-21 10:25:38 [ec-5] DEBUG d.i.CustomizeAbstractSecurityInterceptor : Previously Authenticated: org.springframework.security.authentication.AnonymousAuthenticationToken@4273fa31: Principal: anonymousUser; Credentials: [PROTECTED]; Authenticated: true; Details: org.springframework.security.web.authentication.WebAuthenticationDetails@2cd90: RemoteIpAddress: 0:0:0:0:0:0:0:1; SessionId: E034E1F816A1FE9E47C676FC6A1DCFEB; Granted Authorities: ROLE_ANONYMOUS
2021-10-21 10:25:55 [ec-7] DEBUG d.i.CustomizeAbstractSecurityInterceptor : Secure object: FilterInvocation: URL: /login; Attributes: [ADMIN]
2021-10-21 10:25:55 [ec-7] DEBUG d.i.CustomizeAbstractSecurityInterceptor : Previously Authenticated: org.springframework.security.authentication.AnonymousAuthenticationToken@4273fa31: Principal: anonymousUser; Credentials: [PROTECTED]; Authenticated: true; Details: org.springframework.security.web.authentication.WebAuthenticationDetails@2cd90: RemoteIpAddress: 0:0:0:0:0:0:0:1; SessionId: E034E1F816A1FE9E47C676FC6A1DCFEB; Granted Authorities: ROLE_ANONYMOUS
2021-10-21 10:26:55 [ec-9] DEBUG d.i.CustomizeAbstractSecurityInterceptor : Secure object: FilterInvocation: URL: /empty; Attributes: [ADMIN]
2021-10-21 10:26:55 [ec-9] DEBUG d.i.CustomizeAbstractSecurityInterceptor : Previously Authenticated: org.springframework.security.authentication.UsernamePasswordAuthenticationToken@72da9441: Principal: org.springframework.security.core.userdetails.User@300c66: Username: fool; Password: [PROTECTED]; Enabled: true; AccountNonExpired: true; credentialsNonExpired: true; AccountNonLocked: true; Granted Authorities: com.fool.demo.service.UserService$$Lambda$1502/0x0000000100a71840@72e918ef; Credentials: [PROTECTED]; Authenticated: true; Details: org.springframework.security.web.authentication.WebAuthenticationDetails@fffc7f0c: RemoteIpAddress: 0:0:0:0:0:0:0:1; SessionId: B6DA4E4C0A19017DA0AC650A1D4C8D65; Granted Authorities: com.fool.demo.service.UserService$$Lambda$1502/0x0000000100a71840@72e918ef
2021-10-21 10:26:55 [ec-9] DEBUG d.i.CustomizeAbstractSecurityInterceptor : Authorization successful
2021-10-21 10:26:55 [ec-9] DEBUG d.i.CustomizeAbstractSecurityInterceptor : RunAsManager did not change Authentication object
2021-10-21 10:26:55 [ec-9] DEBUG d.i.CustomizeAbstractSecurityInterceptor : Secure object: FilterInvocation: URL: /empty; Attributes: [ADMIN]
2021-10-21 10:26:55 [ec-9] DEBUG d.i.CustomizeAbstractSecurityInterceptor : Previously Authenticated: org.springframework.security.authentication.UsernamePasswordAuthenticationToken@72da9441: Principal: org.springframework.security.core.userdetails.User@300c66: Username: fool; Password: [PROTECTED]; Enabled: true; AccountNonExpired: true; credentialsNonExpired: true; AccountNonLocked: true; Granted Authorities: com.fool.demo.service.UserService$$Lambda$1502/0x0000000100a71840@72e918ef; Credentials: [PROTECTED]; Authenticated: true; Details: org.springframework.security.web.authentication.WebAuthenticationDetails@fffc7f0c: RemoteIpAddress: 0:0:0:0:0:0:0:1; SessionId: B6DA4E4C0A19017DA0AC650A1D4C8D65; Granted Authorities: com.fool.demo.service.UserService$$Lambda$1502/0x0000000100a71840@72e918ef
2021-10-21 10:26:55 [ec-9] DEBUG d.i.CustomizeAbstractSecurityInterceptor : Authorization successful
2021-10-21 10:26:55 [ec-9] DEBUG d.i.CustomizeAbstractSecurityInterceptor : RunAsManager did not change Authentication object
2021-10-21 10:27:05 [ec-1] DEBUG d.i.CustomizeAbstractSecurityInterceptor : Secure object: FilterInvocation: URL: /hello-world; Attributes: [ADMIN]
2021-10-21 10:27:05 [ec-1] DEBUG d.i.CustomizeAbstractSecurityInterceptor : Previously Authenticated: org.springframework.security.authentication.UsernamePasswordAuthenticationToken@72da9441: Principal: org.springframework.security.core.userdetails.User@300c66: Username: fool; Password: [PROTECTED]; Enabled: true; AccountNonExpired: true; credentialsNonExpired: true; AccountNonLocked: true; Granted Authorities: com.fool.demo.service.UserService$$Lambda$1502/0x0000000100a71840@72e918ef; Credentials: [PROTECTED]; Authenticated: true; Details: org.springframework.security.web.authentication.WebAuthenticationDetails@fffc7f0c: RemoteIpAddress: 0:0:0:0:0:0:0:1; SessionId: B6DA4E4C0A19017DA0AC650A1D4C8D65; Granted Authorities: com.fool.demo.service.UserService$$Lambda$1502/0x0000000100a71840@72e918ef
2021-10-21 10:27:05 [ec-1] DEBUG d.i.CustomizeAbstractSecurityInterceptor : Authorization successful
2021-10-21 10:27:05 [ec-1] DEBUG d.i.CustomizeAbstractSecurityInterceptor : RunAsManager did not change Authentication object
2021-10-21 10:27:05 [ec-1] DEBUG d.i.CustomizeAbstractSecurityInterceptor : Secure object: FilterInvocation: URL: /hello-world; Attributes: [ADMIN]
2021-10-21 10:27:05 [ec-1] DEBUG d.i.CustomizeAbstractSecurityInterceptor : Previously Authenticated: org.springframework.security.authentication.UsernamePasswordAuthenticationToken@72da9441: Principal: org.springframework.security.core.userdetails.User@300c66: Username: fool; Password: [PROTECTED]; Enabled: true; AccountNonExpired: true; credentialsNonExpired: true; AccountNonLocked: true; Granted Authorities: com.fool.demo.service.UserService$$Lambda$1502/0x0000000100a71840@72e918ef; Credentials: [PROTECTED]; Authenticated: true; Details: org.springframework.security.web.authentication.WebAuthenticationDetails@fffc7f0c: RemoteIpAddress: 0:0:0:0:0:0:0:1; SessionId: B6DA4E4C0A19017DA0AC650A1D4C8D65; Granted Authorities: com.fool.demo.service.UserService$$Lambda$1502/0x0000000100a71840@72e918ef
2021-10-21 10:27:05 [ec-1] DEBUG d.i.CustomizeAbstractSecurityInterceptor : Authorization successful
2021-10-21 10:27:05 [ec-1] DEBUG d.i.CustomizeAbstractSecurityInterceptor : RunAsManager did not change Authentication object
2021-10-21 10:27:19 [ec-3] DEBUG d.i.CustomizeAbstractSecurityInterceptor : Secure object: FilterInvocation: URL: /hello-world; Attributes: [ADMIN]
2021-10-21 10:27:19 [ec-3] DEBUG d.i.CustomizeAbstractSecurityInterceptor : Previously Authenticated: org.springframework.security.authentication.UsernamePasswordAuthenticationToken@72da9441: Principal: org.springframework.security.core.userdetails.User@300c66: Username: fool; Password: [PROTECTED]; Enabled: true; AccountNonExpired: true; credentialsNonExpired: true; AccountNonLocked: true; Granted Authorities: com.fool.demo.service.UserService$$Lambda$1502/0x0000000100a71840@72e918ef; Credentials: [PROTECTED]; Authenticated: true; Details: org.springframework.security.web.authentication.WebAuthenticationDetails@fffc7f0c: RemoteIpAddress: 0:0:0:0:0:0:0:1; SessionId: B6DA4E4C0A19017DA0AC650A1D4C8D65; Granted Authorities: com.fool.demo.service.UserService$$Lambda$1502/0x0000000100a71840@72e918ef
2021-10-21 10:27:19 [ec-3] DEBUG d.i.CustomizeAbstractSecurityInterceptor : Authorization successful
2021-10-21 10:27:19 [ec-3] DEBUG d.i.CustomizeAbstractSecurityInterceptor : RunAsManager did not change Authentication object
2021-10-21 10:27:19 [ec-3] DEBUG d.i.CustomizeAbstractSecurityInterceptor : Secure object: FilterInvocation: URL: /hello-world; Attributes: [ADMIN]
2021-10-21 10:27:19 [ec-3] DEBUG d.i.CustomizeAbstractSecurityInterceptor : Previously Authenticated: org.springframework.security.authentication.UsernamePasswordAuthenticationToken@72da9441: Principal: org.springframework.security.core.userdetails.User@300c66: Username: fool; Password: [PROTECTED]; Enabled: true; AccountNonExpired: true; credentialsNonExpired: true; AccountNonLocked: true; Granted Authorities: com.fool.demo.service.UserService$$Lambda$1502/0x0000000100a71840@72e918ef; Credentials: [PROTECTED]; Authenticated: true; Details: org.springframework.security.web.authentication.WebAuthenticationDetails@fffc7f0c: RemoteIpAddress: 0:0:0:0:0:0:0:1; SessionId: B6DA4E4C0A19017DA0AC650A1D4C8D65; Granted Authorities: com.fool.demo.service.UserService$$Lambda$1502/0x0000000100a71840@72e918ef
2021-10-21 10:27:19 [ec-3] DEBUG d.i.CustomizeAbstractSecurityInterceptor : Authorization successful
2021-10-21 10:27:19 [ec-3] DEBUG d.i.CustomizeAbstractSecurityInterceptor : RunAsManager did not change Authentication object
2021-10-21 10:27:51 [ec-2] DEBUG d.i.CustomizeAbstractSecurityInterceptor : Secure object: FilterInvocation: URL: /hello-world; Attributes: [ADMIN]
2021-10-21 10:27:51 [ec-2] DEBUG d.i.CustomizeAbstractSecurityInterceptor : Previously Authenticated: org.springframework.security.authentication.AnonymousAuthenticationToken@4236c23d: Principal: anonymousUser; Credentials: [PROTECTED]; Authenticated: true; Details: org.springframework.security.web.authentication.WebAuthenticationDetails@b364: RemoteIpAddress: 0:0:0:0:0:0:0:1; SessionId: null; Granted Authorities: ROLE_ANONYMOUS
2021-10-21 10:28:05 [ec-5] DEBUG d.i.CustomizeAbstractSecurityInterceptor : Secure object: FilterInvocation: URL: /hello-world; Attributes: [ADMIN]
2021-10-21 10:28:05 [ec-5] DEBUG d.i.CustomizeAbstractSecurityInterceptor : Previously Authenticated: org.springframework.security.authentication.UsernamePasswordAuthenticationToken@72d9a7d1: Principal: org.springframework.security.core.userdetails.User@300c66: Username: fool; Password: [PROTECTED]; Enabled: true; AccountNonExpired: true; credentialsNonExpired: true; AccountNonLocked: true; Granted Authorities: com.fool.demo.service.UserService$$Lambda$1502/0x0000000100a71840@72e918ef; Credentials: [PROTECTED]; Authenticated: true; Details: org.springframework.security.web.authentication.WebAuthenticationDetails@ffff4c9c: RemoteIpAddress: 0:0:0:0:0:0:0:1; SessionId: 06C204E88BD2E55C9C04B17999C79E13; Granted Authorities: com.fool.demo.service.UserService$$Lambda$1502/0x0000000100a71840@72e918ef
2021-10-21 10:28:05 [ec-5] DEBUG d.i.CustomizeAbstractSecurityInterceptor : Authorization successful
2021-10-21 10:28:05 [ec-5] DEBUG d.i.CustomizeAbstractSecurityInterceptor : RunAsManager did not change Authentication object
2021-10-21 10:28:05 [ec-5] DEBUG d.i.CustomizeAbstractSecurityInterceptor : Secure object: FilterInvocation: URL: /hello-world; Attributes: [ADMIN]
2021-10-21 10:28:05 [ec-5] DEBUG d.i.CustomizeAbstractSecurityInterceptor : Previously Authenticated: org.springframework.security.authentication.UsernamePasswordAuthenticationToken@72d9a7d1: Principal: org.springframework.security.core.userdetails.User@300c66: Username: fool; Password: [PROTECTED]; Enabled: true; AccountNonExpired: true; credentialsNonExpired: true; AccountNonLocked: true; Granted Authorities: com.fool.demo.service.UserService$$Lambda$1502/0x0000000100a71840@72e918ef; Credentials: [PROTECTED]; Authenticated: true; Details: org.springframework.security.web.authentication.WebAuthenticationDetails@ffff4c9c: RemoteIpAddress: 0:0:0:0:0:0:0:1; SessionId: 06C204E88BD2E55C9C04B17999C79E13; Granted Authorities: com.fool.demo.service.UserService$$Lambda$1502/0x0000000100a71840@72e918ef
2021-10-21 10:28:05 [ec-5] DEBUG d.i.CustomizeAbstractSecurityInterceptor : Authorization successful
2021-10-21 10:28:05 [ec-5] DEBUG d.i.CustomizeAbstractSecurityInterceptor : RunAsManager did not change Authentication object
2021-10-21 10:28:49 [ec-6] DEBUG d.i.CustomizeAbstractSecurityInterceptor : Secure object: FilterInvocation: URL: /hello-world; Attributes: [ADMIN]
2021-10-21 10:28:49 [ec-6] DEBUG d.i.CustomizeAbstractSecurityInterceptor : Previously Authenticated: org.springframework.security.authentication.UsernamePasswordAuthenticationToken@72d9a7d1: Principal: org.springframework.security.core.userdetails.User@300c66: Username: fool; Password: [PROTECTED]; Enabled: true; AccountNonExpired: true; credentialsNonExpired: true; AccountNonLocked: true; Granted Authorities: com.fool.demo.service.UserService$$Lambda$1502/0x0000000100a71840@72e918ef; Credentials: [PROTECTED]; Authenticated: true; Details: org.springframework.security.web.authentication.WebAuthenticationDetails@ffff4c9c: RemoteIpAddress: 0:0:0:0:0:0:0:1; SessionId: 06C204E88BD2E55C9C04B17999C79E13; Granted Authorities: com.fool.demo.service.UserService$$Lambda$1502/0x0000000100a71840@72e918ef
2021-10-21 10:28:49 [ec-6] DEBUG d.i.CustomizeAbstractSecurityInterceptor : Authorization successful
2021-10-21 10:28:49 [ec-6] DEBUG d.i.CustomizeAbstractSecurityInterceptor : RunAsManager did not change Authentication object
2021-10-21 10:28:49 [ec-6] DEBUG d.i.CustomizeAbstractSecurityInterceptor : Secure object: FilterInvocation: URL: /hello-world; Attributes: [ADMIN]
2021-10-21 10:28:49 [ec-6] DEBUG d.i.CustomizeAbstractSecurityInterceptor : Previously Authenticated: org.springframework.security.authentication.UsernamePasswordAuthenticationToken@72d9a7d1: Principal: org.springframework.security.core.userdetails.User@300c66: Username: fool; Password: [PROTECTED]; Enabled: true; AccountNonExpired: true; credentialsNonExpired: true; AccountNonLocked: true; Granted Authorities: com.fool.demo.service.UserService$$Lambda$1502/0x0000000100a71840@72e918ef; Credentials: [PROTECTED]; Authenticated: true; Details: org.springframework.security.web.authentication.WebAuthenticationDetails@ffff4c9c: RemoteIpAddress: 0:0:0:0:0:0:0:1; SessionId: 06C204E88BD2E55C9C04B17999C79E13; Granted Authorities: com.fool.demo.service.UserService$$Lambda$1502/0x0000000100a71840@72e918ef
2021-10-21 10:28:49 [ec-6] DEBUG d.i.CustomizeAbstractSecurityInterceptor : Authorization successful
2021-10-21 10:28:49 [ec-6] DEBUG d.i.CustomizeAbstractSecurityInterceptor : RunAsManager did not change Authentication object
2021-10-21 10:29:57 [ec-9] DEBUG d.i.CustomizeAbstractSecurityInterceptor : Secure object: FilterInvocation: URL: /hello-world; Attributes: [ADMIN]
2021-10-21 10:29:57 [ec-9] DEBUG d.i.CustomizeAbstractSecurityInterceptor : Previously Authenticated: org.springframework.security.authentication.AnonymousAuthenticationToken@4236c23d: Principal: anonymousUser; Credentials: [PROTECTED]; Authenticated: true; Details: org.springframework.security.web.authentication.WebAuthenticationDetails@b364: RemoteIpAddress: 0:0:0:0:0:0:0:1; SessionId: null; Granted Authorities: ROLE_ANONYMOUS
2021-10-21 10:30:01 [c-10] DEBUG d.i.CustomizeAbstractSecurityInterceptor : Secure object: FilterInvocation: URL: /empty; Attributes: [ADMIN]
2021-10-21 10:30:01 [c-10] DEBUG d.i.CustomizeAbstractSecurityInterceptor : Previously Authenticated: org.springframework.security.authentication.AnonymousAuthenticationToken@422cf6a1: Principal: anonymousUser; Credentials: [PROTECTED]; Authenticated: true; Details: org.springframework.security.web.authentication.WebAuthenticationDetails@0: RemoteIpAddress: 0:0:0:0:0:0:0:1; SessionId: BCDF6DD4351E3095DCC707AA4CECDA45; Granted Authorities: ROLE_ANONYMOUS
2021-10-21 10:30:40 [ec-3] DEBUG d.i.CustomizeAbstractSecurityInterceptor : Secure object: FilterInvocation: URL: /hello-world; Attributes: [ADMIN]
2021-10-21 10:30:40 [ec-3] DEBUG d.i.CustomizeAbstractSecurityInterceptor : Previously Authenticated: org.springframework.security.authentication.AnonymousAuthenticationToken@422cf6a1: Principal: anonymousUser; Credentials: [PROTECTED]; Authenticated: true; Details: org.springframework.security.web.authentication.WebAuthenticationDetails@0: RemoteIpAddress: 0:0:0:0:0:0:0:1; SessionId: BCDF6DD4351E3095DCC707AA4CECDA45; Granted Authorities: ROLE_ANONYMOUS
2021-10-21 10:30:42 [ec-2] DEBUG d.i.CustomizeAbstractSecurityInterceptor : Secure object: FilterInvocation: URL: /hello-world; Attributes: [ADMIN]
2021-10-21 10:30:42 [ec-2] DEBUG d.i.CustomizeAbstractSecurityInterceptor : Previously Authenticated: org.springframework.security.authentication.AnonymousAuthenticationToken@422cf6a1: Principal: anonymousUser; Credentials: [PROTECTED]; Authenticated: true; Details: org.springframework.security.web.authentication.WebAuthenticationDetails@0: RemoteIpAddress: 0:0:0:0:0:0:0:1; SessionId: BCDF6DD4351E3095DCC707AA4CECDA45; Granted Authorities: ROLE_ANONYMOUS
2021-10-21 10:31:00 [ec-4] DEBUG d.i.CustomizeAbstractSecurityInterceptor : Secure object: FilterInvocation: URL: /hello-world; Attributes: [ADMIN]
2021-10-21 10:31:00 [ec-4] DEBUG d.i.CustomizeAbstractSecurityInterceptor : Previously Authenticated: org.springframework.security.authentication.AnonymousAuthenticationToken@422cf6a1: Principal: anonymousUser; Credentials: [PROTECTED]; Authenticated: true; Details: org.springframework.security.web.authentication.WebAuthenticationDetails@0: RemoteIpAddress: 0:0:0:0:0:0:0:1; SessionId: BCDF6DD4351E3095DCC707AA4CECDA45; Granted Authorities: ROLE_ANONYMOUS
2021-10-21 10:35:04 [main] DEBUG com.fool.demo.DemoApplication            : Running with Spring Boot v2.3.4.RELEASE, Spring v5.2.9.RELEASE
2021-10-21 10:35:11 [main] DEBUG c.f.d.r.ApplicationRunnerImpl            : Info Test
2021-10-21 10:36:03 [ec-3] DEBUG d.i.CustomizeAbstractSecurityInterceptor : Secure object: FilterInvocation: URL: /hello-world; Attributes: [SUPER]
2021-10-21 10:36:03 [ec-3] DEBUG d.i.CustomizeAbstractSecurityInterceptor : Previously Authenticated: org.springframework.security.authentication.UsernamePasswordAuthenticationToken@a26d49b5: Principal: org.springframework.security.core.userdetails.User@300c66: Username: fool; Password: [PROTECTED]; Enabled: true; AccountNonExpired: true; credentialsNonExpired: true; AccountNonLocked: true; Granted Authorities: com.fool.demo.service.UserService$$Lambda$1499/0x0000000100a1a440@5da20973; Credentials: [PROTECTED]; Authenticated: true; Details: org.springframework.security.web.authentication.WebAuthenticationDetails@b364: RemoteIpAddress: 0:0:0:0:0:0:0:1; SessionId: null; Granted Authorities: com.fool.demo.service.UserService$$Lambda$1499/0x0000000100a1a440@5da20973
2021-10-21 10:36:19 [ec-4] DEBUG d.i.CustomizeAbstractSecurityInterceptor : Secure object: FilterInvocation: URL: /empty; Attributes: [ADMIN]
2021-10-21 10:36:19 [ec-4] DEBUG d.i.CustomizeAbstractSecurityInterceptor : Previously Authenticated: org.springframework.security.authentication.UsernamePasswordAuthenticationToken@a26d49b5: Principal: org.springframework.security.core.userdetails.User@300c66: Username: fool; Password: [PROTECTED]; Enabled: true; AccountNonExpired: true; credentialsNonExpired: true; AccountNonLocked: true; Granted Authorities: com.fool.demo.service.UserService$$Lambda$1499/0x0000000100a1a440@5da20973; Credentials: [PROTECTED]; Authenticated: true; Details: org.springframework.security.web.authentication.WebAuthenticationDetails@b364: RemoteIpAddress: 0:0:0:0:0:0:0:1; SessionId: null; Granted Authorities: com.fool.demo.service.UserService$$Lambda$1499/0x0000000100a1a440@5da20973
2021-10-21 10:36:19 [ec-4] DEBUG d.i.CustomizeAbstractSecurityInterceptor : Authorization successful
2021-10-21 10:36:19 [ec-4] DEBUG d.i.CustomizeAbstractSecurityInterceptor : RunAsManager did not change Authentication object
2021-10-21 10:36:27 [ec-4] DEBUG d.i.CustomizeAbstractSecurityInterceptor : Secure object: FilterInvocation: URL: /empty; Attributes: [ADMIN]
2021-10-21 10:36:27 [ec-4] DEBUG d.i.CustomizeAbstractSecurityInterceptor : Previously Authenticated: org.springframework.security.authentication.UsernamePasswordAuthenticationToken@a26d49b5: Principal: org.springframework.security.core.userdetails.User@300c66: Username: fool; Password: [PROTECTED]; Enabled: true; AccountNonExpired: true; credentialsNonExpired: true; AccountNonLocked: true; Granted Authorities: com.fool.demo.service.UserService$$Lambda$1499/0x0000000100a1a440@5da20973; Credentials: [PROTECTED]; Authenticated: true; Details: org.springframework.security.web.authentication.WebAuthenticationDetails@b364: RemoteIpAddress: 0:0:0:0:0:0:0:1; SessionId: null; Granted Authorities: com.fool.demo.service.UserService$$Lambda$1499/0x0000000100a1a440@5da20973
2021-10-21 10:36:27 [ec-4] DEBUG d.i.CustomizeAbstractSecurityInterceptor : Authorization successful
2021-10-21 10:36:27 [ec-4] DEBUG d.i.CustomizeAbstractSecurityInterceptor : RunAsManager did not change Authentication object
2021-10-21 10:38:08 [ec-9] DEBUG d.i.CustomizeAbstractSecurityInterceptor : Secure object: FilterInvocation: URL: /hello-world; Attributes: [SUPER]
2021-10-21 10:38:08 [ec-9] DEBUG d.i.CustomizeAbstractSecurityInterceptor : Previously Authenticated: org.springframework.security.authentication.UsernamePasswordAuthenticationToken@a26d49b5: Principal: org.springframework.security.core.userdetails.User@300c66: Username: fool; Password: [PROTECTED]; Enabled: true; AccountNonExpired: true; credentialsNonExpired: true; AccountNonLocked: true; Granted Authorities: com.fool.demo.service.UserService$$Lambda$1499/0x0000000100a1a440@5da20973; Credentials: [PROTECTED]; Authenticated: true; Details: org.springframework.security.web.authentication.WebAuthenticationDetails@b364: RemoteIpAddress: 0:0:0:0:0:0:0:1; SessionId: null; Granted Authorities: com.fool.demo.service.UserService$$Lambda$1499/0x0000000100a1a440@5da20973
2021-10-21 10:38:15 [ec-6] DEBUG d.i.CustomizeAbstractSecurityInterceptor : Secure object: FilterInvocation: URL: /hello-world; Attributes: [SUPER]
2021-10-21 10:38:15 [ec-6] DEBUG d.i.CustomizeAbstractSecurityInterceptor : Previously Authenticated: org.springframework.security.authentication.UsernamePasswordAuthenticationToken@a26d49b5: Principal: org.springframework.security.core.userdetails.User@300c66: Username: fool; Password: [PROTECTED]; Enabled: true; AccountNonExpired: true; credentialsNonExpired: true; AccountNonLocked: true; Granted Authorities: com.fool.demo.service.UserService$$Lambda$1499/0x0000000100a1a440@5da20973; Credentials: [PROTECTED]; Authenticated: true; Details: org.springframework.security.web.authentication.WebAuthenticationDetails@b364: RemoteIpAddress: 0:0:0:0:0:0:0:1; SessionId: null; Granted Authorities: com.fool.demo.service.UserService$$Lambda$1499/0x0000000100a1a440@5da20973
2021-10-21 10:42:34 [ec-1] DEBUG d.i.CustomizeAbstractSecurityInterceptor : Secure object: FilterInvocation: URL: /hello-world; Attributes: [SUPER]
2021-10-21 10:42:34 [ec-1] DEBUG d.i.CustomizeAbstractSecurityInterceptor : Previously Authenticated: org.springframework.security.authentication.UsernamePasswordAuthenticationToken@a26d49b5: Principal: org.springframework.security.core.userdetails.User@300c66: Username: fool; Password: [PROTECTED]; Enabled: true; AccountNonExpired: true; credentialsNonExpired: true; AccountNonLocked: true; Granted Authorities: com.fool.demo.service.UserService$$Lambda$1499/0x0000000100a1a440@5da20973; Credentials: [PROTECTED]; Authenticated: true; Details: org.springframework.security.web.authentication.WebAuthenticationDetails@b364: RemoteIpAddress: 0:0:0:0:0:0:0:1; SessionId: null; Granted Authorities: com.fool.demo.service.UserService$$Lambda$1499/0x0000000100a1a440@5da20973
2021-10-21 10:43:09 [ec-2] DEBUG d.i.CustomizeAbstractSecurityInterceptor : Secure object: FilterInvocation: URL: /hello-world; Attributes: [SUPER]
2021-10-21 10:43:09 [ec-2] DEBUG d.i.CustomizeAbstractSecurityInterceptor : Previously Authenticated: org.springframework.security.authentication.UsernamePasswordAuthenticationToken@a26d49b5: Principal: org.springframework.security.core.userdetails.User@300c66: Username: fool; Password: [PROTECTED]; Enabled: true; AccountNonExpired: true; credentialsNonExpired: true; AccountNonLocked: true; Granted Authorities: com.fool.demo.service.UserService$$Lambda$1499/0x0000000100a1a440@5da20973; Credentials: [PROTECTED]; Authenticated: true; Details: org.springframework.security.web.authentication.WebAuthenticationDetails@b364: RemoteIpAddress: 0:0:0:0:0:0:0:1; SessionId: null; Granted Authorities: com.fool.demo.service.UserService$$Lambda$1499/0x0000000100a1a440@5da20973
2021-10-21 10:43:25 [ec-3] DEBUG d.i.CustomizeAbstractSecurityInterceptor : Secure object: FilterInvocation: URL: /empty; Attributes: [ADMIN]
2021-10-21 10:43:25 [ec-3] DEBUG d.i.CustomizeAbstractSecurityInterceptor : Previously Authenticated: org.springframework.security.authentication.UsernamePasswordAuthenticationToken@a26d49b5: Principal: org.springframework.security.core.userdetails.User@300c66: Username: fool; Password: [PROTECTED]; Enabled: true; AccountNonExpired: true; credentialsNonExpired: true; AccountNonLocked: true; Granted Authorities: com.fool.demo.service.UserService$$Lambda$1499/0x0000000100a1a440@5da20973; Credentials: [PROTECTED]; Authenticated: true; Details: org.springframework.security.web.authentication.WebAuthenticationDetails@b364: RemoteIpAddress: 0:0:0:0:0:0:0:1; SessionId: null; Granted Authorities: com.fool.demo.service.UserService$$Lambda$1499/0x0000000100a1a440@5da20973
2021-10-21 10:43:25 [ec-3] DEBUG d.i.CustomizeAbstractSecurityInterceptor : Authorization successful
2021-10-21 10:43:25 [ec-3] DEBUG d.i.CustomizeAbstractSecurityInterceptor : RunAsManager did not change Authentication object
2021-10-21 10:43:25 [ec-3] DEBUG d.i.CustomizeAbstractSecurityInterceptor : Secure object: FilterInvocation: URL: /empty; Attributes: [ADMIN]
2021-10-21 10:43:25 [ec-3] DEBUG d.i.CustomizeAbstractSecurityInterceptor : Previously Authenticated: org.springframework.security.authentication.UsernamePasswordAuthenticationToken@a26d49b5: Principal: org.springframework.security.core.userdetails.User@300c66: Username: fool; Password: [PROTECTED]; Enabled: true; AccountNonExpired: true; credentialsNonExpired: true; AccountNonLocked: true; Granted Authorities: com.fool.demo.service.UserService$$Lambda$1499/0x0000000100a1a440@5da20973; Credentials: [PROTECTED]; Authenticated: true; Details: org.springframework.security.web.authentication.WebAuthenticationDetails@b364: RemoteIpAddress: 0:0:0:0:0:0:0:1; SessionId: null; Granted Authorities: com.fool.demo.service.UserService$$Lambda$1499/0x0000000100a1a440@5da20973
2021-10-21 10:43:25 [ec-3] DEBUG d.i.CustomizeAbstractSecurityInterceptor : Authorization successful
2021-10-21 10:43:25 [ec-3] DEBUG d.i.CustomizeAbstractSecurityInterceptor : RunAsManager did not change Authentication object
2021-10-21 10:43:42 [ec-4] DEBUG d.i.CustomizeAbstractSecurityInterceptor : Secure object: FilterInvocation: URL: /empty; Attributes: [ADMIN]
2021-10-21 10:43:42 [ec-4] DEBUG d.i.CustomizeAbstractSecurityInterceptor : Previously Authenticated: org.springframework.security.authentication.UsernamePasswordAuthenticationToken@a26d49b5: Principal: org.springframework.security.core.userdetails.User@300c66: Username: fool; Password: [PROTECTED]; Enabled: true; AccountNonExpired: true; credentialsNonExpired: true; AccountNonLocked: true; Granted Authorities: com.fool.demo.service.UserService$$Lambda$1499/0x0000000100a1a440@5da20973; Credentials: [PROTECTED]; Authenticated: true; Details: org.springframework.security.web.authentication.WebAuthenticationDetails@b364: RemoteIpAddress: 0:0:0:0:0:0:0:1; SessionId: null; Granted Authorities: com.fool.demo.service.UserService$$Lambda$1499/0x0000000100a1a440@5da20973
2021-10-21 10:43:42 [ec-4] DEBUG d.i.CustomizeAbstractSecurityInterceptor : Authorization successful
2021-10-21 10:43:42 [ec-4] DEBUG d.i.CustomizeAbstractSecurityInterceptor : RunAsManager did not change Authentication object
2021-10-21 10:43:42 [ec-4] DEBUG d.i.CustomizeAbstractSecurityInterceptor : Secure object: FilterInvocation: URL: /empty; Attributes: [ADMIN]
2021-10-21 10:43:42 [ec-4] DEBUG d.i.CustomizeAbstractSecurityInterceptor : Previously Authenticated: org.springframework.security.authentication.UsernamePasswordAuthenticationToken@a26d49b5: Principal: org.springframework.security.core.userdetails.User@300c66: Username: fool; Password: [PROTECTED]; Enabled: true; AccountNonExpired: true; credentialsNonExpired: true; AccountNonLocked: true; Granted Authorities: com.fool.demo.service.UserService$$Lambda$1499/0x0000000100a1a440@5da20973; Credentials: [PROTECTED]; Authenticated: true; Details: org.springframework.security.web.authentication.WebAuthenticationDetails@b364: RemoteIpAddress: 0:0:0:0:0:0:0:1; SessionId: null; Granted Authorities: com.fool.demo.service.UserService$$Lambda$1499/0x0000000100a1a440@5da20973
2021-10-21 10:43:42 [ec-4] DEBUG d.i.CustomizeAbstractSecurityInterceptor : Authorization successful
2021-10-21 10:43:42 [ec-4] DEBUG d.i.CustomizeAbstractSecurityInterceptor : RunAsManager did not change Authentication object
2021-10-21 10:43:55 [ec-5] DEBUG d.i.CustomizeAbstractSecurityInterceptor : Secure object: FilterInvocation: URL: /empty; Attributes: [ADMIN]
2021-10-21 10:43:55 [ec-5] DEBUG d.i.CustomizeAbstractSecurityInterceptor : Previously Authenticated: org.springframework.security.authentication.UsernamePasswordAuthenticationToken@a26d49b5: Principal: org.springframework.security.core.userdetails.User@300c66: Username: fool; Password: [PROTECTED]; Enabled: true; AccountNonExpired: true; credentialsNonExpired: true; AccountNonLocked: true; Granted Authorities: com.fool.demo.service.UserService$$Lambda$1499/0x0000000100a1a440@5da20973; Credentials: [PROTECTED]; Authenticated: true; Details: org.springframework.security.web.authentication.WebAuthenticationDetails@b364: RemoteIpAddress: 0:0:0:0:0:0:0:1; SessionId: null; Granted Authorities: com.fool.demo.service.UserService$$Lambda$1499/0x0000000100a1a440@5da20973
2021-10-21 10:43:55 [ec-5] DEBUG d.i.CustomizeAbstractSecurityInterceptor : Authorization successful
2021-10-21 10:43:55 [ec-5] DEBUG d.i.CustomizeAbstractSecurityInterceptor : RunAsManager did not change Authentication object
2021-10-21 10:44:13 [ec-5] DEBUG d.i.CustomizeAbstractSecurityInterceptor : Secure object: FilterInvocation: URL: /empty; Attributes: [ADMIN]
2021-10-21 10:44:13 [ec-5] DEBUG d.i.CustomizeAbstractSecurityInterceptor : Previously Authenticated: org.springframework.security.authentication.UsernamePasswordAuthenticationToken@a26d49b5: Principal: org.springframework.security.core.userdetails.User@300c66: Username: fool; Password: [PROTECTED]; Enabled: true; AccountNonExpired: true; credentialsNonExpired: true; AccountNonLocked: true; Granted Authorities: com.fool.demo.service.UserService$$Lambda$1499/0x0000000100a1a440@5da20973; Credentials: [PROTECTED]; Authenticated: true; Details: org.springframework.security.web.authentication.WebAuthenticationDetails@b364: RemoteIpAddress: 0:0:0:0:0:0:0:1; SessionId: null; Granted Authorities: com.fool.demo.service.UserService$$Lambda$1499/0x0000000100a1a440@5da20973
2021-10-21 10:44:13 [ec-5] DEBUG d.i.CustomizeAbstractSecurityInterceptor : Authorization successful
2021-10-21 10:44:13 [ec-5] DEBUG d.i.CustomizeAbstractSecurityInterceptor : RunAsManager did not change Authentication object
2021-10-21 10:44:43 [ec-8] DEBUG d.i.CustomizeAbstractSecurityInterceptor : Secure object: FilterInvocation: URL: /empty; Attributes: [ADMIN]
2021-10-21 10:44:43 [ec-8] DEBUG d.i.CustomizeAbstractSecurityInterceptor : Previously Authenticated: org.springframework.security.authentication.UsernamePasswordAuthenticationToken@a26d49b5: Principal: org.springframework.security.core.userdetails.User@300c66: Username: fool; Password: [PROTECTED]; Enabled: true; AccountNonExpired: true; credentialsNonExpired: true; AccountNonLocked: true; Granted Authorities: com.fool.demo.service.UserService$$Lambda$1499/0x0000000100a1a440@5da20973; Credentials: [PROTECTED]; Authenticated: true; Details: org.springframework.security.web.authentication.WebAuthenticationDetails@b364: RemoteIpAddress: 0:0:0:0:0:0:0:1; SessionId: null; Granted Authorities: com.fool.demo.service.UserService$$Lambda$1499/0x0000000100a1a440@5da20973
2021-10-21 10:44:43 [ec-8] DEBUG d.i.CustomizeAbstractSecurityInterceptor : Authorization successful
2021-10-21 10:44:43 [ec-8] DEBUG d.i.CustomizeAbstractSecurityInterceptor : RunAsManager did not change Authentication object
2021-10-21 10:44:44 [ec-8] DEBUG d.i.CustomizeAbstractSecurityInterceptor : Secure object: FilterInvocation: URL: /empty; Attributes: [ADMIN]
2021-10-21 10:44:44 [ec-8] DEBUG d.i.CustomizeAbstractSecurityInterceptor : Previously Authenticated: org.springframework.security.authentication.UsernamePasswordAuthenticationToken@a26d49b5: Principal: org.springframework.security.core.userdetails.User@300c66: Username: fool; Password: [PROTECTED]; Enabled: true; AccountNonExpired: true; credentialsNonExpired: true; AccountNonLocked: true; Granted Authorities: com.fool.demo.service.UserService$$Lambda$1499/0x0000000100a1a440@5da20973; Credentials: [PROTECTED]; Authenticated: true; Details: org.springframework.security.web.authentication.WebAuthenticationDetails@b364: RemoteIpAddress: 0:0:0:0:0:0:0:1; SessionId: null; Granted Authorities: com.fool.demo.service.UserService$$Lambda$1499/0x0000000100a1a440@5da20973
2021-10-21 10:44:44 [ec-8] DEBUG d.i.CustomizeAbstractSecurityInterceptor : Authorization successful
2021-10-21 10:44:44 [ec-8] DEBUG d.i.CustomizeAbstractSecurityInterceptor : RunAsManager did not change Authentication object
2021-10-21 10:45:17 [ec-9] DEBUG d.i.CustomizeAbstractSecurityInterceptor : Secure object: FilterInvocation: URL: /empty; Attributes: [ADMIN]
2021-10-21 10:45:17 [ec-9] DEBUG d.i.CustomizeAbstractSecurityInterceptor : Previously Authenticated: org.springframework.security.authentication.UsernamePasswordAuthenticationToken@a26d49b5: Principal: org.springframework.security.core.userdetails.User@300c66: Username: fool; Password: [PROTECTED]; Enabled: true; AccountNonExpired: true; credentialsNonExpired: true; AccountNonLocked: true; Granted Authorities: com.fool.demo.service.UserService$$Lambda$1499/0x0000000100a1a440@5da20973; Credentials: [PROTECTED]; Authenticated: true; Details: org.springframework.security.web.authentication.WebAuthenticationDetails@b364: RemoteIpAddress: 0:0:0:0:0:0:0:1; SessionId: null; Granted Authorities: com.fool.demo.service.UserService$$Lambda$1499/0x0000000100a1a440@5da20973
2021-10-21 10:45:17 [ec-9] DEBUG d.i.CustomizeAbstractSecurityInterceptor : Authorization successful
2021-10-21 10:45:17 [ec-9] DEBUG d.i.CustomizeAbstractSecurityInterceptor : RunAsManager did not change Authentication object
2021-10-21 10:45:30 [ec-9] DEBUG d.i.CustomizeAbstractSecurityInterceptor : Secure object: FilterInvocation: URL: /empty; Attributes: [ADMIN]
2021-10-21 10:45:30 [ec-9] DEBUG d.i.CustomizeAbstractSecurityInterceptor : Previously Authenticated: org.springframework.security.authentication.UsernamePasswordAuthenticationToken@a26d49b5: Principal: org.springframework.security.core.userdetails.User@300c66: Username: fool; Password: [PROTECTED]; Enabled: true; AccountNonExpired: true; credentialsNonExpired: true; AccountNonLocked: true; Granted Authorities: com.fool.demo.service.UserService$$Lambda$1499/0x0000000100a1a440@5da20973; Credentials: [PROTECTED]; Authenticated: true; Details: org.springframework.security.web.authentication.WebAuthenticationDetails@b364: RemoteIpAddress: 0:0:0:0:0:0:0:1; SessionId: null; Granted Authorities: com.fool.demo.service.UserService$$Lambda$1499/0x0000000100a1a440@5da20973
2021-10-21 10:45:30 [ec-9] DEBUG d.i.CustomizeAbstractSecurityInterceptor : Authorization successful
2021-10-21 10:45:30 [ec-9] DEBUG d.i.CustomizeAbstractSecurityInterceptor : RunAsManager did not change Authentication object
2021-10-21 10:46:32 [ec-6] DEBUG d.i.CustomizeAbstractSecurityInterceptor : Secure object: FilterInvocation: URL: /empty; Attributes: [ADMIN]
2021-10-21 10:46:54 [ec-6] DEBUG d.i.CustomizeAbstractSecurityInterceptor : Previously Authenticated: org.springframework.security.authentication.UsernamePasswordAuthenticationToken@a26d49b5: Principal: org.springframework.security.core.userdetails.User@300c66: Username: fool; Password: [PROTECTED]; Enabled: true; AccountNonExpired: true; credentialsNonExpired: true; AccountNonLocked: true; Granted Authorities: com.fool.demo.service.UserService$$Lambda$1499/0x0000000100a1a440@5da20973; Credentials: [PROTECTED]; Authenticated: true; Details: org.springframework.security.web.authentication.WebAuthenticationDetails@b364: RemoteIpAddress: 0:0:0:0:0:0:0:1; SessionId: null; Granted Authorities: com.fool.demo.service.UserService$$Lambda$1499/0x0000000100a1a440@5da20973
2021-10-21 10:47:26 [ec-6] DEBUG d.i.CustomizeAbstractSecurityInterceptor : Authorization successful
2021-10-21 10:47:33 [ec-6] DEBUG d.i.CustomizeAbstractSecurityInterceptor : RunAsManager did not change Authentication object
2021-10-21 10:48:34 [ec-6] DEBUG d.i.CustomizeAbstractSecurityInterceptor : Secure object: FilterInvocation: URL: /empty; Attributes: [ADMIN]
2021-10-21 10:48:34 [ec-6] DEBUG d.i.CustomizeAbstractSecurityInterceptor : Previously Authenticated: org.springframework.security.authentication.UsernamePasswordAuthenticationToken@a26d49b5: Principal: org.springframework.security.core.userdetails.User@300c66: Username: fool; Password: [PROTECTED]; Enabled: true; AccountNonExpired: true; credentialsNonExpired: true; AccountNonLocked: true; Granted Authorities: com.fool.demo.service.UserService$$Lambda$1499/0x0000000100a1a440@5da20973; Credentials: [PROTECTED]; Authenticated: true; Details: org.springframework.security.web.authentication.WebAuthenticationDetails@b364: RemoteIpAddress: 0:0:0:0:0:0:0:1; SessionId: null; Granted Authorities: com.fool.demo.service.UserService$$Lambda$1499/0x0000000100a1a440@5da20973
2021-10-21 10:48:34 [ec-6] DEBUG d.i.CustomizeAbstractSecurityInterceptor : Authorization successful
2021-10-21 10:48:34 [ec-6] DEBUG d.i.CustomizeAbstractSecurityInterceptor : RunAsManager did not change Authentication object
2021-10-21 10:50:08 [ec-7] DEBUG d.i.CustomizeAbstractSecurityInterceptor : Secure object: FilterInvocation: URL: /empty; Attributes: [ADMIN]
2021-10-21 10:50:08 [ec-7] DEBUG d.i.CustomizeAbstractSecurityInterceptor : Previously Authenticated: org.springframework.security.authentication.UsernamePasswordAuthenticationToken@a26d49b5: Principal: org.springframework.security.core.userdetails.User@300c66: Username: fool; Password: [PROTECTED]; Enabled: true; AccountNonExpired: true; credentialsNonExpired: true; AccountNonLocked: true; Granted Authorities: com.fool.demo.service.UserService$$Lambda$1499/0x0000000100a1a440@5da20973; Credentials: [PROTECTED]; Authenticated: true; Details: org.springframework.security.web.authentication.WebAuthenticationDetails@b364: RemoteIpAddress: 0:0:0:0:0:0:0:1; SessionId: null; Granted Authorities: com.fool.demo.service.UserService$$Lambda$1499/0x0000000100a1a440@5da20973
2021-10-21 10:50:08 [ec-7] DEBUG d.i.CustomizeAbstractSecurityInterceptor : Authorization successful
2021-10-21 10:50:08 [ec-7] DEBUG d.i.CustomizeAbstractSecurityInterceptor : RunAsManager did not change Authentication object
2021-10-21 10:50:10 [ec-7] DEBUG d.i.CustomizeAbstractSecurityInterceptor : Secure object: FilterInvocation: URL: /empty; Attributes: [ADMIN]
2021-10-21 10:50:10 [ec-7] DEBUG d.i.CustomizeAbstractSecurityInterceptor : Previously Authenticated: org.springframework.security.authentication.UsernamePasswordAuthenticationToken@a26d49b5: Principal: org.springframework.security.core.userdetails.User@300c66: Username: fool; Password: [PROTECTED]; Enabled: true; AccountNonExpired: true; credentialsNonExpired: true; AccountNonLocked: true; Granted Authorities: com.fool.demo.service.UserService$$Lambda$1499/0x0000000100a1a440@5da20973; Credentials: [PROTECTED]; Authenticated: true; Details: org.springframework.security.web.authentication.WebAuthenticationDetails@b364: RemoteIpAddress: 0:0:0:0:0:0:0:1; SessionId: null; Granted Authorities: com.fool.demo.service.UserService$$Lambda$1499/0x0000000100a1a440@5da20973
2021-10-21 10:50:10 [ec-7] DEBUG d.i.CustomizeAbstractSecurityInterceptor : Authorization successful
2021-10-21 10:50:10 [ec-7] DEBUG d.i.CustomizeAbstractSecurityInterceptor : RunAsManager did not change Authentication object
2021-10-21 10:50:16 [c-10] DEBUG d.i.CustomizeAbstractSecurityInterceptor : Secure object: FilterInvocation: URL: /empty; Attributes: [ADMIN]
2021-10-21 10:50:16 [c-10] DEBUG d.i.CustomizeAbstractSecurityInterceptor : Previously Authenticated: org.springframework.security.authentication.UsernamePasswordAuthenticationToken@a26d49b5: Principal: org.springframework.security.core.userdetails.User@300c66: Username: fool; Password: [PROTECTED]; Enabled: true; AccountNonExpired: true; credentialsNonExpired: true; AccountNonLocked: true; Granted Authorities: com.fool.demo.service.UserService$$Lambda$1499/0x0000000100a1a440@5da20973; Credentials: [PROTECTED]; Authenticated: true; Details: org.springframework.security.web.authentication.WebAuthenticationDetails@b364: RemoteIpAddress: 0:0:0:0:0:0:0:1; SessionId: null; Granted Authorities: com.fool.demo.service.UserService$$Lambda$1499/0x0000000100a1a440@5da20973
2021-10-21 10:50:16 [c-10] DEBUG d.i.CustomizeAbstractSecurityInterceptor : Authorization successful
2021-10-21 10:50:16 [c-10] DEBUG d.i.CustomizeAbstractSecurityInterceptor : RunAsManager did not change Authentication object
2021-10-21 10:50:17 [c-10] DEBUG d.i.CustomizeAbstractSecurityInterceptor : Secure object: FilterInvocation: URL: /empty; Attributes: [ADMIN]
2021-10-21 10:50:17 [c-10] DEBUG d.i.CustomizeAbstractSecurityInterceptor : Previously Authenticated: org.springframework.security.authentication.UsernamePasswordAuthenticationToken@a26d49b5: Principal: org.springframework.security.core.userdetails.User@300c66: Username: fool; Password: [PROTECTED]; Enabled: true; AccountNonExpired: true; credentialsNonExpired: true; AccountNonLocked: true; Granted Authorities: com.fool.demo.service.UserService$$Lambda$1499/0x0000000100a1a440@5da20973; Credentials: [PROTECTED]; Authenticated: true; Details: org.springframework.security.web.authentication.WebAuthenticationDetails@b364: RemoteIpAddress: 0:0:0:0:0:0:0:1; SessionId: null; Granted Authorities: com.fool.demo.service.UserService$$Lambda$1499/0x0000000100a1a440@5da20973
2021-10-21 10:50:17 [c-10] DEBUG d.i.CustomizeAbstractSecurityInterceptor : Authorization successful
2021-10-21 10:50:17 [c-10] DEBUG d.i.CustomizeAbstractSecurityInterceptor : RunAsManager did not change Authentication object
2021-10-21 10:50:39 [ec-1] DEBUG d.i.CustomizeAbstractSecurityInterceptor : Secure object: FilterInvocation: URL: /empty; Attributes: [ADMIN]
2021-10-21 10:50:42 [ec-1] DEBUG d.i.CustomizeAbstractSecurityInterceptor : Previously Authenticated: org.springframework.security.authentication.UsernamePasswordAuthenticationToken@a26d49b5: Principal: org.springframework.security.core.userdetails.User@300c66: Username: fool; Password: [PROTECTED]; Enabled: true; AccountNonExpired: true; credentialsNonExpired: true; AccountNonLocked: true; Granted Authorities: com.fool.demo.service.UserService$$Lambda$1499/0x0000000100a1a440@5da20973; Credentials: [PROTECTED]; Authenticated: true; Details: org.springframework.security.web.authentication.WebAuthenticationDetails@b364: RemoteIpAddress: 0:0:0:0:0:0:0:1; SessionId: null; Granted Authorities: com.fool.demo.service.UserService$$Lambda$1499/0x0000000100a1a440@5da20973
2021-10-21 10:50:49 [ec-1] DEBUG d.i.CustomizeAbstractSecurityInterceptor : Authorization successful
2021-10-21 10:50:49 [ec-1] DEBUG d.i.CustomizeAbstractSecurityInterceptor : RunAsManager did not change Authentication object
2021-10-21 10:50:50 [ec-1] DEBUG d.i.CustomizeAbstractSecurityInterceptor : Secure object: FilterInvocation: URL: /empty; Attributes: [ADMIN]
2021-10-21 10:50:50 [ec-1] DEBUG d.i.CustomizeAbstractSecurityInterceptor : Previously Authenticated: org.springframework.security.authentication.UsernamePasswordAuthenticationToken@a26d49b5: Principal: org.springframework.security.core.userdetails.User@300c66: Username: fool; Password: [PROTECTED]; Enabled: true; AccountNonExpired: true; credentialsNonExpired: true; AccountNonLocked: true; Granted Authorities: com.fool.demo.service.UserService$$Lambda$1499/0x0000000100a1a440@5da20973; Credentials: [PROTECTED]; Authenticated: true; Details: org.springframework.security.web.authentication.WebAuthenticationDetails@b364: RemoteIpAddress: 0:0:0:0:0:0:0:1; SessionId: null; Granted Authorities: com.fool.demo.service.UserService$$Lambda$1499/0x0000000100a1a440@5da20973
2021-10-21 10:50:50 [ec-1] DEBUG d.i.CustomizeAbstractSecurityInterceptor : Authorization successful
2021-10-21 10:50:50 [ec-1] DEBUG d.i.CustomizeAbstractSecurityInterceptor : RunAsManager did not change Authentication object
2021-10-21 10:50:58 [ec-2] DEBUG d.i.CustomizeAbstractSecurityInterceptor : Secure object: FilterInvocation: URL: /empty; Attributes: [ADMIN]
2021-10-21 10:50:58 [ec-2] DEBUG d.i.CustomizeAbstractSecurityInterceptor : Previously Authenticated: org.springframework.security.authentication.UsernamePasswordAuthenticationToken@a26d49b5: Principal: org.springframework.security.core.userdetails.User@300c66: Username: fool; Password: [PROTECTED]; Enabled: true; AccountNonExpired: true; credentialsNonExpired: true; AccountNonLocked: true; Granted Authorities: com.fool.demo.service.UserService$$Lambda$1499/0x0000000100a1a440@5da20973; Credentials: [PROTECTED]; Authenticated: true; Details: org.springframework.security.web.authentication.WebAuthenticationDetails@b364: RemoteIpAddress: 0:0:0:0:0:0:0:1; SessionId: null; Granted Authorities: com.fool.demo.service.UserService$$Lambda$1499/0x0000000100a1a440@5da20973
2021-10-21 10:50:58 [ec-2] DEBUG d.i.CustomizeAbstractSecurityInterceptor : Authorization successful
2021-10-21 10:50:58 [ec-2] DEBUG d.i.CustomizeAbstractSecurityInterceptor : RunAsManager did not change Authentication object
2021-10-21 10:50:58 [ec-2] DEBUG d.i.CustomizeAbstractSecurityInterceptor : Secure object: FilterInvocation: URL: /empty; Attributes: [ADMIN]
2021-10-21 10:50:58 [ec-2] DEBUG d.i.CustomizeAbstractSecurityInterceptor : Previously Authenticated: org.springframework.security.authentication.UsernamePasswordAuthenticationToken@a26d49b5: Principal: org.springframework.security.core.userdetails.User@300c66: Username: fool; Password: [PROTECTED]; Enabled: true; AccountNonExpired: true; credentialsNonExpired: true; AccountNonLocked: true; Granted Authorities: com.fool.demo.service.UserService$$Lambda$1499/0x0000000100a1a440@5da20973; Credentials: [PROTECTED]; Authenticated: true; Details: org.springframework.security.web.authentication.WebAuthenticationDetails@b364: RemoteIpAddress: 0:0:0:0:0:0:0:1; SessionId: null; Granted Authorities: com.fool.demo.service.UserService$$Lambda$1499/0x0000000100a1a440@5da20973
2021-10-21 10:50:58 [ec-2] DEBUG d.i.CustomizeAbstractSecurityInterceptor : Authorization successful
2021-10-21 10:50:58 [ec-2] DEBUG d.i.CustomizeAbstractSecurityInterceptor : RunAsManager did not change Authentication object
2021-10-21 10:51:46 [ec-3] DEBUG d.i.CustomizeAbstractSecurityInterceptor : Secure object: FilterInvocation: URL: /empty; Attributes: [ADMIN]
2021-10-21 10:51:54 [ec-3] DEBUG d.i.CustomizeAbstractSecurityInterceptor : Previously Authenticated: org.springframework.security.authentication.UsernamePasswordAuthenticationToken@a26d49b5: Principal: org.springframework.security.core.userdetails.User@300c66: Username: fool; Password: [PROTECTED]; Enabled: true; AccountNonExpired: true; credentialsNonExpired: true; AccountNonLocked: true; Granted Authorities: com.fool.demo.service.UserService$$Lambda$1499/0x0000000100a1a440@5da20973; Credentials: [PROTECTED]; Authenticated: true; Details: org.springframework.security.web.authentication.WebAuthenticationDetails@b364: RemoteIpAddress: 0:0:0:0:0:0:0:1; SessionId: null; Granted Authorities: com.fool.demo.service.UserService$$Lambda$1499/0x0000000100a1a440@5da20973
2021-10-21 10:52:48 [ec-3] DEBUG d.i.CustomizeAbstractSecurityInterceptor : Authorization successful
2021-10-21 10:53:09 [ec-3] DEBUG d.i.CustomizeAbstractSecurityInterceptor : RunAsManager did not change Authentication object
2021-10-21 10:56:58 [ec-3] DEBUG d.i.CustomizeAbstractSecurityInterceptor : Secure object: FilterInvocation: URL: /empty; Attributes: [ADMIN]
2021-10-21 10:56:58 [ec-3] DEBUG d.i.CustomizeAbstractSecurityInterceptor : Previously Authenticated: org.springframework.security.authentication.UsernamePasswordAuthenticationToken@a26d49b5: Principal: org.springframework.security.core.userdetails.User@300c66: Username: fool; Password: [PROTECTED]; Enabled: true; AccountNonExpired: true; credentialsNonExpired: true; AccountNonLocked: true; Granted Authorities: com.fool.demo.service.UserService$$Lambda$1499/0x0000000100a1a440@5da20973; Credentials: [PROTECTED]; Authenticated: true; Details: org.springframework.security.web.authentication.WebAuthenticationDetails@b364: RemoteIpAddress: 0:0:0:0:0:0:0:1; SessionId: null; Granted Authorities: com.fool.demo.service.UserService$$Lambda$1499/0x0000000100a1a440@5da20973
2021-10-21 10:56:58 [ec-3] DEBUG d.i.CustomizeAbstractSecurityInterceptor : Authorization successful
2021-10-21 10:56:58 [ec-3] DEBUG d.i.CustomizeAbstractSecurityInterceptor : RunAsManager did not change Authentication object
2021-10-21 10:57:45 [main] DEBUG com.fool.demo.DemoApplication            : Running with Spring Boot v2.3.4.RELEASE, Spring v5.2.9.RELEASE
2021-10-21 10:57:52 [main] DEBUG c.f.d.r.ApplicationRunnerImpl            : Info Test
2021-10-21 10:58:12 [ec-4] DEBUG d.i.CustomizeAbstractSecurityInterceptor : Secure object: FilterInvocation: URL: /empty; Attributes: [ADMIN]
2021-10-21 10:58:12 [ec-4] DEBUG d.i.CustomizeAbstractSecurityInterceptor : Previously Authenticated: org.springframework.security.authentication.UsernamePasswordAuthenticationToken@cbcd1b87: Principal: org.springframework.security.core.userdetails.User@300c66: Username: fool; Password: [PROTECTED]; Enabled: true; AccountNonExpired: true; credentialsNonExpired: true; AccountNonLocked: true; Granted Authorities: com.fool.demo.service.UserService$$Lambda$1502/0x0000000100a5f440@3406dc7d; Credentials: [PROTECTED]; Authenticated: true; Details: org.springframework.security.web.authentication.WebAuthenticationDetails@43458: RemoteIpAddress: 0:0:0:0:0:0:0:1; SessionId: 93CF31DC2BFA78BC88BC54CD1A003322; Granted Authorities: com.fool.demo.service.UserService$$Lambda$1502/0x0000000100a5f440@3406dc7d
2021-10-21 10:58:12 [ec-4] DEBUG d.i.CustomizeAbstractSecurityInterceptor : Authorization successful
2021-10-21 10:58:12 [ec-4] DEBUG d.i.CustomizeAbstractSecurityInterceptor : RunAsManager did not change Authentication object
2021-10-21 10:58:53 [main] DEBUG com.fool.demo.DemoApplication            : Running with Spring Boot v2.3.4.RELEASE, Spring v5.2.9.RELEASE
2021-10-21 10:59:00 [main] DEBUG c.f.d.r.ApplicationRunnerImpl            : Info Test
2021-10-21 11:16:51 [ec-4] DEBUG zeFilterInvocationSecurityMetadataSource : Request url:/hello-world
2021-10-21 11:17:49 [ec-5] DEBUG zeFilterInvocationSecurityMetadataSource : Request url:/hello-world
2021-10-21 11:41:34 [main] DEBUG com.fool.demo.DemoApplication            : Running with Spring Boot v2.3.4.RELEASE, Spring v5.2.9.RELEASE
2021-10-21 11:41:40 [main] DEBUG c.f.d.r.ApplicationRunnerImpl            : Info Test
2021-10-21 11:41:46 [ec-2] DEBUG zeFilterInvocationSecurityMetadataSource : Request url:/hello-world
2021-10-21 11:41:53 [ec-4] DEBUG zeFilterInvocationSecurityMetadataSource : Request url:/empty
2021-10-21 13:31:55 [main] DEBUG com.fool.demo.DemoApplication            : Running with Spring Boot v2.3.4.RELEASE, Spring v5.2.9.RELEASE
2021-10-21 13:32:04 [main] DEBUG c.f.d.r.ApplicationRunnerImpl            : Info Test
2021-10-21 13:32:22 [ec-2] DEBUG zeFilterInvocationSecurityMetadataSource : Request url:/hello-world
2021-10-21 13:32:40 [ec-3] DEBUG zeFilterInvocationSecurityMetadataSource : Request url:/random-student
2021-10-21 13:32:49 [ec-4] DEBUG zeFilterInvocationSecurityMetadataSource : Request url:/random-student?name=111
2021-10-21 13:32:55 [ec-5] DEBUG zeFilterInvocationSecurityMetadataSource : Request url:/random-student?name=111
2021-10-21 13:32:55 [ec-6] DEBUG zeFilterInvocationSecurityMetadataSource : Request url:/random-student?name=111
2021-10-21 13:33:46 [ec-7] DEBUG zeFilterInvocationSecurityMetadataSource : Request url:/random-student?name=111
2021-10-21 13:53:19 [c-10] DEBUG zeFilterInvocationSecurityMetadataSource : Request url:/random-student?name=111
2021-10-21 13:53:19 [c-10] DEBUG zeFilterInvocationSecurityMetadataSource : Request full url:http://localhost:6666/random-student?name=111
2021-10-21 15:38:45 [main] DEBUG com.fool.demo.DemoApplication            : Running with Spring Boot v2.3.4.RELEASE, Spring v5.2.9.RELEASE
2021-10-21 15:38:52 [main] DEBUG c.f.d.r.ApplicationRunnerImpl            : Info Test
2021-10-21 15:39:18 [ec-2] DEBUG zeFilterInvocationSecurityMetadataSource : Request url:/hello-world
2021-10-21 15:57:48 [ec-4] DEBUG zeFilterInvocationSecurityMetadataSource : Request url:/hello-world
2021-10-21 16:00:45 [ec-5] DEBUG zeFilterInvocationSecurityMetadataSource : Request url:/hello-world
2021-10-21 16:27:19 [ec-6] DEBUG zeFilterInvocationSecurityMetadataSource : Request url:/hello-world
2021-10-21 16:27:33 [main] DEBUG com.fool.demo.DemoApplication            : Running with Spring Boot v2.3.4.RELEASE, Spring v5.2.9.RELEASE
2021-10-21 16:27:39 [main] DEBUG c.f.d.r.ApplicationRunnerImpl            : Info Test
2021-10-21 16:27:55 [ec-2] DEBUG zeFilterInvocationSecurityMetadataSource : Request url:/hello-world
2021-10-21 16:28:07 [ec-4] DEBUG zeFilterInvocationSecurityMetadataSource : Request url:/hello-world
2021-10-21 17:10:38 [main] DEBUG com.fool.demo.DemoApplication            : Running with Spring Boot v2.3.4.RELEASE, Spring v5.2.9.RELEASE
2021-10-21 17:10:40 [main] DEBUG c.f.d.f.JwtAuthenticationFilter          : Filter 'jwtAuthenticationFilter' configured for use
2021-10-21 17:10:44 [main] DEBUG c.f.d.r.ApplicationRunnerImpl            : Info Test
2021-10-21 17:11:54 [ec-4] DEBUG zeFilterInvocationSecurityMetadataSource : Request url:/hello-world
2021-10-21 17:12:22 [ec-3] DEBUG zeFilterInvocationSecurityMetadataSource : Request url:/hello-world
