2021-12-16 11:37:02 [main] DEBUG com.fool.demo.DemoApplication            : Running with Spring Boot v2.3.4.RELEASE, Spring v5.2.9.RELEASE
2021-12-16 11:37:04 [main] DEBUG c.f.d.f.JwtAuthenticationFilter          : Filter 'jwtAuthenticationFilter' configured for use
2021-12-16 11:39:26 [main] DEBUG com.fool.demo.DemoApplication            : Running with Spring Boot v2.3.4.RELEASE, Spring v5.2.9.RELEASE
2021-12-16 11:39:29 [main] DEBUG c.f.d.f.JwtAuthenticationFilter          : Filter 'jwtAuthenticationFilter' configured for use
2021-12-16 11:40:28 [main] DEBUG com.fool.demo.DemoApplication            : Running with Spring Boot v2.3.4.RELEASE, Spring v5.2.9.RELEASE
2021-12-16 11:40:30 [main] DEBUG c.f.d.f.JwtAuthenticationFilter          : Filter 'jwtAuthenticationFilter' configured for use
2021-12-16 11:40:34 [main] DEBUG c.f.d.r.ApplicationRunnerImpl            : Info Test
2021-12-16 11:44:00 [main] DEBUG com.fool.demo.DemoApplication            : Running with Spring Boot v2.3.4.RELEASE, Spring v5.2.9.RELEASE
2021-12-16 11:44:02 [main] DEBUG c.f.d.f.JwtAuthenticationFilter          : Filter 'jwtAuthenticationFilter' configured for use
2021-12-16 11:44:08 [main] DEBUG c.f.d.r.ApplicationRunnerImpl            : Info Test
2021-12-16 13:16:55 [main] DEBUG com.fool.demo.DemoApplication            : Running with Spring Boot v2.3.4.RELEASE, Spring v5.2.9.RELEASE
2021-12-16 13:16:58 [main] DEBUG c.f.d.f.JwtAuthenticationFilter          : Filter 'jwtAuthenticationFilter' configured for use
2021-12-16 13:17:03 [main] DEBUG c.f.d.r.ApplicationRunnerImpl            : Info Test
2021-12-16 13:18:34 [main] DEBUG com.fool.demo.DemoApplication            : Running with Spring Boot v2.3.4.RELEASE, Spring v5.2.9.RELEASE
2021-12-16 13:18:36 [main] DEBUG c.f.d.f.JwtAuthenticationFilter          : Filter 'jwtAuthenticationFilter' configured for use
2021-12-16 13:22:18 [main] DEBUG com.fool.demo.DemoApplication            : Running with Spring Boot v2.3.4.RELEASE, Spring v5.2.9.RELEASE
2021-12-16 13:22:21 [main] DEBUG c.f.d.f.JwtAuthenticationFilter          : Filter 'jwtAuthenticationFilter' configured for use
2021-12-16 13:22:28 [main] DEBUG c.f.d.r.ApplicationRunnerImpl            : Info Test
2021-12-16 13:30:14 [ec-1] DEBUG c.f.d.m.UserMapper.selectByEmail         : ==>  Preparing: select * from user where email = ?
2021-12-16 13:30:14 [ec-1] DEBUG c.f.d.m.UserMapper.selectByEmail         : ==> Parameters: admin(String)
2021-12-16 13:30:14 [ec-1] DEBUG c.f.d.m.UserMapper.selectByEmail         : <==      Total: 0
2021-12-16 13:32:37 [ec-4] DEBUG c.f.d.m.UserMapper.selectByEmail         : ==>  Preparing: select * from user where email = ?
2021-12-16 13:32:37 [ec-4] DEBUG c.f.d.m.UserMapper.selectByEmail         : ==> Parameters: admin(String)
2021-12-16 13:32:37 [ec-4] DEBUG c.f.d.m.UserMapper.selectByEmail         : <==      Total: 0
2021-12-16 13:32:54 [ec-5] DEBUG c.f.d.m.UserMapper.selectByEmail         : ==>  Preparing: select * from user where email = ?
2021-12-16 13:32:54 [ec-5] DEBUG c.f.d.m.UserMapper.selectByEmail         : ==> Parameters: admin@admin.com(String)
2021-12-16 13:32:55 [ec-5] DEBUG c.f.d.m.UserMapper.selectByEmail         : <==      Total: 1
2021-12-16 13:32:56 [ec-5] DEBUG c.f.d.m.R.selectByUserId                 : ==>  Preparing: select r.* from User_Role_Relation urr join Role r on r.id = urr.ROLE_ID where urr.USER_ID = ?
2021-12-16 13:32:56 [ec-5] DEBUG c.f.d.m.R.selectByUserId                 : ==> Parameters: 1(Integer)
2021-12-16 13:32:56 [ec-5] DEBUG c.f.d.m.R.selectByUserId                 : <==      Total: 0
2021-12-16 13:34:09 [ec-6] DEBUG zeFilterInvocationSecurityMetadataSource : Request url:/noneReturnAsync
2021-12-16 13:34:09 [ec-6] DEBUG c.f.d.m.A.selectRolesByUrl               : ==>  Preparing: select r.* from role_authority_relation rar join authority a on a.id = rar.AUTHORITY_ID join role r on r.id = rar.ROLE_ID where a.URL = ?
2021-12-16 13:34:09 [ec-6] DEBUG c.f.d.m.A.selectRolesByUrl               : ==> Parameters: /noneReturnAsync(String)
2021-12-16 13:34:09 [ec-6] DEBUG c.f.d.m.A.selectRolesByUrl               : <==      Total: 0
2021-12-16 13:34:45 [ec-7] DEBUG zeFilterInvocationSecurityMetadataSource : Request url:/noneReturnAsync
2021-12-16 13:34:48 [ec-7] DEBUG c.f.d.m.A.selectRolesByUrl               : ==>  Preparing: select r.* from role_authority_relation rar join authority a on a.id = rar.AUTHORITY_ID join role r on r.id = rar.ROLE_ID where a.URL = ?
2021-12-16 13:34:48 [ec-7] DEBUG c.f.d.m.A.selectRolesByUrl               : ==> Parameters: /noneReturnAsync(String)
2021-12-16 13:34:48 [ec-7] DEBUG c.f.d.m.A.selectRolesByUrl               : <==      Total: 0
2021-12-16 13:38:04 [ec-9] DEBUG zeFilterInvocationSecurityMetadataSource : Request url:/noneReturnAsync
2021-12-16 13:38:04 [ec-9] DEBUG c.f.d.m.A.selectRolesByUrl               : ==>  Preparing: select r.* from role_authority_relation rar join authority a on a.id = rar.AUTHORITY_ID join role r on r.id = rar.ROLE_ID where a.URL = ?
2021-12-16 13:38:04 [ec-9] DEBUG c.f.d.m.A.selectRolesByUrl               : ==> Parameters: /noneReturnAsync(String)
2021-12-16 13:38:04 [ec-9] DEBUG c.f.d.m.A.selectRolesByUrl               : <==      Total: 0
2021-12-16 13:38:15 [c-10] DEBUG zeFilterInvocationSecurityMetadataSource : Request url:/noneReturnAsync
2021-12-16 13:38:15 [c-10] DEBUG c.f.d.m.A.selectRolesByUrl               : ==>  Preparing: select r.* from role_authority_relation rar join authority a on a.id = rar.AUTHORITY_ID join role r on r.id = rar.ROLE_ID where a.URL = ?
2021-12-16 13:38:15 [c-10] DEBUG c.f.d.m.A.selectRolesByUrl               : ==> Parameters: /noneReturnAsync(String)
2021-12-16 13:38:15 [c-10] DEBUG c.f.d.m.A.selectRolesByUrl               : <==      Total: 0
2021-12-16 13:38:37 [ec-1] DEBUG zeFilterInvocationSecurityMetadataSource : Request url:/noneReturnAsync
2021-12-16 13:38:37 [ec-1] DEBUG c.f.d.m.A.selectRolesByUrl               : ==>  Preparing: select r.* from role_authority_relation rar join authority a on a.id = rar.AUTHORITY_ID join role r on r.id = rar.ROLE_ID where a.URL = ?
2021-12-16 13:38:37 [ec-1] DEBUG c.f.d.m.A.selectRolesByUrl               : ==> Parameters: /noneReturnAsync(String)
2021-12-16 13:38:37 [ec-1] DEBUG c.f.d.m.A.selectRolesByUrl               : <==      Total: 0
2021-12-16 13:40:07 [ec-4] DEBUG zeFilterInvocationSecurityMetadataSource : Request url:/noneReturnAsync
2021-12-16 13:40:09 [ec-4] DEBUG c.f.d.m.A.selectRolesByUrl               : ==>  Preparing: select r.* from role_authority_relation rar join authority a on a.id = rar.AUTHORITY_ID join role r on r.id = rar.ROLE_ID where a.URL = ?
2021-12-16 13:40:09 [ec-4] DEBUG c.f.d.m.A.selectRolesByUrl               : ==> Parameters: /noneReturnAsync(String)
2021-12-16 13:40:09 [ec-4] DEBUG c.f.d.m.A.selectRolesByUrl               : <==      Total: 0
