2021-12-17 14:21:10 [main] DEBUG com.fool.demo.DemoApplication            : Running with Spring Boot v2.3.4.RELEASE, Spring v5.2.9.RELEASE
2021-12-17 14:21:15 [main] DEBUG c.f.d.f.JwtAuthenticationFilter          : Filter 'jwtAuthenticationFilter' configured for use
2021-12-17 14:21:21 [main] DEBUG com.fool.demo.DemoApplication            : Running with Spring Boot v2.3.4.RELEASE, Spring v5.2.9.RELEASE
2021-12-17 14:21:30 [main] DEBUG c.f.d.f.JwtAuthenticationFilter          : Filter 'jwtAuthenticationFilter' configured for use
2021-12-17 14:24:06 [main] DEBUG com.fool.demo.DemoApplication            : Running with Spring Boot v2.3.4.RELEASE, Spring v5.2.9.RELEASE
2021-12-17 14:24:12 [main] DEBUG c.f.d.f.JwtAuthenticationFilter          : Filter 'jwtAuthenticationFilter' configured for use
2021-12-17 14:25:55 [main] DEBUG com.fool.demo.DemoApplication            : Running with Spring Boot v2.3.4.RELEASE, Spring v5.2.9.RELEASE
2021-12-17 14:26:02 [main] DEBUG c.f.d.f.JwtAuthenticationFilter          : Filter 'jwtAuthenticationFilter' configured for use
2021-12-17 14:54:15 [main] DEBUG com.fool.demo.DemoApplication            : Running with Spring Boot v2.3.4.RELEASE, Spring v5.2.9.RELEASE
2021-12-17 14:54:18 [main] DEBUG c.f.d.f.JwtAuthenticationFilter          : Filter 'jwtAuthenticationFilter' configured for use
2021-12-17 15:09:56 [main] DEBUG com.fool.demo.DemoApplication            : Running with Spring Boot v2.3.4.RELEASE, Spring v5.2.9.RELEASE
2021-12-17 15:10:00 [main] DEBUG c.f.d.f.JwtAuthenticationFilter          : Filter 'jwtAuthenticationFilter' configured for use
2021-12-17 15:13:37 [main] DEBUG com.fool.demo.DemoApplication            : Running with Spring Boot v2.3.4.RELEASE, Spring v5.2.9.RELEASE
2021-12-17 15:13:42 [main] DEBUG c.f.d.f.JwtAuthenticationFilter          : Filter 'jwtAuthenticationFilter' configured for use
2021-12-17 15:13:52 [main] DEBUG c.f.d.r.ApplicationRunnerImpl            : Info Test
2021-12-17 15:28:29 [ec-1] DEBUG zeFilterInvocationSecurityMetadataSource : Request url:/api/login
2021-12-17 15:28:29 [ec-1] DEBUG c.f.d.m.A.selectRolesByUrl               : ==>  Preparing: select r.* from role_authority_relation rar join authority a on a.id = rar.AUTHORITY_ID join role r on r.id = rar.ROLE_ID where a.URL = ?
2021-12-17 15:28:29 [ec-1] DEBUG c.f.d.m.A.selectRolesByUrl               : ==> Parameters: /api/login(String)
2021-12-17 15:28:30 [ec-1] DEBUG c.f.d.m.A.selectRolesByUrl               : <==      Total: 0
2021-12-17 15:28:42 [ec-2] DEBUG zeFilterInvocationSecurityMetadataSource : Request url:/api/login
2021-12-17 15:28:42 [ec-2] DEBUG c.f.d.m.A.selectRolesByUrl               : ==>  Preparing: select r.* from role_authority_relation rar join authority a on a.id = rar.AUTHORITY_ID join role r on r.id = rar.ROLE_ID where a.URL = ?
2021-12-17 15:28:42 [ec-2] DEBUG c.f.d.m.A.selectRolesByUrl               : ==> Parameters: /api/login(String)
2021-12-17 15:28:42 [ec-2] DEBUG c.f.d.m.A.selectRolesByUrl               : <==      Total: 0
2021-12-17 15:30:32 [ec-3] DEBUG c.f.d.m.UserMapper.selectByEmail         : ==>  Preparing: select * from user where email = ?
2021-12-17 15:30:32 [ec-3] DEBUG c.f.d.m.UserMapper.selectByEmail         : ==> Parameters: (String)
2021-12-17 15:30:32 [ec-4] DEBUG c.f.d.m.UserMapper.selectByEmail         : ==>  Preparing: select * from user where email = ?
2021-12-17 15:30:32 [ec-4] DEBUG c.f.d.m.UserMapper.selectByEmail         : ==> Parameters: (String)
2021-12-17 15:30:32 [ec-3] DEBUG c.f.d.m.UserMapper.selectByEmail         : <==      Total: 0
2021-12-17 15:30:32 [ec-4] DEBUG c.f.d.m.UserMapper.selectByEmail         : <==      Total: 0
2021-12-17 15:38:59 [ec-5] DEBUG c.f.d.m.UserMapper.selectByEmail         : ==>  Preparing: select * from user where email = ?
2021-12-17 15:38:59 [ec-5] DEBUG c.f.d.m.UserMapper.selectByEmail         : ==> Parameters: (String)
2021-12-17 15:38:59 [ec-5] DEBUG c.f.d.m.UserMapper.selectByEmail         : <==      Total: 0
2021-12-17 15:39:21 [ec-6] DEBUG c.f.d.m.UserMapper.selectByEmail         : ==>  Preparing: select * from user where email = ?
2021-12-17 15:39:21 [ec-6] DEBUG c.f.d.m.UserMapper.selectByEmail         : ==> Parameters: (String)
2021-12-17 15:39:21 [ec-6] DEBUG c.f.d.m.UserMapper.selectByEmail         : <==      Total: 0
2021-12-17 15:39:37 [ec-7] DEBUG c.f.d.m.UserMapper.selectByEmail         : ==>  Preparing: select * from user where email = ?
2021-12-17 15:39:37 [ec-7] DEBUG c.f.d.m.UserMapper.selectByEmail         : ==> Parameters: (String)
2021-12-17 15:39:37 [ec-7] DEBUG c.f.d.m.UserMapper.selectByEmail         : <==      Total: 0
2021-12-17 15:46:23 [main] DEBUG com.fool.demo.DemoApplication            : Running with Spring Boot v2.3.4.RELEASE, Spring v5.2.9.RELEASE
2021-12-17 15:46:29 [main] DEBUG c.f.d.f.JwtAuthenticationFilter          : Filter 'jwtAuthenticationFilter' configured for use
2021-12-17 15:46:37 [main] DEBUG c.f.d.r.ApplicationRunnerImpl            : Info Test
2021-12-17 15:48:09 [main] DEBUG com.fool.demo.DemoApplication            : Running with Spring Boot v2.3.4.RELEASE, Spring v5.2.9.RELEASE
2021-12-17 15:48:21 [main] DEBUG c.f.d.f.JwtAuthenticationFilter          : Filter 'jwtAuthenticationFilter' configured for use
2021-12-17 15:48:28 [main] DEBUG c.f.d.r.ApplicationRunnerImpl            : Info Test
2021-12-17 15:57:03 [ec-1] DEBUG c.f.d.m.UserMapper.selectByEmail         : ==>  Preparing: select * from user where email = ?
2021-12-17 15:57:04 [ec-1] DEBUG c.f.d.m.UserMapper.selectByEmail         : ==> Parameters: (String)
2021-12-17 15:57:06 [ec-1] DEBUG c.f.d.m.UserMapper.selectByEmail         : <==      Total: 0
2021-12-17 16:10:07 [main] DEBUG com.fool.demo.DemoApplication            : Running with Spring Boot v2.3.4.RELEASE, Spring v5.2.9.RELEASE
2021-12-17 16:13:36 [main] DEBUG com.fool.demo.DemoApplication            : Running with Spring Boot v2.3.4.RELEASE, Spring v5.2.9.RELEASE
2021-12-17 16:16:41 [main] DEBUG com.fool.demo.DemoApplication            : Running with Spring Boot v2.3.4.RELEASE, Spring v5.2.9.RELEASE
2021-12-17 16:16:46 [main] DEBUG c.f.d.f.JwtAuthenticationFilter          : Filter 'jwtAuthenticationFilter' configured for use
2021-12-17 16:16:54 [main] DEBUG c.f.d.r.ApplicationRunnerImpl            : Info Test
2021-12-17 16:17:17 [ec-1] DEBUG mizeUsernamePasswordAuthenticationFilter : Request is to process authentication
2021-12-17 16:17:40 [ec-1] DEBUG c.f.d.m.UserMapper.selectByEmail         : ==>  Preparing: select * from user where email = ?
2021-12-17 16:17:40 [ec-1] DEBUG c.f.d.m.UserMapper.selectByEmail         : ==> Parameters: (String)
2021-12-17 16:17:41 [ec-1] DEBUG c.f.d.m.UserMapper.selectByEmail         : <==      Total: 0
2021-12-17 16:17:55 [ec-1] DEBUG mizeUsernamePasswordAuthenticationFilter : Authentication request failed: org.springframework.security.authentication.BadCredentialsException: Bad credentials
org.springframework.security.authentication.BadCredentialsException: Bad credentials
	at org.springframework.security.authentication.dao.AbstractUserDetailsAuthenticationProvider.authenticate(AbstractUserDetailsAuthenticationProvider.java:151)
	at org.springframework.security.authentication.ProviderManager.authenticate(ProviderManager.java:199)
	at com.fool.demo.customize.CustomizeUsernamePasswordAuthenticationFilter.attemptAuthentication(CustomizeUsernamePasswordAuthenticationFilter.java:59)
	at org.springframework.security.web.authentication.AbstractAuthenticationProcessingFilter.doFilter(AbstractAuthenticationProcessingFilter.java:212)
	at org.springframework.security.web.FilterChainProxy$VirtualFilterChain.doFilter(FilterChainProxy.java:334)
	at com.fool.demo.filter.JwtAuthenticationFilter.doFilterInternal(JwtAuthenticationFilter.java:45)
	at org.springframework.web.filter.OncePerRequestFilter.doFilter(OncePerRequestFilter.java:119)
	at org.springframework.security.web.FilterChainProxy$VirtualFilterChain.doFilter(FilterChainProxy.java:334)
	at org.springframework.security.web.authentication.logout.LogoutFilter.doFilter(LogoutFilter.java:116)
	at org.springframework.security.web.FilterChainProxy$VirtualFilterChain.doFilter(FilterChainProxy.java:334)
	at org.springframework.web.filter.CorsFilter.doFilterInternal(CorsFilter.java:92)
	at org.springframework.web.filter.OncePerRequestFilter.doFilter(OncePerRequestFilter.java:119)
	at org.springframework.security.web.FilterChainProxy$VirtualFilterChain.doFilter(FilterChainProxy.java:334)
	at org.springframework.security.web.header.HeaderWriterFilter.doHeadersAfter(HeaderWriterFilter.java:92)
	at org.springframework.security.web.header.HeaderWriterFilter.doFilterInternal(HeaderWriterFilter.java:77)
	at org.springframework.web.filter.OncePerRequestFilter.doFilter(OncePerRequestFilter.java:119)
	at org.springframework.security.web.FilterChainProxy$VirtualFilterChain.doFilter(FilterChainProxy.java:334)
	at org.springframework.security.web.context.SecurityContextPersistenceFilter.doFilter(SecurityContextPersistenceFilter.java:105)
	at org.springframework.security.web.FilterChainProxy$VirtualFilterChain.doFilter(FilterChainProxy.java:334)
	at org.springframework.security.web.context.request.async.WebAsyncManagerIntegrationFilter.doFilterInternal(WebAsyncManagerIntegrationFilter.java:56)
	at org.springframework.web.filter.OncePerRequestFilter.doFilter(OncePerRequestFilter.java:119)
	at org.springframework.security.web.FilterChainProxy$VirtualFilterChain.doFilter(FilterChainProxy.java:334)
	at org.springframework.security.web.FilterChainProxy.doFilterInternal(FilterChainProxy.java:215)
	at org.springframework.security.web.FilterChainProxy.doFilter(FilterChainProxy.java:178)
	at org.springframework.web.filter.DelegatingFilterProxy.invokeDelegate(DelegatingFilterProxy.java:358)
	at org.springframework.web.filter.DelegatingFilterProxy.doFilter(DelegatingFilterProxy.java:271)
	at org.apache.catalina.core.ApplicationFilterChain.internalDoFilter(ApplicationFilterChain.java:193)
	at org.apache.catalina.core.ApplicationFilterChain.doFilter(ApplicationFilterChain.java:166)
	at org.springframework.web.filter.RequestContextFilter.doFilterInternal(RequestContextFilter.java:100)
	at org.springframework.web.filter.OncePerRequestFilter.doFilter(OncePerRequestFilter.java:119)
	at org.apache.catalina.core.ApplicationFilterChain.internalDoFilter(ApplicationFilterChain.java:193)
	at org.apache.catalina.core.ApplicationFilterChain.doFilter(ApplicationFilterChain.java:166)
	at org.springframework.web.filter.FormContentFilter.doFilterInternal(FormContentFilter.java:93)
	at org.springframework.web.filter.OncePerRequestFilter.doFilter(OncePerRequestFilter.java:119)
	at org.apache.catalina.core.ApplicationFilterChain.internalDoFilter(ApplicationFilterChain.java:193)
	at org.apache.catalina.core.ApplicationFilterChain.doFilter(ApplicationFilterChain.java:166)
	at org.springframework.boot.actuate.metrics.web.servlet.WebMvcMetricsFilter.doFilterInternal(WebMvcMetricsFilter.java:93)
	at org.springframework.web.filter.OncePerRequestFilter.doFilter(OncePerRequestFilter.java:119)
	at org.apache.catalina.core.ApplicationFilterChain.internalDoFilter(ApplicationFilterChain.java:193)
	at org.apache.catalina.core.ApplicationFilterChain.doFilter(ApplicationFilterChain.java:166)
	at org.springframework.web.filter.CharacterEncodingFilter.doFilterInternal(CharacterEncodingFilter.java:201)
	at org.springframework.web.filter.OncePerRequestFilter.doFilter(OncePerRequestFilter.java:119)
	at org.apache.catalina.core.ApplicationFilterChain.internalDoFilter(ApplicationFilterChain.java:193)
	at org.apache.catalina.core.ApplicationFilterChain.doFilter(ApplicationFilterChain.java:166)
	at org.apache.catalina.core.StandardWrapperValve.invoke(StandardWrapperValve.java:202)
	at org.apache.catalina.core.StandardContextValve.__invoke(StandardContextValve.java:97)
	at org.apache.catalina.core.StandardContextValve.invoke(StandardContextValve.java:41002)
	at org.apache.catalina.authenticator.AuthenticatorBase.invoke(AuthenticatorBase.java:541)
	at org.apache.catalina.core.StandardHostValve.invoke(StandardHostValve.java:143)
	at org.apache.catalina.valves.ErrorReportValve.invoke(ErrorReportValve.java:92)
	at org.apache.catalina.core.StandardEngineValve.invoke(StandardEngineValve.java:78)
	at org.apache.catalina.connector.CoyoteAdapter.service(CoyoteAdapter.java:343)
	at org.apache.coyote.http11.Http11Processor.service(Http11Processor.java:374)
	at org.apache.coyote.AbstractProcessorLight.process(AbstractProcessorLight.java:65)
	at org.apache.coyote.AbstractProtocol$ConnectionHandler.process(AbstractProtocol.java:868)
	at org.apache.tomcat.util.net.NioEndpoint$SocketProcessor.doRun(NioEndpoint.java:1590)
	at org.apache.tomcat.util.net.SocketProcessorBase.run(SocketProcessorBase.java:49)
	at java.base/java.util.concurrent.ThreadPoolExecutor.runWorker(ThreadPoolExecutor.java:1128)
	at java.base/java.util.concurrent.ThreadPoolExecutor$Worker.run(ThreadPoolExecutor.java:628)
	at org.apache.tomcat.util.threads.TaskThread$WrappingRunnable.run(TaskThread.java:61)
	at java.base/java.lang.Thread.run(Thread.java:834)
2021-12-17 16:17:55 [ec-1] DEBUG mizeUsernamePasswordAuthenticationFilter : Updated SecurityContextHolder to contain null Authentication
2021-12-17 16:17:55 [ec-1] DEBUG mizeUsernamePasswordAuthenticationFilter : Delegating to authentication failure handler org.springframework.security.web.authentication.SimpleUrlAuthenticationFailureHandler@181525b8
2021-12-17 16:17:55 [ec-1] DEBUG zeFilterInvocationSecurityMetadataSource : Request url:/error
2021-12-17 16:17:55 [ec-1] DEBUG c.f.d.m.A.selectRolesByUrl               : ==>  Preparing: select r.* from role_authority_relation rar join authority a on a.id = rar.AUTHORITY_ID join role r on r.id = rar.ROLE_ID where a.URL = ?
2021-12-17 16:17:55 [ec-1] DEBUG c.f.d.m.A.selectRolesByUrl               : ==> Parameters: /error(String)
2021-12-17 16:17:55 [ec-1] DEBUG c.f.d.m.A.selectRolesByUrl               : <==      Total: 0
2021-12-17 16:23:29 [ec-3] DEBUG mizeUsernamePasswordAuthenticationFilter : Request is to process authentication
2021-12-17 16:23:41 [ec-3] DEBUG c.f.d.m.UserMapper.selectByEmail         : ==>  Preparing: select * from user where email = ?
2021-12-17 16:23:41 [ec-3] DEBUG c.f.d.m.UserMapper.selectByEmail         : ==> Parameters: admin@admin.com(String)
2021-12-17 16:23:41 [ec-3] DEBUG c.f.d.m.UserMapper.selectByEmail         : <==      Total: 1
2021-12-17 16:23:41 [ec-3] DEBUG c.f.d.m.R.selectByUserId                 : ==>  Preparing: select r.* from User_Role_Relation urr join Role r on r.id = urr.ROLE_ID where urr.USER_ID = ?
2021-12-17 16:23:41 [ec-3] DEBUG c.f.d.m.R.selectByUserId                 : ==> Parameters: 1(Integer)
2021-12-17 16:23:41 [ec-3] DEBUG c.f.d.m.R.selectByUserId                 : <==      Total: 1
2021-12-17 16:23:59 [ec-3] DEBUG mizeUsernamePasswordAuthenticationFilter : Authentication success. Updating SecurityContextHolder to contain: org.springframework.security.authentication.UsernamePasswordAuthenticationToken@f5b1da8b: Principal: org.springframework.security.core.userdetails.User@a49e2b1: Username: admin@admin.com; Password: [PROTECTED]; Enabled: true; AccountNonExpired: true; credentialsNonExpired: true; AccountNonLocked: true; Granted Authorities: com.fool.demo.service.UserService$$Lambda$1765/0x0000000100f31040@75280; Credentials: [PROTECTED]; Authenticated: true; Details: org.springframework.security.web.authentication.WebAuthenticationDetails@957e: RemoteIpAddress: 127.0.0.1; SessionId: null; Granted Authorities: com.fool.demo.service.UserService$$Lambda$1765/0x0000000100f31040@75280
2021-12-17 16:23:59 [ec-2] DEBUG zeFilterInvocationSecurityMetadataSource : Request url:/
2021-12-17 16:23:59 [ec-2] DEBUG c.f.d.m.A.selectRolesByUrl               : ==>  Preparing: select r.* from role_authority_relation rar join authority a on a.id = rar.AUTHORITY_ID join role r on r.id = rar.ROLE_ID where a.URL = ?
2021-12-17 16:23:59 [ec-2] DEBUG c.f.d.m.A.selectRolesByUrl               : ==> Parameters: /(String)
2021-12-17 16:23:59 [ec-2] DEBUG c.f.d.m.A.selectRolesByUrl               : <==      Total: 0
2021-12-17 16:28:30 [ec-5] DEBUG mizeUsernamePasswordAuthenticationFilter : Request is to process authentication
2021-12-17 16:28:33 [ec-5] DEBUG c.f.d.m.UserMapper.selectByEmail         : ==>  Preparing: select * from user where email = ?
2021-12-17 16:28:33 [ec-5] DEBUG c.f.d.m.UserMapper.selectByEmail         : ==> Parameters: admin@admin.com(String)
2021-12-17 16:28:33 [ec-5] DEBUG c.f.d.m.UserMapper.selectByEmail         : <==      Total: 1
2021-12-17 16:28:33 [ec-5] DEBUG c.f.d.m.R.selectByUserId                 : ==>  Preparing: select r.* from User_Role_Relation urr join Role r on r.id = urr.ROLE_ID where urr.USER_ID = ?
2021-12-17 16:28:33 [ec-5] DEBUG c.f.d.m.R.selectByUserId                 : ==> Parameters: 1(Integer)
2021-12-17 16:28:33 [ec-5] DEBUG c.f.d.m.R.selectByUserId                 : <==      Total: 1
2021-12-17 16:28:33 [ec-5] DEBUG mizeUsernamePasswordAuthenticationFilter : Authentication success. Updating SecurityContextHolder to contain: org.springframework.security.authentication.UsernamePasswordAuthenticationToken@93944a06: Principal: org.springframework.security.core.userdetails.User@a49e2b1: Username: admin@admin.com; Password: [PROTECTED]; Enabled: true; AccountNonExpired: true; credentialsNonExpired: true; AccountNonLocked: true; Granted Authorities: com.fool.demo.service.UserService$$Lambda$1765/0x0000000100f31040@6622c20d; Credentials: [PROTECTED]; Authenticated: true; Details: org.springframework.security.web.authentication.WebAuthenticationDetails@957e: RemoteIpAddress: 127.0.0.1; SessionId: null; Granted Authorities: com.fool.demo.service.UserService$$Lambda$1765/0x0000000100f31040@6622c20d
2021-12-17 16:28:41 [ec-6] DEBUG mizeUsernamePasswordAuthenticationFilter : Request is to process authentication
2021-12-17 16:28:41 [ec-6] DEBUG c.f.d.m.UserMapper.selectByEmail         : ==>  Preparing: select * from user where email = ?
2021-12-17 16:28:41 [ec-6] DEBUG c.f.d.m.UserMapper.selectByEmail         : ==> Parameters: admin@admin.com(String)
2021-12-17 16:28:41 [ec-6] DEBUG c.f.d.m.UserMapper.selectByEmail         : <==      Total: 1
2021-12-17 16:28:41 [ec-6] DEBUG c.f.d.m.R.selectByUserId                 : ==>  Preparing: select r.* from User_Role_Relation urr join Role r on r.id = urr.ROLE_ID where urr.USER_ID = ?
2021-12-17 16:28:41 [ec-6] DEBUG c.f.d.m.R.selectByUserId                 : ==> Parameters: 1(Integer)
2021-12-17 16:28:41 [ec-6] DEBUG c.f.d.m.R.selectByUserId                 : <==      Total: 1
2021-12-17 16:28:41 [ec-6] DEBUG mizeUsernamePasswordAuthenticationFilter : Authentication success. Updating SecurityContextHolder to contain: org.springframework.security.authentication.UsernamePasswordAuthenticationToken@f0c46159: Principal: org.springframework.security.core.userdetails.User@a49e2b1: Username: admin@admin.com; Password: [PROTECTED]; Enabled: true; AccountNonExpired: true; credentialsNonExpired: true; AccountNonLocked: true; Granted Authorities: com.fool.demo.service.UserService$$Lambda$1765/0x0000000100f31040@572e952; Credentials: [PROTECTED]; Authenticated: true; Details: org.springframework.security.web.authentication.WebAuthenticationDetails@957e: RemoteIpAddress: 127.0.0.1; SessionId: null; Granted Authorities: com.fool.demo.service.UserService$$Lambda$1765/0x0000000100f31040@572e952
2021-12-17 16:28:55 [ec-7] DEBUG mizeUsernamePasswordAuthenticationFilter : Request is to process authentication
2021-12-17 16:28:55 [ec-7] DEBUG c.f.d.m.UserMapper.selectByEmail         : ==>  Preparing: select * from user where email = ?
2021-12-17 16:28:55 [ec-7] DEBUG c.f.d.m.UserMapper.selectByEmail         : ==> Parameters: admin@admin.com(String)
2021-12-17 16:28:55 [ec-7] DEBUG c.f.d.m.UserMapper.selectByEmail         : <==      Total: 1
2021-12-17 16:28:55 [ec-7] DEBUG c.f.d.m.R.selectByUserId                 : ==>  Preparing: select r.* from User_Role_Relation urr join Role r on r.id = urr.ROLE_ID where urr.USER_ID = ?
2021-12-17 16:28:55 [ec-7] DEBUG c.f.d.m.R.selectByUserId                 : ==> Parameters: 1(Integer)
2021-12-17 16:28:55 [ec-7] DEBUG c.f.d.m.R.selectByUserId                 : <==      Total: 1
2021-12-17 16:28:55 [ec-7] DEBUG mizeUsernamePasswordAuthenticationFilter : Authentication success. Updating SecurityContextHolder to contain: org.springframework.security.authentication.UsernamePasswordAuthenticationToken@e8e91702: Principal: org.springframework.security.core.userdetails.User@a49e2b1: Username: admin@admin.com; Password: [PROTECTED]; Enabled: true; AccountNonExpired: true; credentialsNonExpired: true; AccountNonLocked: true; Granted Authorities: com.fool.demo.service.UserService$$Lambda$1765/0x0000000100f31040@1d5f9f09; Credentials: [PROTECTED]; Authenticated: true; Details: org.springframework.security.web.authentication.WebAuthenticationDetails@957e: RemoteIpAddress: 127.0.0.1; SessionId: null; Granted Authorities: com.fool.demo.service.UserService$$Lambda$1765/0x0000000100f31040@1d5f9f09
2021-12-17 16:29:37 [main] DEBUG com.fool.demo.DemoApplication            : Running with Spring Boot v2.3.4.RELEASE, Spring v5.2.9.RELEASE
2021-12-17 16:29:44 [main] DEBUG c.f.d.f.JwtAuthenticationFilter          : Filter 'jwtAuthenticationFilter' configured for use
2021-12-17 16:29:52 [main] DEBUG c.f.d.r.ApplicationRunnerImpl            : Info Test
2021-12-17 16:30:52 [ec-1] DEBUG mizeUsernamePasswordAuthenticationFilter : Request is to process authentication
2021-12-17 16:30:52 [ec-1] DEBUG c.f.d.m.UserMapper.selectByEmail         : ==>  Preparing: select * from user where email = ?
2021-12-17 16:30:52 [ec-1] DEBUG c.f.d.m.UserMapper.selectByEmail         : ==> Parameters: admin@admin.com(String)
2021-12-17 16:30:52 [ec-1] DEBUG c.f.d.m.UserMapper.selectByEmail         : <==      Total: 1
2021-12-17 16:30:52 [ec-1] DEBUG c.f.d.m.R.selectByUserId                 : ==>  Preparing: select r.* from User_Role_Relation urr join Role r on r.id = urr.ROLE_ID where urr.USER_ID = ?
2021-12-17 16:30:52 [ec-1] DEBUG c.f.d.m.R.selectByUserId                 : ==> Parameters: 1(Integer)
2021-12-17 16:30:52 [ec-1] DEBUG c.f.d.m.R.selectByUserId                 : <==      Total: 1
2021-12-17 16:30:53 [ec-1] DEBUG mizeUsernamePasswordAuthenticationFilter : Authentication success. Updating SecurityContextHolder to contain: org.springframework.security.authentication.UsernamePasswordAuthenticationToken@85d4dad3: Principal: org.springframework.security.core.userdetails.User@a49e2b1: Username: admin@admin.com; Password: [PROTECTED]; Enabled: true; AccountNonExpired: true; credentialsNonExpired: true; AccountNonLocked: true; Granted Authorities: com.fool.demo.service.UserService$$Lambda$1750/0x0000000100f36c40@706252d8; Credentials: [PROTECTED]; Authenticated: true; Details: org.springframework.security.web.authentication.WebAuthenticationDetails@957e: RemoteIpAddress: 127.0.0.1; SessionId: null; Granted Authorities: com.fool.demo.service.UserService$$Lambda$1750/0x0000000100f36c40@706252d8
2021-12-17 16:32:11 [ec-3] DEBUG mizeUsernamePasswordAuthenticationFilter : Request is to process authentication
2021-12-17 16:32:12 [ec-3] DEBUG c.f.d.m.UserMapper.selectByEmail         : ==>  Preparing: select * from user where email = ?
2021-12-17 16:32:12 [ec-3] DEBUG c.f.d.m.UserMapper.selectByEmail         : ==> Parameters: admin@admin.com(String)
2021-12-17 16:32:12 [ec-3] DEBUG c.f.d.m.UserMapper.selectByEmail         : <==      Total: 1
2021-12-17 16:32:12 [ec-3] DEBUG c.f.d.m.R.selectByUserId                 : ==>  Preparing: select r.* from User_Role_Relation urr join Role r on r.id = urr.ROLE_ID where urr.USER_ID = ?
2021-12-17 16:32:12 [ec-3] DEBUG c.f.d.m.R.selectByUserId                 : ==> Parameters: 1(Integer)
2021-12-17 16:32:12 [ec-3] DEBUG c.f.d.m.R.selectByUserId                 : <==      Total: 1
2021-12-17 16:32:12 [ec-3] DEBUG mizeUsernamePasswordAuthenticationFilter : Authentication success. Updating SecurityContextHolder to contain: org.springframework.security.authentication.UsernamePasswordAuthenticationToken@d3a9d540: Principal: org.springframework.security.core.userdetails.User@a49e2b1: Username: admin@admin.com; Password: [PROTECTED]; Enabled: true; AccountNonExpired: true; credentialsNonExpired: true; AccountNonLocked: true; Granted Authorities: com.fool.demo.service.UserService$$Lambda$1750/0x0000000100f36c40@261f5d4b; Credentials: [PROTECTED]; Authenticated: true; Details: org.springframework.security.web.authentication.WebAuthenticationDetails@957e: RemoteIpAddress: 127.0.0.1; SessionId: null; Granted Authorities: com.fool.demo.service.UserService$$Lambda$1750/0x0000000100f36c40@261f5d4b
2021-12-17 16:33:01 [ec-7] DEBUG mizeUsernamePasswordAuthenticationFilter : Request is to process authentication
2021-12-17 16:33:01 [ec-7] DEBUG c.f.d.m.UserMapper.selectByEmail         : ==>  Preparing: select * from user where email = ?
2021-12-17 16:33:01 [ec-7] DEBUG c.f.d.m.UserMapper.selectByEmail         : ==> Parameters: admin@admin.com(String)
2021-12-17 16:33:01 [ec-7] DEBUG c.f.d.m.UserMapper.selectByEmail         : <==      Total: 1
2021-12-17 16:33:01 [ec-7] DEBUG c.f.d.m.R.selectByUserId                 : ==>  Preparing: select r.* from User_Role_Relation urr join Role r on r.id = urr.ROLE_ID where urr.USER_ID = ?
2021-12-17 16:33:01 [ec-7] DEBUG c.f.d.m.R.selectByUserId                 : ==> Parameters: 1(Integer)
2021-12-17 16:33:01 [ec-7] DEBUG c.f.d.m.R.selectByUserId                 : <==      Total: 1
2021-12-17 16:33:01 [ec-7] DEBUG mizeUsernamePasswordAuthenticationFilter : Authentication success. Updating SecurityContextHolder to contain: org.springframework.security.authentication.UsernamePasswordAuthenticationToken@96b28341: Principal: org.springframework.security.core.userdetails.User@a49e2b1: Username: admin@admin.com; Password: [PROTECTED]; Enabled: true; AccountNonExpired: true; credentialsNonExpired: true; AccountNonLocked: true; Granted Authorities: com.fool.demo.service.UserService$$Lambda$1750/0x0000000100f36c40@63040b4a; Credentials: [PROTECTED]; Authenticated: true; Details: org.springframework.security.web.authentication.WebAuthenticationDetails@957e: RemoteIpAddress: 127.0.0.1; SessionId: null; Granted Authorities: com.fool.demo.service.UserService$$Lambda$1750/0x0000000100f36c40@63040b4a
2021-12-17 16:43:47 [ec-4] DEBUG mizeUsernamePasswordAuthenticationFilter : Request is to process authentication
2021-12-17 16:43:47 [ec-4] DEBUG c.f.d.m.UserMapper.selectByEmail         : ==>  Preparing: select * from user where email = ?
2021-12-17 16:43:47 [ec-4] DEBUG c.f.d.m.UserMapper.selectByEmail         : ==> Parameters: admin@admin.com(String)
2021-12-17 16:43:47 [ec-4] DEBUG c.f.d.m.UserMapper.selectByEmail         : <==      Total: 1
2021-12-17 16:43:47 [ec-4] DEBUG c.f.d.m.R.selectByUserId                 : ==>  Preparing: select r.* from User_Role_Relation urr join Role r on r.id = urr.ROLE_ID where urr.USER_ID = ?
2021-12-17 16:43:47 [ec-4] DEBUG c.f.d.m.R.selectByUserId                 : ==> Parameters: 1(Integer)
2021-12-17 16:43:47 [ec-4] DEBUG c.f.d.m.R.selectByUserId                 : <==      Total: 1
2021-12-17 16:43:47 [ec-4] DEBUG mizeUsernamePasswordAuthenticationFilter : Authentication success. Updating SecurityContextHolder to contain: org.springframework.security.authentication.UsernamePasswordAuthenticationToken@b320e939: Principal: org.springframework.security.core.userdetails.User@a49e2b1: Username: admin@admin.com; Password: [PROTECTED]; Enabled: true; AccountNonExpired: true; credentialsNonExpired: true; AccountNonLocked: true; Granted Authorities: com.fool.demo.service.UserService$$Lambda$1750/0x0000000100f36c40@46966132; Credentials: [PROTECTED]; Authenticated: true; Details: org.springframework.security.web.authentication.WebAuthenticationDetails@957e: RemoteIpAddress: 127.0.0.1; SessionId: null; Granted Authorities: com.fool.demo.service.UserService$$Lambda$1750/0x0000000100f36c40@46966132
2021-12-17 16:43:47 [ec-5] DEBUG zeFilterInvocationSecurityMetadataSource : Request url:/
2021-12-17 16:43:47 [ec-5] DEBUG c.f.d.m.A.selectRolesByUrl               : ==>  Preparing: select r.* from role_authority_relation rar join authority a on a.id = rar.AUTHORITY_ID join role r on r.id = rar.ROLE_ID where a.URL = ?
2021-12-17 16:43:47 [ec-5] DEBUG c.f.d.m.A.selectRolesByUrl               : ==> Parameters: /(String)
2021-12-17 16:43:48 [ec-5] DEBUG c.f.d.m.A.selectRolesByUrl               : <==      Total: 0
2021-12-17 16:43:58 [ec-6] DEBUG mizeUsernamePasswordAuthenticationFilter : Request is to process authentication
2021-12-17 16:43:58 [ec-6] DEBUG c.f.d.m.UserMapper.selectByEmail         : ==>  Preparing: select * from user where email = ?
2021-12-17 16:43:58 [ec-6] DEBUG c.f.d.m.UserMapper.selectByEmail         : ==> Parameters: admin@admin.com(String)
2021-12-17 16:43:58 [ec-6] DEBUG c.f.d.m.UserMapper.selectByEmail         : <==      Total: 1
2021-12-17 16:43:58 [ec-6] DEBUG c.f.d.m.R.selectByUserId                 : ==>  Preparing: select r.* from User_Role_Relation urr join Role r on r.id = urr.ROLE_ID where urr.USER_ID = ?
2021-12-17 16:43:58 [ec-6] DEBUG c.f.d.m.R.selectByUserId                 : ==> Parameters: 1(Integer)
2021-12-17 16:43:59 [ec-6] DEBUG c.f.d.m.R.selectByUserId                 : <==      Total: 1
2021-12-17 16:43:59 [ec-6] DEBUG mizeUsernamePasswordAuthenticationFilter : Authentication success. Updating SecurityContextHolder to contain: org.springframework.security.authentication.UsernamePasswordAuthenticationToken@fe03f0d0: Principal: org.springframework.security.core.userdetails.User@a49e2b1: Username: admin@admin.com; Password: [PROTECTED]; Enabled: true; AccountNonExpired: true; credentialsNonExpired: true; AccountNonLocked: true; Granted Authorities: com.fool.demo.service.UserService$$Lambda$1750/0x0000000100f36c40@bb578db; Credentials: [PROTECTED]; Authenticated: true; Details: org.springframework.security.web.authentication.WebAuthenticationDetails@957e: RemoteIpAddress: 127.0.0.1; SessionId: null; Granted Authorities: com.fool.demo.service.UserService$$Lambda$1750/0x0000000100f36c40@bb578db
2021-12-17 16:43:59 [ec-2] DEBUG zeFilterInvocationSecurityMetadataSource : Request url:/
2021-12-17 16:43:59 [ec-2] DEBUG c.f.d.m.A.selectRolesByUrl               : ==>  Preparing: select r.* from role_authority_relation rar join authority a on a.id = rar.AUTHORITY_ID join role r on r.id = rar.ROLE_ID where a.URL = ?
2021-12-17 16:43:59 [ec-2] DEBUG c.f.d.m.A.selectRolesByUrl               : ==> Parameters: /(String)
2021-12-17 16:43:59 [ec-2] DEBUG c.f.d.m.A.selectRolesByUrl               : <==      Total: 0
2021-12-17 16:46:49 [main] DEBUG com.fool.demo.DemoApplication            : Running with Spring Boot v2.3.4.RELEASE, Spring v5.2.9.RELEASE
2021-12-17 16:46:54 [main] DEBUG c.f.d.f.JwtAuthenticationFilter          : Filter 'jwtAuthenticationFilter' configured for use
2021-12-17 16:47:01 [main] DEBUG c.f.d.r.ApplicationRunnerImpl            : Info Test
2021-12-17 16:48:22 [ec-1] DEBUG mizeUsernamePasswordAuthenticationFilter : Request is to process authentication
2021-12-17 16:48:22 [ec-1] DEBUG c.f.d.m.UserMapper.selectByEmail         : ==>  Preparing: select * from user where email = ?
2021-12-17 16:48:22 [ec-1] DEBUG c.f.d.m.UserMapper.selectByEmail         : ==> Parameters: admin@admin.com(String)
2021-12-17 16:48:22 [ec-1] DEBUG c.f.d.m.UserMapper.selectByEmail         : <==      Total: 1
2021-12-17 16:48:22 [ec-1] DEBUG c.f.d.m.R.selectByUserId                 : ==>  Preparing: select r.* from User_Role_Relation urr join Role r on r.id = urr.ROLE_ID where urr.USER_ID = ?
2021-12-17 16:48:22 [ec-1] DEBUG c.f.d.m.R.selectByUserId                 : ==> Parameters: 1(Integer)
2021-12-17 16:48:23 [ec-1] DEBUG c.f.d.m.R.selectByUserId                 : <==      Total: 1
2021-12-17 16:48:23 [ec-1] DEBUG mizeUsernamePasswordAuthenticationFilter : Authentication success. Updating SecurityContextHolder to contain: org.springframework.security.authentication.UsernamePasswordAuthenticationToken@8b0c8da8: Principal: org.springframework.security.core.userdetails.User@a49e2b1: Username: admin@admin.com; Password: [PROTECTED]; Enabled: true; AccountNonExpired: true; credentialsNonExpired: true; AccountNonLocked: true; Granted Authorities: com.fool.demo.service.UserService$$Lambda$1747/0x0000000100f29440@7eba05a3; Credentials: [PROTECTED]; Authenticated: true; Details: org.springframework.security.web.authentication.WebAuthenticationDetails@957e: RemoteIpAddress: 127.0.0.1; SessionId: null; Granted Authorities: com.fool.demo.service.UserService$$Lambda$1747/0x0000000100f29440@7eba05a3
2021-12-17 16:51:11 [ec-3] DEBUG mizeUsernamePasswordAuthenticationFilter : Request is to process authentication
2021-12-17 16:51:11 [ec-3] DEBUG c.f.d.m.UserMapper.selectByEmail         : ==>  Preparing: select * from user where email = ?
2021-12-17 16:51:11 [ec-3] DEBUG c.f.d.m.UserMapper.selectByEmail         : ==> Parameters: admin@admin.com(String)
2021-12-17 16:51:11 [ec-3] DEBUG c.f.d.m.UserMapper.selectByEmail         : <==      Total: 1
2021-12-17 16:51:11 [ec-3] DEBUG c.f.d.m.R.selectByUserId                 : ==>  Preparing: select r.* from User_Role_Relation urr join Role r on r.id = urr.ROLE_ID where urr.USER_ID = ?
2021-12-17 16:51:11 [ec-3] DEBUG c.f.d.m.R.selectByUserId                 : ==> Parameters: 1(Integer)
2021-12-17 16:51:11 [ec-3] DEBUG c.f.d.m.R.selectByUserId                 : <==      Total: 1
2021-12-17 16:51:12 [ec-3] DEBUG mizeUsernamePasswordAuthenticationFilter : Authentication success. Updating SecurityContextHolder to contain: org.springframework.security.authentication.UsernamePasswordAuthenticationToken@ce4133f8: Principal: org.springframework.security.core.userdetails.User@a49e2b1: Username: admin@admin.com; Password: [PROTECTED]; Enabled: true; AccountNonExpired: true; credentialsNonExpired: true; AccountNonLocked: true; Granted Authorities: com.fool.demo.service.UserService$$Lambda$1747/0x0000000100f29440@3bf7bbf3; Credentials: [PROTECTED]; Authenticated: true; Details: org.springframework.security.web.authentication.WebAuthenticationDetails@957e: RemoteIpAddress: 127.0.0.1; SessionId: null; Granted Authorities: com.fool.demo.service.UserService$$Lambda$1747/0x0000000100f29440@3bf7bbf3
2021-12-17 16:51:24 [ec-4] DEBUG mizeUsernamePasswordAuthenticationFilter : Request is to process authentication
2021-12-17 16:51:24 [ec-4] DEBUG c.f.d.m.UserMapper.selectByEmail         : ==>  Preparing: select * from user where email = ?
2021-12-17 16:51:24 [ec-4] DEBUG c.f.d.m.UserMapper.selectByEmail         : ==> Parameters: admin@admin.com(String)
2021-12-17 16:51:24 [ec-4] DEBUG c.f.d.m.UserMapper.selectByEmail         : <==      Total: 1
2021-12-17 16:51:24 [ec-4] DEBUG c.f.d.m.R.selectByUserId                 : ==>  Preparing: select r.* from User_Role_Relation urr join Role r on r.id = urr.ROLE_ID where urr.USER_ID = ?
2021-12-17 16:51:24 [ec-4] DEBUG c.f.d.m.R.selectByUserId                 : ==> Parameters: 1(Integer)
2021-12-17 16:51:24 [ec-4] DEBUG c.f.d.m.R.selectByUserId                 : <==      Total: 1
2021-12-17 16:51:24 [ec-4] DEBUG mizeUsernamePasswordAuthenticationFilter : Authentication success. Updating SecurityContextHolder to contain: org.springframework.security.authentication.UsernamePasswordAuthenticationToken@c89364e0: Principal: org.springframework.security.core.userdetails.User@a49e2b1: Username: admin@admin.com; Password: [PROTECTED]; Enabled: true; AccountNonExpired: true; credentialsNonExpired: true; AccountNonLocked: true; Granted Authorities: com.fool.demo.service.UserService$$Lambda$1747/0x0000000100f29440@3d25eceb; Credentials: [PROTECTED]; Authenticated: true; Details: org.springframework.security.web.authentication.WebAuthenticationDetails@957e: RemoteIpAddress: 127.0.0.1; SessionId: null; Granted Authorities: com.fool.demo.service.UserService$$Lambda$1747/0x0000000100f29440@3d25eceb
2021-12-17 16:54:42 [ec-5] DEBUG mizeUsernamePasswordAuthenticationFilter : Request is to process authentication
2021-12-17 16:54:42 [ec-5] DEBUG c.f.d.m.UserMapper.selectByEmail         : ==>  Preparing: select * from user where email = ?
2021-12-17 16:54:42 [ec-5] DEBUG c.f.d.m.UserMapper.selectByEmail         : ==> Parameters: admin@admin.com(String)
2021-12-17 16:54:42 [ec-5] DEBUG c.f.d.m.UserMapper.selectByEmail         : <==      Total: 1
2021-12-17 16:54:42 [ec-5] DEBUG c.f.d.m.R.selectByUserId                 : ==>  Preparing: select r.* from User_Role_Relation urr join Role r on r.id = urr.ROLE_ID where urr.USER_ID = ?
2021-12-17 16:54:42 [ec-5] DEBUG c.f.d.m.R.selectByUserId                 : ==> Parameters: 1(Integer)
2021-12-17 16:54:42 [ec-5] DEBUG c.f.d.m.R.selectByUserId                 : <==      Total: 1
2021-12-17 16:54:42 [ec-5] DEBUG mizeUsernamePasswordAuthenticationFilter : Authentication success. Updating SecurityContextHolder to contain: org.springframework.security.authentication.UsernamePasswordAuthenticationToken@a695872f: Principal: org.springframework.security.core.userdetails.User@a49e2b1: Username: admin@admin.com; Password: [PROTECTED]; Enabled: true; AccountNonExpired: true; credentialsNonExpired: true; AccountNonLocked: true; Granted Authorities: com.fool.demo.service.UserService$$Lambda$1747/0x0000000100f29440@53230f24; Credentials: [PROTECTED]; Authenticated: true; Details: org.springframework.security.web.authentication.WebAuthenticationDetails@957e: RemoteIpAddress: 127.0.0.1; SessionId: null; Granted Authorities: com.fool.demo.service.UserService$$Lambda$1747/0x0000000100f29440@53230f24
2021-12-17 16:54:43 [ec-6] DEBUG zeFilterInvocationSecurityMetadataSource : Request url:/vue-admin-template/user/info
2021-12-17 16:54:43 [ec-6] DEBUG c.f.d.m.A.selectRolesByUrl               : ==>  Preparing: select r.* from role_authority_relation rar join authority a on a.id = rar.AUTHORITY_ID join role r on r.id = rar.ROLE_ID where a.URL = ?
2021-12-17 16:54:43 [ec-6] DEBUG c.f.d.m.A.selectRolesByUrl               : ==> Parameters: /vue-admin-template/user/info(String)
2021-12-17 16:54:43 [ec-6] DEBUG c.f.d.m.A.selectRolesByUrl               : <==      Total: 0
