2021-12-20 10:03:47 [main] DEBUG com.fool.demo.DemoApplication            : Running with Spring Boot v2.3.4.RELEASE, Spring v5.2.9.RELEASE
2021-12-20 10:03:54 [main] DEBUG c.f.d.f.JwtAuthenticationFilter          : Filter 'jwtAuthenticationFilter' configured for use
2021-12-20 10:09:06 [main] DEBUG com.fool.demo.DemoApplication            : Running with Spring Boot v2.3.4.RELEASE, Spring v5.2.9.RELEASE
2021-12-20 10:09:18 [main] DEBUG c.f.d.f.JwtAuthenticationFilter          : Filter 'jwtAuthenticationFilter' configured for use
2021-12-20 10:09:38 [main] DEBUG c.f.d.r.ApplicationRunnerImpl            : Info Test
2021-12-20 10:29:03 [ec-1] DEBUG mizeUsernamePasswordAuthenticationFilter : Request is to process authentication
2021-12-20 10:29:04 [ec-1] DEBUG c.f.d.m.UserMapper.selectByEmail         : ==>  Preparing: select * from user where email = ?
2021-12-20 10:29:05 [ec-1] DEBUG c.f.d.m.UserMapper.selectByEmail         : ==> Parameters: admin@admin.com(String)
2021-12-20 10:29:05 [ec-1] DEBUG c.f.d.m.UserMapper.selectByEmail         : <==      Total: 1
2021-12-20 10:29:05 [ec-1] DEBUG c.f.d.m.R.selectByUserId                 : ==>  Preparing: select r.* from User_Role_Relation urr join Role r on r.id = urr.ROLE_ID where urr.USER_ID = ?
2021-12-20 10:29:05 [ec-1] DEBUG c.f.d.m.R.selectByUserId                 : ==> Parameters: 1(Integer)
2021-12-20 10:29:05 [ec-1] DEBUG c.f.d.m.R.selectByUserId                 : <==      Total: 1
2021-12-20 10:29:06 [ec-1] DEBUG mizeUsernamePasswordAuthenticationFilter : Authentication success. Updating SecurityContextHolder to contain: org.springframework.security.authentication.UsernamePasswordAuthenticationToken@fb641eae: Principal: org.springframework.security.core.userdetails.User@a49e2b1: Username: admin@admin.com; Password: [PROTECTED]; Enabled: true; AccountNonExpired: true; credentialsNonExpired: true; AccountNonLocked: true; Granted Authorities: com.fool.demo.service.UserService$$Lambda$1747/0x0000000100f36840@ed296a5; Credentials: [PROTECTED]; Authenticated: true; Details: org.springframework.security.web.authentication.WebAuthenticationDetails@957e: RemoteIpAddress: 127.0.0.1; SessionId: null; Granted Authorities: com.fool.demo.service.UserService$$Lambda$1747/0x0000000100f36840@ed296a5
2021-12-20 10:29:06 [ec-2] DEBUG mizeUsernamePasswordAuthenticationFilter : Request is to process authentication
2021-12-20 10:29:06 [ec-2] DEBUG c.f.d.m.UserMapper.selectByEmail         : ==>  Preparing: select * from user where email = ?
2021-12-20 10:29:06 [ec-2] DEBUG c.f.d.m.UserMapper.selectByEmail         : ==> Parameters: admin@admin.com(String)
2021-12-20 10:29:06 [ec-2] DEBUG c.f.d.m.UserMapper.selectByEmail         : <==      Total: 1
2021-12-20 10:29:06 [ec-2] DEBUG c.f.d.m.R.selectByUserId                 : ==>  Preparing: select r.* from User_Role_Relation urr join Role r on r.id = urr.ROLE_ID where urr.USER_ID = ?
2021-12-20 10:29:06 [ec-2] DEBUG c.f.d.m.R.selectByUserId                 : ==> Parameters: 1(Integer)
2021-12-20 10:29:06 [ec-2] DEBUG c.f.d.m.R.selectByUserId                 : <==      Total: 1
2021-12-20 10:29:07 [ec-2] DEBUG mizeUsernamePasswordAuthenticationFilter : Authentication success. Updating SecurityContextHolder to contain: org.springframework.security.authentication.UsernamePasswordAuthenticationToken@dedb931e: Principal: org.springframework.security.core.userdetails.User@a49e2b1: Username: admin@admin.com; Password: [PROTECTED]; Enabled: true; AccountNonExpired: true; credentialsNonExpired: true; AccountNonLocked: true; Granted Authorities: com.fool.demo.service.UserService$$Lambda$1747/0x0000000100f36840@2b6d1b15; Credentials: [PROTECTED]; Authenticated: true; Details: org.springframework.security.web.authentication.WebAuthenticationDetails@957e: RemoteIpAddress: 127.0.0.1; SessionId: null; Granted Authorities: com.fool.demo.service.UserService$$Lambda$1747/0x0000000100f36840@2b6d1b15
2021-12-20 10:29:07 [ec-3] DEBUG zeFilterInvocationSecurityMetadataSource : Request url:/vue-admin-template/user/info
2021-12-20 10:29:07 [ec-3] DEBUG c.f.d.m.A.selectRolesByUrl               : ==>  Preparing: select r.* from role_authority_relation rar join authority a on a.id = rar.AUTHORITY_ID join role r on r.id = rar.ROLE_ID where a.URL = ?
2021-12-20 10:29:07 [ec-3] DEBUG c.f.d.m.A.selectRolesByUrl               : ==> Parameters: /vue-admin-template/user/info(String)
2021-12-20 10:29:08 [ec-3] DEBUG c.f.d.m.A.selectRolesByUrl               : <==      Total: 0
2021-12-20 11:03:03 [ec-4] DEBUG mizeUsernamePasswordAuthenticationFilter : Request is to process authentication
2021-12-20 11:03:03 [ec-4] DEBUG c.f.d.m.UserMapper.selectByEmail         : ==>  Preparing: select * from user where email = ?
2021-12-20 11:03:03 [ec-4] DEBUG c.f.d.m.UserMapper.selectByEmail         : ==> Parameters: admin@admin.com(String)
2021-12-20 11:03:03 [ec-4] DEBUG c.f.d.m.UserMapper.selectByEmail         : <==      Total: 1
2021-12-20 11:03:03 [ec-4] DEBUG c.f.d.m.R.selectByUserId                 : ==>  Preparing: select r.* from User_Role_Relation urr join Role r on r.id = urr.ROLE_ID where urr.USER_ID = ?
2021-12-20 11:03:03 [ec-4] DEBUG c.f.d.m.R.selectByUserId                 : ==> Parameters: 1(Integer)
2021-12-20 11:03:03 [ec-4] DEBUG c.f.d.m.R.selectByUserId                 : <==      Total: 1
2021-12-20 11:03:04 [ec-4] DEBUG mizeUsernamePasswordAuthenticationFilter : Authentication success. Updating SecurityContextHolder to contain: org.springframework.security.authentication.UsernamePasswordAuthenticationToken@adbb7f43: Principal: org.springframework.security.core.userdetails.User@a49e2b1: Username: admin@admin.com; Password: [PROTECTED]; Enabled: true; AccountNonExpired: true; credentialsNonExpired: true; AccountNonLocked: true; Granted Authorities: com.fool.demo.service.UserService$$Lambda$1747/0x0000000100f36840@580df748; Credentials: [PROTECTED]; Authenticated: true; Details: org.springframework.security.web.authentication.WebAuthenticationDetails@957e: RemoteIpAddress: 127.0.0.1; SessionId: null; Granted Authorities: com.fool.demo.service.UserService$$Lambda$1747/0x0000000100f36840@580df748
2021-12-20 11:06:05 [ec-6] DEBUG mizeUsernamePasswordAuthenticationFilter : Request is to process authentication
2021-12-20 11:06:05 [ec-6] DEBUG c.f.d.m.UserMapper.selectByEmail         : ==>  Preparing: select * from user where email = ?
2021-12-20 11:06:05 [ec-6] DEBUG c.f.d.m.UserMapper.selectByEmail         : ==> Parameters: admin@admin.com(String)
2021-12-20 11:06:05 [ec-6] DEBUG c.f.d.m.UserMapper.selectByEmail         : <==      Total: 1
2021-12-20 11:06:05 [ec-6] DEBUG c.f.d.m.R.selectByUserId                 : ==>  Preparing: select r.* from User_Role_Relation urr join Role r on r.id = urr.ROLE_ID where urr.USER_ID = ?
2021-12-20 11:06:05 [ec-6] DEBUG c.f.d.m.R.selectByUserId                 : ==> Parameters: 1(Integer)
2021-12-20 11:06:05 [ec-6] DEBUG c.f.d.m.R.selectByUserId                 : <==      Total: 1
2021-12-20 11:06:05 [ec-6] DEBUG mizeUsernamePasswordAuthenticationFilter : Authentication success. Updating SecurityContextHolder to contain: org.springframework.security.authentication.UsernamePasswordAuthenticationToken@a0fbf940: Principal: org.springframework.security.core.userdetails.User@a49e2b1: Username: admin@admin.com; Password: [PROTECTED]; Enabled: true; AccountNonExpired: true; credentialsNonExpired: true; AccountNonLocked: true; Granted Authorities: com.fool.demo.service.UserService$$Lambda$1747/0x0000000100f36840@554d714b; Credentials: [PROTECTED]; Authenticated: true; Details: org.springframework.security.web.authentication.WebAuthenticationDetails@957e: RemoteIpAddress: 127.0.0.1; SessionId: null; Granted Authorities: com.fool.demo.service.UserService$$Lambda$1747/0x0000000100f36840@554d714b
2021-12-20 11:08:18 [ec-9] DEBUG mizeUsernamePasswordAuthenticationFilter : Request is to process authentication
2021-12-20 11:08:18 [ec-9] DEBUG c.f.d.m.UserMapper.selectByEmail         : ==>  Preparing: select * from user where email = ?
2021-12-20 11:08:18 [ec-9] DEBUG c.f.d.m.UserMapper.selectByEmail         : ==> Parameters: admin@admin.com(String)
2021-12-20 11:08:18 [ec-9] DEBUG c.f.d.m.UserMapper.selectByEmail         : <==      Total: 1
2021-12-20 11:08:18 [ec-9] DEBUG c.f.d.m.R.selectByUserId                 : ==>  Preparing: select r.* from User_Role_Relation urr join Role r on r.id = urr.ROLE_ID where urr.USER_ID = ?
2021-12-20 11:08:18 [ec-9] DEBUG c.f.d.m.R.selectByUserId                 : ==> Parameters: 1(Integer)
2021-12-20 11:08:18 [ec-9] DEBUG c.f.d.m.R.selectByUserId                 : <==      Total: 1
2021-12-20 11:08:18 [ec-9] DEBUG mizeUsernamePasswordAuthenticationFilter : Authentication success. Updating SecurityContextHolder to contain: org.springframework.security.authentication.UsernamePasswordAuthenticationToken@e2ff5684: Principal: org.springframework.security.core.userdetails.User@a49e2b1: Username: admin@admin.com; Password: [PROTECTED]; Enabled: true; AccountNonExpired: true; credentialsNonExpired: true; AccountNonLocked: true; Granted Authorities: com.fool.demo.service.UserService$$Lambda$1747/0x0000000100f36840@1749de8f; Credentials: [PROTECTED]; Authenticated: true; Details: org.springframework.security.web.authentication.WebAuthenticationDetails@957e: RemoteIpAddress: 127.0.0.1; SessionId: null; Granted Authorities: com.fool.demo.service.UserService$$Lambda$1747/0x0000000100f36840@1749de8f
2021-12-20 11:08:24 [ec-8] DEBUG zeFilterInvocationSecurityMetadataSource : Request url:/user/info
2021-12-20 11:08:24 [ec-8] DEBUG c.f.d.m.A.selectRolesByUrl               : ==>  Preparing: select r.* from role_authority_relation rar join authority a on a.id = rar.AUTHORITY_ID join role r on r.id = rar.ROLE_ID where a.URL = ?
2021-12-20 11:08:24 [ec-8] DEBUG c.f.d.m.A.selectRolesByUrl               : ==> Parameters: /user/info(String)
2021-12-20 11:08:24 [ec-8] DEBUG c.f.d.m.A.selectRolesByUrl               : <==      Total: 0
2021-12-20 11:09:09 [c-10] DEBUG mizeUsernamePasswordAuthenticationFilter : Request is to process authentication
2021-12-20 11:09:09 [c-10] DEBUG c.f.d.m.UserMapper.selectByEmail         : ==>  Preparing: select * from user where email = ?
2021-12-20 11:09:09 [c-10] DEBUG c.f.d.m.UserMapper.selectByEmail         : ==> Parameters: admin@admin.com(String)
2021-12-20 11:09:09 [c-10] DEBUG c.f.d.m.UserMapper.selectByEmail         : <==      Total: 1
2021-12-20 11:09:09 [c-10] DEBUG c.f.d.m.R.selectByUserId                 : ==>  Preparing: select r.* from User_Role_Relation urr join Role r on r.id = urr.ROLE_ID where urr.USER_ID = ?
2021-12-20 11:09:09 [c-10] DEBUG c.f.d.m.R.selectByUserId                 : ==> Parameters: 1(Integer)
2021-12-20 11:09:09 [c-10] DEBUG c.f.d.m.R.selectByUserId                 : <==      Total: 1
2021-12-20 11:09:09 [c-10] DEBUG mizeUsernamePasswordAuthenticationFilter : Authentication success. Updating SecurityContextHolder to contain: org.springframework.security.authentication.UsernamePasswordAuthenticationToken@9062011a: Principal: org.springframework.security.core.userdetails.User@a49e2b1: Username: admin@admin.com; Password: [PROTECTED]; Enabled: true; AccountNonExpired: true; credentialsNonExpired: true; AccountNonLocked: true; Granted Authorities: com.fool.demo.service.UserService$$Lambda$1747/0x0000000100f36840@65d48911; Credentials: [PROTECTED]; Authenticated: true; Details: org.springframework.security.web.authentication.WebAuthenticationDetails@957e: RemoteIpAddress: 127.0.0.1; SessionId: null; Granted Authorities: com.fool.demo.service.UserService$$Lambda$1747/0x0000000100f36840@65d48911
2021-12-20 11:11:16 [ec-2] DEBUG zeFilterInvocationSecurityMetadataSource : Request url:/user/info
2021-12-20 11:11:17 [ec-2] DEBUG c.f.d.m.A.selectRolesByUrl               : ==>  Preparing: select r.* from role_authority_relation rar join authority a on a.id = rar.AUTHORITY_ID join role r on r.id = rar.ROLE_ID where a.URL = ?
2021-12-20 11:11:17 [ec-2] DEBUG c.f.d.m.A.selectRolesByUrl               : ==> Parameters: /user/info(String)
2021-12-20 11:11:17 [ec-2] DEBUG c.f.d.m.A.selectRolesByUrl               : <==      Total: 0
2021-12-20 11:12:45 [ec-4] DEBUG mizeUsernamePasswordAuthenticationFilter : Request is to process authentication
2021-12-20 11:12:45 [ec-4] DEBUG c.f.d.m.UserMapper.selectByEmail         : ==>  Preparing: select * from user where email = ?
2021-12-20 11:12:45 [ec-4] DEBUG c.f.d.m.UserMapper.selectByEmail         : ==> Parameters: admin@admin.com(String)
2021-12-20 11:12:45 [ec-4] DEBUG c.f.d.m.UserMapper.selectByEmail         : <==      Total: 1
2021-12-20 11:12:45 [ec-4] DEBUG c.f.d.m.R.selectByUserId                 : ==>  Preparing: select r.* from User_Role_Relation urr join Role r on r.id = urr.ROLE_ID where urr.USER_ID = ?
2021-12-20 11:12:45 [ec-4] DEBUG c.f.d.m.R.selectByUserId                 : ==> Parameters: 1(Integer)
2021-12-20 11:12:45 [ec-4] DEBUG c.f.d.m.R.selectByUserId                 : <==      Total: 1
2021-12-20 11:12:46 [ec-4] DEBUG mizeUsernamePasswordAuthenticationFilter : Authentication success. Updating SecurityContextHolder to contain: org.springframework.security.authentication.UsernamePasswordAuthenticationToken@f0f2ccd1: Principal: org.springframework.security.core.userdetails.User@a49e2b1: Username: admin@admin.com; Password: [PROTECTED]; Enabled: true; AccountNonExpired: true; credentialsNonExpired: true; AccountNonLocked: true; Granted Authorities: com.fool.demo.service.UserService$$Lambda$1747/0x0000000100f36840@54444da; Credentials: [PROTECTED]; Authenticated: true; Details: org.springframework.security.web.authentication.WebAuthenticationDetails@957e: RemoteIpAddress: 127.0.0.1; SessionId: null; Granted Authorities: com.fool.demo.service.UserService$$Lambda$1747/0x0000000100f36840@54444da
2021-12-20 11:12:56 [ec-5] DEBUG zeFilterInvocationSecurityMetadataSource : Request url:/user/info
2021-12-20 11:12:56 [ec-5] DEBUG c.f.d.m.A.selectRolesByUrl               : ==>  Preparing: select r.* from role_authority_relation rar join authority a on a.id = rar.AUTHORITY_ID join role r on r.id = rar.ROLE_ID where a.URL = ?
2021-12-20 11:12:56 [ec-5] DEBUG c.f.d.m.A.selectRolesByUrl               : ==> Parameters: /user/info(String)
2021-12-20 11:12:56 [ec-5] DEBUG c.f.d.m.A.selectRolesByUrl               : <==      Total: 0
2021-12-20 11:19:55 [ec-7] DEBUG zeFilterInvocationSecurityMetadataSource : Request url:/user/info
2021-12-20 11:19:55 [ec-7] DEBUG c.f.d.m.A.selectRolesByUrl               : ==>  Preparing: select r.* from role_authority_relation rar join authority a on a.id = rar.AUTHORITY_ID join role r on r.id = rar.ROLE_ID where a.URL = ?
2021-12-20 11:19:55 [ec-7] DEBUG c.f.d.m.A.selectRolesByUrl               : ==> Parameters: /user/info(String)
2021-12-20 11:19:56 [ec-7] DEBUG c.f.d.m.A.selectRolesByUrl               : <==      Total: 0
2021-12-20 11:34:15 [ec-8] DEBUG zeFilterInvocationSecurityMetadataSource : Request url:/user/info
2021-12-20 11:34:15 [ec-8] DEBUG c.f.d.m.A.selectRolesByUrl               : ==>  Preparing: select r.* from role_authority_relation rar join authority a on a.id = rar.AUTHORITY_ID join role r on r.id = rar.ROLE_ID where a.URL = ?
2021-12-20 11:34:15 [ec-8] DEBUG c.f.d.m.A.selectRolesByUrl               : ==> Parameters: /user/info(String)
2021-12-20 11:34:16 [ec-8] DEBUG c.f.d.m.A.selectRolesByUrl               : <==      Total: 0
2021-12-20 11:36:31 [ec-1] DEBUG zeFilterInvocationSecurityMetadataSource : Request url:/user/info
2021-12-20 11:36:31 [ec-1] DEBUG c.f.d.m.A.selectRolesByUrl               : ==>  Preparing: select r.* from role_authority_relation rar join authority a on a.id = rar.AUTHORITY_ID join role r on r.id = rar.ROLE_ID where a.URL = ?
2021-12-20 11:36:31 [ec-1] DEBUG c.f.d.m.A.selectRolesByUrl               : ==> Parameters: /user/info(String)
2021-12-20 11:36:32 [ec-1] DEBUG c.f.d.m.A.selectRolesByUrl               : <==      Total: 0
2021-12-20 11:36:45 [ec-2] DEBUG mizeUsernamePasswordAuthenticationFilter : Request is to process authentication
2021-12-20 11:36:45 [ec-2] DEBUG c.f.d.m.UserMapper.selectByEmail         : ==>  Preparing: select * from user where email = ?
2021-12-20 11:36:45 [ec-2] DEBUG c.f.d.m.UserMapper.selectByEmail         : ==> Parameters: admin@admin.com(String)
2021-12-20 11:36:45 [ec-2] DEBUG c.f.d.m.UserMapper.selectByEmail         : <==      Total: 1
2021-12-20 11:36:45 [ec-2] DEBUG c.f.d.m.R.selectByUserId                 : ==>  Preparing: select r.* from User_Role_Relation urr join Role r on r.id = urr.ROLE_ID where urr.USER_ID = ?
2021-12-20 11:36:45 [ec-2] DEBUG c.f.d.m.R.selectByUserId                 : ==> Parameters: 1(Integer)
2021-12-20 11:36:45 [ec-2] DEBUG c.f.d.m.R.selectByUserId                 : <==      Total: 1
2021-12-20 11:36:45 [ec-2] DEBUG mizeUsernamePasswordAuthenticationFilter : Authentication success. Updating SecurityContextHolder to contain: org.springframework.security.authentication.UsernamePasswordAuthenticationToken@d9dd07b5: Principal: org.springframework.security.core.userdetails.User@a49e2b1: Username: admin@admin.com; Password: [PROTECTED]; Enabled: true; AccountNonExpired: true; credentialsNonExpired: true; AccountNonLocked: true; Granted Authorities: com.fool.demo.service.UserService$$Lambda$1747/0x0000000100f36840@2c6b8fbe; Credentials: [PROTECTED]; Authenticated: true; Details: org.springframework.security.web.authentication.WebAuthenticationDetails@957e: RemoteIpAddress: 127.0.0.1; SessionId: null; Granted Authorities: com.fool.demo.service.UserService$$Lambda$1747/0x0000000100f36840@2c6b8fbe
2021-12-20 11:36:49 [ec-3] DEBUG zeFilterInvocationSecurityMetadataSource : Request url:/user/info
2021-12-20 11:36:49 [ec-3] DEBUG c.f.d.m.A.selectRolesByUrl               : ==>  Preparing: select r.* from role_authority_relation rar join authority a on a.id = rar.AUTHORITY_ID join role r on r.id = rar.ROLE_ID where a.URL = ?
2021-12-20 11:36:49 [ec-3] DEBUG c.f.d.m.A.selectRolesByUrl               : ==> Parameters: /user/info(String)
2021-12-20 11:36:49 [ec-3] DEBUG c.f.d.m.A.selectRolesByUrl               : <==      Total: 0
2021-12-20 11:38:02 [ec-5] DEBUG mizeUsernamePasswordAuthenticationFilter : Request is to process authentication
2021-12-20 11:38:02 [ec-5] DEBUG c.f.d.m.UserMapper.selectByEmail         : ==>  Preparing: select * from user where email = ?
2021-12-20 11:38:02 [ec-5] DEBUG c.f.d.m.UserMapper.selectByEmail         : ==> Parameters: admin@admin.com(String)
2021-12-20 11:38:02 [ec-5] DEBUG c.f.d.m.UserMapper.selectByEmail         : <==      Total: 1
2021-12-20 11:38:02 [ec-5] DEBUG c.f.d.m.R.selectByUserId                 : ==>  Preparing: select r.* from User_Role_Relation urr join Role r on r.id = urr.ROLE_ID where urr.USER_ID = ?
2021-12-20 11:38:02 [ec-5] DEBUG c.f.d.m.R.selectByUserId                 : ==> Parameters: 1(Integer)
2021-12-20 11:38:02 [ec-5] DEBUG c.f.d.m.R.selectByUserId                 : <==      Total: 1
2021-12-20 11:38:03 [ec-5] DEBUG mizeUsernamePasswordAuthenticationFilter : Authentication success. Updating SecurityContextHolder to contain: org.springframework.security.authentication.UsernamePasswordAuthenticationToken@d297bf2c: Principal: org.springframework.security.core.userdetails.User@a49e2b1: Username: admin@admin.com; Password: [PROTECTED]; Enabled: true; AccountNonExpired: true; credentialsNonExpired: true; AccountNonLocked: true; Granted Authorities: com.fool.demo.service.UserService$$Lambda$1747/0x0000000100f36840@27213727; Credentials: [PROTECTED]; Authenticated: true; Details: org.springframework.security.web.authentication.WebAuthenticationDetails@957e: RemoteIpAddress: 127.0.0.1; SessionId: null; Granted Authorities: com.fool.demo.service.UserService$$Lambda$1747/0x0000000100f36840@27213727
2021-12-20 11:38:03 [ec-6] DEBUG zeFilterInvocationSecurityMetadataSource : Request url:/user/info
2021-12-20 11:38:03 [ec-6] DEBUG c.f.d.m.A.selectRolesByUrl               : ==>  Preparing: select r.* from role_authority_relation rar join authority a on a.id = rar.AUTHORITY_ID join role r on r.id = rar.ROLE_ID where a.URL = ?
2021-12-20 11:38:03 [ec-6] DEBUG c.f.d.m.A.selectRolesByUrl               : ==> Parameters: /user/info(String)
2021-12-20 11:38:03 [ec-6] DEBUG c.f.d.m.A.selectRolesByUrl               : <==      Total: 0
2021-12-20 11:38:10 [ec-7] DEBUG mizeUsernamePasswordAuthenticationFilter : Request is to process authentication
2021-12-20 11:38:10 [ec-7] DEBUG c.f.d.m.UserMapper.selectByEmail         : ==>  Preparing: select * from user where email = ?
2021-12-20 11:38:10 [ec-7] DEBUG c.f.d.m.UserMapper.selectByEmail         : ==> Parameters: admin@admin.com(String)
2021-12-20 11:38:10 [ec-7] DEBUG c.f.d.m.UserMapper.selectByEmail         : <==      Total: 1
2021-12-20 11:38:10 [ec-7] DEBUG c.f.d.m.R.selectByUserId                 : ==>  Preparing: select r.* from User_Role_Relation urr join Role r on r.id = urr.ROLE_ID where urr.USER_ID = ?
2021-12-20 11:38:10 [ec-7] DEBUG c.f.d.m.R.selectByUserId                 : ==> Parameters: 1(Integer)
2021-12-20 11:38:10 [ec-7] DEBUG c.f.d.m.R.selectByUserId                 : <==      Total: 1
2021-12-20 11:38:10 [ec-7] DEBUG mizeUsernamePasswordAuthenticationFilter : Authentication success. Updating SecurityContextHolder to contain: org.springframework.security.authentication.UsernamePasswordAuthenticationToken@a7ddbae0: Principal: org.springframework.security.core.userdetails.User@a49e2b1: Username: admin@admin.com; Password: [PROTECTED]; Enabled: true; AccountNonExpired: true; credentialsNonExpired: true; AccountNonLocked: true; Granted Authorities: com.fool.demo.service.UserService$$Lambda$1747/0x0000000100f36840@526b32eb; Credentials: [PROTECTED]; Authenticated: true; Details: org.springframework.security.web.authentication.WebAuthenticationDetails@957e: RemoteIpAddress: 127.0.0.1; SessionId: null; Granted Authorities: com.fool.demo.service.UserService$$Lambda$1747/0x0000000100f36840@526b32eb
2021-12-20 11:38:10 [ec-9] DEBUG zeFilterInvocationSecurityMetadataSource : Request url:/user/info
2021-12-20 11:38:10 [ec-9] DEBUG c.f.d.m.A.selectRolesByUrl               : ==>  Preparing: select r.* from role_authority_relation rar join authority a on a.id = rar.AUTHORITY_ID join role r on r.id = rar.ROLE_ID where a.URL = ?
2021-12-20 11:38:10 [ec-9] DEBUG c.f.d.m.A.selectRolesByUrl               : ==> Parameters: /user/info(String)
2021-12-20 11:38:10 [ec-9] DEBUG c.f.d.m.A.selectRolesByUrl               : <==      Total: 0
2021-12-20 11:38:38 [ec-8] DEBUG zeFilterInvocationSecurityMetadataSource : Request url:/user/info
2021-12-20 11:38:38 [ec-8] DEBUG c.f.d.m.A.selectRolesByUrl               : ==>  Preparing: select r.* from role_authority_relation rar join authority a on a.id = rar.AUTHORITY_ID join role r on r.id = rar.ROLE_ID where a.URL = ?
2021-12-20 11:38:38 [ec-8] DEBUG c.f.d.m.A.selectRolesByUrl               : ==> Parameters: /user/info(String)
2021-12-20 11:38:38 [ec-8] DEBUG c.f.d.m.A.selectRolesByUrl               : <==      Total: 0
2021-12-20 11:39:00 [c-10] DEBUG mizeUsernamePasswordAuthenticationFilter : Request is to process authentication
2021-12-20 11:39:00 [c-10] DEBUG c.f.d.m.UserMapper.selectByEmail         : ==>  Preparing: select * from user where email = ?
2021-12-20 11:39:00 [c-10] DEBUG c.f.d.m.UserMapper.selectByEmail         : ==> Parameters: admin@admin.com(String)
2021-12-20 11:39:00 [c-10] DEBUG c.f.d.m.UserMapper.selectByEmail         : <==      Total: 1
2021-12-20 11:39:00 [c-10] DEBUG c.f.d.m.R.selectByUserId                 : ==>  Preparing: select r.* from User_Role_Relation urr join Role r on r.id = urr.ROLE_ID where urr.USER_ID = ?
2021-12-20 11:39:00 [c-10] DEBUG c.f.d.m.R.selectByUserId                 : ==> Parameters: 1(Integer)
2021-12-20 11:39:00 [c-10] DEBUG c.f.d.m.R.selectByUserId                 : <==      Total: 1
2021-12-20 11:39:00 [c-10] DEBUG mizeUsernamePasswordAuthenticationFilter : Authentication success. Updating SecurityContextHolder to contain: org.springframework.security.authentication.UsernamePasswordAuthenticationToken@d488137b: Principal: org.springframework.security.core.userdetails.User@a49e2b1: Username: admin@admin.com; Password: [PROTECTED]; Enabled: true; AccountNonExpired: true; credentialsNonExpired: true; AccountNonLocked: true; Granted Authorities: com.fool.demo.service.UserService$$Lambda$1747/0x0000000100f36840@213e9b70; Credentials: [PROTECTED]; Authenticated: true; Details: org.springframework.security.web.authentication.WebAuthenticationDetails@957e: RemoteIpAddress: 127.0.0.1; SessionId: null; Granted Authorities: com.fool.demo.service.UserService$$Lambda$1747/0x0000000100f36840@213e9b70
2021-12-20 11:39:01 [ec-1] DEBUG zeFilterInvocationSecurityMetadataSource : Request url:/user/info
2021-12-20 11:39:01 [ec-1] DEBUG c.f.d.m.A.selectRolesByUrl               : ==>  Preparing: select r.* from role_authority_relation rar join authority a on a.id = rar.AUTHORITY_ID join role r on r.id = rar.ROLE_ID where a.URL = ?
2021-12-20 11:39:01 [ec-1] DEBUG c.f.d.m.A.selectRolesByUrl               : ==> Parameters: /user/info(String)
2021-12-20 11:39:01 [ec-1] DEBUG c.f.d.m.A.selectRolesByUrl               : <==      Total: 0
2021-12-20 11:39:42 [ec-2] DEBUG mizeUsernamePasswordAuthenticationFilter : Request is to process authentication
2021-12-20 11:39:42 [ec-2] DEBUG c.f.d.m.UserMapper.selectByEmail         : ==>  Preparing: select * from user where email = ?
2021-12-20 11:39:42 [ec-2] DEBUG c.f.d.m.UserMapper.selectByEmail         : ==> Parameters: admin@admin.com(String)
2021-12-20 11:39:42 [ec-2] DEBUG c.f.d.m.UserMapper.selectByEmail         : <==      Total: 1
2021-12-20 11:39:42 [ec-2] DEBUG c.f.d.m.R.selectByUserId                 : ==>  Preparing: select r.* from User_Role_Relation urr join Role r on r.id = urr.ROLE_ID where urr.USER_ID = ?
2021-12-20 11:39:42 [ec-2] DEBUG c.f.d.m.R.selectByUserId                 : ==> Parameters: 1(Integer)
2021-12-20 11:39:42 [ec-2] DEBUG c.f.d.m.R.selectByUserId                 : <==      Total: 1
2021-12-20 11:39:42 [ec-2] DEBUG mizeUsernamePasswordAuthenticationFilter : Authentication success. Updating SecurityContextHolder to contain: org.springframework.security.authentication.UsernamePasswordAuthenticationToken@f52c2b96: Principal: org.springframework.security.core.userdetails.User@a49e2b1: Username: admin@admin.com; Password: [PROTECTED]; Enabled: true; AccountNonExpired: true; credentialsNonExpired: true; AccountNonLocked: true; Granted Authorities: com.fool.demo.service.UserService$$Lambda$1747/0x0000000100f36840@9aa39d; Credentials: [PROTECTED]; Authenticated: true; Details: org.springframework.security.web.authentication.WebAuthenticationDetails@957e: RemoteIpAddress: 127.0.0.1; SessionId: null; Granted Authorities: com.fool.demo.service.UserService$$Lambda$1747/0x0000000100f36840@9aa39d
2021-12-20 11:40:58 [ec-4] DEBUG mizeUsernamePasswordAuthenticationFilter : Request is to process authentication
2021-12-20 11:40:58 [ec-4] DEBUG c.f.d.m.UserMapper.selectByEmail         : ==>  Preparing: select * from user where email = ?
2021-12-20 11:40:58 [ec-4] DEBUG c.f.d.m.UserMapper.selectByEmail         : ==> Parameters: admin@admin.com(String)
2021-12-20 11:40:58 [ec-4] DEBUG c.f.d.m.UserMapper.selectByEmail         : <==      Total: 1
2021-12-20 11:40:58 [ec-4] DEBUG c.f.d.m.R.selectByUserId                 : ==>  Preparing: select r.* from User_Role_Relation urr join Role r on r.id = urr.ROLE_ID where urr.USER_ID = ?
2021-12-20 11:40:58 [ec-4] DEBUG c.f.d.m.R.selectByUserId                 : ==> Parameters: 1(Integer)
2021-12-20 11:40:58 [ec-4] DEBUG c.f.d.m.R.selectByUserId                 : <==      Total: 1
2021-12-20 11:40:59 [ec-4] DEBUG mizeUsernamePasswordAuthenticationFilter : Authentication success. Updating SecurityContextHolder to contain: org.springframework.security.authentication.UsernamePasswordAuthenticationToken@f3ebd587: Principal: org.springframework.security.core.userdetails.User@a49e2b1: Username: admin@admin.com; Password: [PROTECTED]; Enabled: true; AccountNonExpired: true; credentialsNonExpired: true; AccountNonLocked: true; Granted Authorities: com.fool.demo.service.UserService$$Lambda$1747/0x0000000100f36840@65d5d8c; Credentials: [PROTECTED]; Authenticated: true; Details: org.springframework.security.web.authentication.WebAuthenticationDetails@957e: RemoteIpAddress: 127.0.0.1; SessionId: null; Granted Authorities: com.fool.demo.service.UserService$$Lambda$1747/0x0000000100f36840@65d5d8c
2021-12-20 11:41:19 [ec-5] DEBUG mizeUsernamePasswordAuthenticationFilter : Request is to process authentication
2021-12-20 11:41:19 [ec-5] DEBUG c.f.d.m.UserMapper.selectByEmail         : ==>  Preparing: select * from user where email = ?
2021-12-20 11:41:19 [ec-5] DEBUG c.f.d.m.UserMapper.selectByEmail         : ==> Parameters: admin@admin.com(String)
2021-12-20 11:41:19 [ec-5] DEBUG c.f.d.m.UserMapper.selectByEmail         : <==      Total: 1
2021-12-20 11:41:19 [ec-5] DEBUG c.f.d.m.R.selectByUserId                 : ==>  Preparing: select r.* from User_Role_Relation urr join Role r on r.id = urr.ROLE_ID where urr.USER_ID = ?
2021-12-20 11:41:19 [ec-5] DEBUG c.f.d.m.R.selectByUserId                 : ==> Parameters: 1(Integer)
2021-12-20 11:41:19 [ec-5] DEBUG c.f.d.m.R.selectByUserId                 : <==      Total: 1
2021-12-20 11:41:19 [ec-5] DEBUG mizeUsernamePasswordAuthenticationFilter : Authentication success. Updating SecurityContextHolder to contain: org.springframework.security.authentication.UsernamePasswordAuthenticationToken@d92e22c6: Principal: org.springframework.security.core.userdetails.User@a49e2b1: Username: admin@admin.com; Password: [PROTECTED]; Enabled: true; AccountNonExpired: true; credentialsNonExpired: true; AccountNonLocked: true; Granted Authorities: com.fool.demo.service.UserService$$Lambda$1747/0x0000000100f36840@2c98aacd; Credentials: [PROTECTED]; Authenticated: true; Details: org.springframework.security.web.authentication.WebAuthenticationDetails@957e: RemoteIpAddress: 127.0.0.1; SessionId: null; Granted Authorities: com.fool.demo.service.UserService$$Lambda$1747/0x0000000100f36840@2c98aacd
2021-12-20 11:41:20 [ec-6] DEBUG zeFilterInvocationSecurityMetadataSource : Request url:/user/info
2021-12-20 11:41:20 [ec-6] DEBUG c.f.d.m.A.selectRolesByUrl               : ==>  Preparing: select r.* from role_authority_relation rar join authority a on a.id = rar.AUTHORITY_ID join role r on r.id = rar.ROLE_ID where a.URL = ?
2021-12-20 11:41:20 [ec-6] DEBUG c.f.d.m.A.selectRolesByUrl               : ==> Parameters: /user/info(String)
2021-12-20 11:41:20 [ec-6] DEBUG c.f.d.m.A.selectRolesByUrl               : <==      Total: 0
2021-12-20 13:31:26 [ec-7] DEBUG mizeUsernamePasswordAuthenticationFilter : Request is to process authentication
2021-12-20 13:31:26 [ec-7] DEBUG c.f.d.m.UserMapper.selectByEmail         : ==>  Preparing: select * from user where email = ?
2021-12-20 13:31:26 [ec-7] DEBUG c.f.d.m.UserMapper.selectByEmail         : ==> Parameters: admin@admin.com(String)
2021-12-20 13:31:27 [ec-7] DEBUG c.f.d.m.UserMapper.selectByEmail         : <==      Total: 1
2021-12-20 13:31:27 [ec-7] DEBUG c.f.d.m.R.selectByUserId                 : ==>  Preparing: select r.* from User_Role_Relation urr join Role r on r.id = urr.ROLE_ID where urr.USER_ID = ?
2021-12-20 13:31:27 [ec-7] DEBUG c.f.d.m.R.selectByUserId                 : ==> Parameters: 1(Integer)
2021-12-20 13:31:27 [ec-7] DEBUG c.f.d.m.R.selectByUserId                 : <==      Total: 1
2021-12-20 13:31:27 [ec-7] DEBUG mizeUsernamePasswordAuthenticationFilter : Authentication success. Updating SecurityContextHolder to contain: org.springframework.security.authentication.UsernamePasswordAuthenticationToken@aa265304: Principal: org.springframework.security.core.userdetails.User@a49e2b1: Username: admin@admin.com; Password: [PROTECTED]; Enabled: true; AccountNonExpired: true; credentialsNonExpired: true; AccountNonLocked: true; Granted Authorities: com.fool.demo.service.UserService$$Lambda$1747/0x0000000100f36840@5f90db0f; Credentials: [PROTECTED]; Authenticated: true; Details: org.springframework.security.web.authentication.WebAuthenticationDetails@957e: RemoteIpAddress: 127.0.0.1; SessionId: null; Granted Authorities: com.fool.demo.service.UserService$$Lambda$1747/0x0000000100f36840@5f90db0f
2021-12-20 13:31:27 [ec-9] DEBUG zeFilterInvocationSecurityMetadataSource : Request url:/user/info
2021-12-20 13:31:27 [ec-9] DEBUG c.f.d.m.A.selectRolesByUrl               : ==>  Preparing: select r.* from role_authority_relation rar join authority a on a.id = rar.AUTHORITY_ID join role r on r.id = rar.ROLE_ID where a.URL = ?
2021-12-20 13:31:27 [ec-9] DEBUG c.f.d.m.A.selectRolesByUrl               : ==> Parameters: /user/info(String)
2021-12-20 13:31:27 [ec-9] DEBUG c.f.d.m.A.selectRolesByUrl               : <==      Total: 0
2021-12-20 13:34:26 [ec-8] DEBUG mizeUsernamePasswordAuthenticationFilter : Request is to process authentication
2021-12-20 13:34:26 [ec-8] DEBUG c.f.d.m.UserMapper.selectByEmail         : ==>  Preparing: select * from user where email = ?
2021-12-20 13:34:26 [ec-8] DEBUG c.f.d.m.UserMapper.selectByEmail         : ==> Parameters: admin@admin.com(String)
2021-12-20 13:34:26 [ec-8] DEBUG c.f.d.m.UserMapper.selectByEmail         : <==      Total: 1
2021-12-20 13:34:26 [ec-8] DEBUG c.f.d.m.R.selectByUserId                 : ==>  Preparing: select r.* from User_Role_Relation urr join Role r on r.id = urr.ROLE_ID where urr.USER_ID = ?
2021-12-20 13:34:26 [ec-8] DEBUG c.f.d.m.R.selectByUserId                 : ==> Parameters: 1(Integer)
2021-12-20 13:34:27 [ec-8] DEBUG c.f.d.m.R.selectByUserId                 : <==      Total: 1
2021-12-20 13:34:27 [ec-8] DEBUG mizeUsernamePasswordAuthenticationFilter : Authentication success. Updating SecurityContextHolder to contain: org.springframework.security.authentication.UsernamePasswordAuthenticationToken@9815912c: Principal: org.springframework.security.core.userdetails.User@a49e2b1: Username: admin@admin.com; Password: [PROTECTED]; Enabled: true; AccountNonExpired: true; credentialsNonExpired: true; AccountNonLocked: true; Granted Authorities: com.fool.demo.service.UserService$$Lambda$1747/0x0000000100f36840@6da31927; Credentials: [PROTECTED]; Authenticated: true; Details: org.springframework.security.web.authentication.WebAuthenticationDetails@957e: RemoteIpAddress: 127.0.0.1; SessionId: null; Granted Authorities: com.fool.demo.service.UserService$$Lambda$1747/0x0000000100f36840@6da31927
2021-12-20 13:34:58 [c-10] DEBUG mizeUsernamePasswordAuthenticationFilter : Request is to process authentication
2021-12-20 13:34:58 [c-10] DEBUG c.f.d.m.UserMapper.selectByEmail         : ==>  Preparing: select * from user where email = ?
2021-12-20 13:34:58 [c-10] DEBUG c.f.d.m.UserMapper.selectByEmail         : ==> Parameters: admin@admin.com(String)
2021-12-20 13:34:58 [c-10] DEBUG c.f.d.m.UserMapper.selectByEmail         : <==      Total: 1
2021-12-20 13:34:58 [c-10] DEBUG c.f.d.m.R.selectByUserId                 : ==>  Preparing: select r.* from User_Role_Relation urr join Role r on r.id = urr.ROLE_ID where urr.USER_ID = ?
2021-12-20 13:34:58 [c-10] DEBUG c.f.d.m.R.selectByUserId                 : ==> Parameters: 1(Integer)
2021-12-20 13:34:58 [c-10] DEBUG c.f.d.m.R.selectByUserId                 : <==      Total: 1
2021-12-20 13:34:59 [c-10] DEBUG mizeUsernamePasswordAuthenticationFilter : Authentication success. Updating SecurityContextHolder to contain: org.springframework.security.authentication.UsernamePasswordAuthenticationToken@fd98f80b: Principal: org.springframework.security.core.userdetails.User@a49e2b1: Username: admin@admin.com; Password: [PROTECTED]; Enabled: true; AccountNonExpired: true; credentialsNonExpired: true; AccountNonLocked: true; Granted Authorities: com.fool.demo.service.UserService$$Lambda$1747/0x0000000100f36840@82e7000; Credentials: [PROTECTED]; Authenticated: true; Details: org.springframework.security.web.authentication.WebAuthenticationDetails@957e: RemoteIpAddress: 127.0.0.1; SessionId: null; Granted Authorities: com.fool.demo.service.UserService$$Lambda$1747/0x0000000100f36840@82e7000
2021-12-20 13:35:00 [ec-1] DEBUG mizeUsernamePasswordAuthenticationFilter : Request is to process authentication
2021-12-20 13:35:00 [ec-1] DEBUG c.f.d.m.UserMapper.selectByEmail         : ==>  Preparing: select * from user where email = ?
2021-12-20 13:35:00 [ec-1] DEBUG c.f.d.m.UserMapper.selectByEmail         : ==> Parameters: admin@admin.com(String)
2021-12-20 13:35:00 [ec-1] DEBUG c.f.d.m.UserMapper.selectByEmail         : <==      Total: 1
2021-12-20 13:35:00 [ec-1] DEBUG c.f.d.m.R.selectByUserId                 : ==>  Preparing: select r.* from User_Role_Relation urr join Role r on r.id = urr.ROLE_ID where urr.USER_ID = ?
2021-12-20 13:35:00 [ec-1] DEBUG c.f.d.m.R.selectByUserId                 : ==> Parameters: 1(Integer)
2021-12-20 13:35:00 [ec-1] DEBUG c.f.d.m.R.selectByUserId                 : <==      Total: 1
2021-12-20 13:35:00 [ec-1] DEBUG mizeUsernamePasswordAuthenticationFilter : Authentication success. Updating SecurityContextHolder to contain: org.springframework.security.authentication.UsernamePasswordAuthenticationToken@e20cb19a: Principal: org.springframework.security.core.userdetails.User@a49e2b1: Username: admin@admin.com; Password: [PROTECTED]; Enabled: true; AccountNonExpired: true; credentialsNonExpired: true; AccountNonLocked: true; Granted Authorities: com.fool.demo.service.UserService$$Lambda$1747/0x0000000100f36840@17ba3991; Credentials: [PROTECTED]; Authenticated: true; Details: org.springframework.security.web.authentication.WebAuthenticationDetails@957e: RemoteIpAddress: 127.0.0.1; SessionId: null; Granted Authorities: com.fool.demo.service.UserService$$Lambda$1747/0x0000000100f36840@17ba3991
2021-12-20 13:40:52 [ec-4] DEBUG mizeUsernamePasswordAuthenticationFilter : Request is to process authentication
2021-12-20 13:40:52 [ec-4] DEBUG c.f.d.m.UserMapper.selectByEmail         : ==>  Preparing: select * from user where email = ?
2021-12-20 13:40:52 [ec-4] DEBUG c.f.d.m.UserMapper.selectByEmail         : ==> Parameters: admin@admin.com(String)
2021-12-20 13:40:52 [ec-4] DEBUG c.f.d.m.UserMapper.selectByEmail         : <==      Total: 1
2021-12-20 13:40:52 [ec-4] DEBUG c.f.d.m.R.selectByUserId                 : ==>  Preparing: select r.* from User_Role_Relation urr join Role r on r.id = urr.ROLE_ID where urr.USER_ID = ?
2021-12-20 13:40:52 [ec-4] DEBUG c.f.d.m.R.selectByUserId                 : ==> Parameters: 1(Integer)
2021-12-20 13:40:52 [ec-4] DEBUG c.f.d.m.R.selectByUserId                 : <==      Total: 1
2021-12-20 13:40:52 [ec-4] DEBUG mizeUsernamePasswordAuthenticationFilter : Authentication success. Updating SecurityContextHolder to contain: org.springframework.security.authentication.UsernamePasswordAuthenticationToken@f0ea2b81: Principal: org.springframework.security.core.userdetails.User@a49e2b1: Username: admin@admin.com; Password: [PROTECTED]; Enabled: true; AccountNonExpired: true; credentialsNonExpired: true; AccountNonLocked: true; Granted Authorities: com.fool.demo.service.UserService$$Lambda$1747/0x0000000100f36840@55ca38a; Credentials: [PROTECTED]; Authenticated: true; Details: org.springframework.security.web.authentication.WebAuthenticationDetails@957e: RemoteIpAddress: 127.0.0.1; SessionId: null; Granted Authorities: com.fool.demo.service.UserService$$Lambda$1747/0x0000000100f36840@55ca38a
2021-12-20 13:40:53 [ec-5] DEBUG zeFilterInvocationSecurityMetadataSource : Request url:/user/info
2021-12-20 13:40:53 [ec-5] DEBUG c.f.d.m.A.selectRolesByUrl               : ==>  Preparing: select r.* from role_authority_relation rar join authority a on a.id = rar.AUTHORITY_ID join role r on r.id = rar.ROLE_ID where a.URL = ?
2021-12-20 13:40:53 [ec-5] DEBUG c.f.d.m.A.selectRolesByUrl               : ==> Parameters: /user/info(String)
2021-12-20 13:40:53 [ec-5] DEBUG c.f.d.m.A.selectRolesByUrl               : <==      Total: 0
2021-12-20 13:43:09 [ec-6] DEBUG mizeUsernamePasswordAuthenticationFilter : Request is to process authentication
2021-12-20 13:43:09 [ec-6] DEBUG c.f.d.m.UserMapper.selectByEmail         : ==>  Preparing: select * from user where email = ?
2021-12-20 13:43:09 [ec-6] DEBUG c.f.d.m.UserMapper.selectByEmail         : ==> Parameters: admin@admin.com(String)
2021-12-20 13:43:09 [ec-6] DEBUG c.f.d.m.UserMapper.selectByEmail         : <==      Total: 1
2021-12-20 13:43:09 [ec-6] DEBUG c.f.d.m.R.selectByUserId                 : ==>  Preparing: select r.* from User_Role_Relation urr join Role r on r.id = urr.ROLE_ID where urr.USER_ID = ?
2021-12-20 13:43:09 [ec-6] DEBUG c.f.d.m.R.selectByUserId                 : ==> Parameters: 1(Integer)
2021-12-20 13:43:09 [ec-6] DEBUG c.f.d.m.R.selectByUserId                 : <==      Total: 1
2021-12-20 13:43:09 [ec-6] DEBUG mizeUsernamePasswordAuthenticationFilter : Authentication success. Updating SecurityContextHolder to contain: org.springframework.security.authentication.UsernamePasswordAuthenticationToken@933bc1e8: Principal: org.springframework.security.core.userdetails.User@a49e2b1: Username: admin@admin.com; Password: [PROTECTED]; Enabled: true; AccountNonExpired: true; credentialsNonExpired: true; AccountNonLocked: true; Granted Authorities: com.fool.demo.service.UserService$$Lambda$1747/0x0000000100f36840@668d49e3; Credentials: [PROTECTED]; Authenticated: true; Details: org.springframework.security.web.authentication.WebAuthenticationDetails@957e: RemoteIpAddress: 127.0.0.1; SessionId: null; Granted Authorities: com.fool.demo.service.UserService$$Lambda$1747/0x0000000100f36840@668d49e3
2021-12-20 13:43:09 [ec-7] DEBUG zeFilterInvocationSecurityMetadataSource : Request url:/user/info?token=eyJ0eXAiOiJKV1QiLCJhbGciOiJIUzI1NiJ9.eyJyb2xlcyI6WyJBZG1pbiJdLCJleHAiOjE2Mzk5Nzk1OTQsImlhdCI6MTYzOTk3ODk4OSwidXNlcm5hbWUiOiJhZG1pbkBhZG1pbi5jb20ifQ.wtc9pRVocdJqdptgDa9SsdoR-uNDHVozWnffO1NT77g
2021-12-20 13:43:09 [ec-7] DEBUG c.f.d.m.A.selectRolesByUrl               : ==>  Preparing: select r.* from role_authority_relation rar join authority a on a.id = rar.AUTHORITY_ID join role r on r.id = rar.ROLE_ID where a.URL = ?
2021-12-20 13:43:09 [ec-7] DEBUG c.f.d.m.A.selectRolesByUrl               : ==> Parameters: /user/info(String)
2021-12-20 13:43:09 [ec-7] DEBUG c.f.d.m.A.selectRolesByUrl               : <==      Total: 0
2021-12-20 13:46:40 [ec-9] DEBUG mizeUsernamePasswordAuthenticationFilter : Request is to process authentication
2021-12-20 13:46:40 [ec-9] DEBUG c.f.d.m.UserMapper.selectByEmail         : ==>  Preparing: select * from user where email = ?
2021-12-20 13:46:40 [ec-9] DEBUG c.f.d.m.UserMapper.selectByEmail         : ==> Parameters: admin@admin.com(String)
2021-12-20 13:46:41 [ec-9] DEBUG c.f.d.m.UserMapper.selectByEmail         : <==      Total: 1
2021-12-20 13:46:41 [ec-9] DEBUG c.f.d.m.R.selectByUserId                 : ==>  Preparing: select r.* from User_Role_Relation urr join Role r on r.id = urr.ROLE_ID where urr.USER_ID = ?
2021-12-20 13:46:41 [ec-9] DEBUG c.f.d.m.R.selectByUserId                 : ==> Parameters: 1(Integer)
2021-12-20 13:46:41 [ec-9] DEBUG c.f.d.m.R.selectByUserId                 : <==      Total: 1
2021-12-20 13:46:41 [ec-9] DEBUG mizeUsernamePasswordAuthenticationFilter : Authentication success. Updating SecurityContextHolder to contain: org.springframework.security.authentication.UsernamePasswordAuthenticationToken@ea495a48: Principal: org.springframework.security.core.userdetails.User@a49e2b1: Username: admin@admin.com; Password: [PROTECTED]; Enabled: true; AccountNonExpired: true; credentialsNonExpired: true; AccountNonLocked: true; Granted Authorities: com.fool.demo.service.UserService$$Lambda$1747/0x0000000100f36840@1fffd243; Credentials: [PROTECTED]; Authenticated: true; Details: org.springframework.security.web.authentication.WebAuthenticationDetails@957e: RemoteIpAddress: 127.0.0.1; SessionId: null; Granted Authorities: com.fool.demo.service.UserService$$Lambda$1747/0x0000000100f36840@1fffd243
2021-12-20 13:46:41 [ec-8] DEBUG zeFilterInvocationSecurityMetadataSource : Request url:/user/info?token=eyJ0eXAiOiJKV1QiLCJhbGciOiJIUzI1NiJ9.eyJyb2xlcyI6WyJBZG1pbiJdLCJleHAiOjE2Mzk5Nzk4MDYsImlhdCI6MTYzOTk3OTIwMSwidXNlcm5hbWUiOiJhZG1pbkBhZG1pbi5jb20ifQ.qHZJaTUKcVJ1hEd40nTjBLV6zOKO0P-Uc_uGnRYpo9s
2021-12-20 13:46:41 [ec-8] DEBUG c.f.d.m.A.selectRolesByUrl               : ==>  Preparing: select r.* from role_authority_relation rar join authority a on a.id = rar.AUTHORITY_ID join role r on r.id = rar.ROLE_ID where a.URL = ?
2021-12-20 13:46:41 [ec-8] DEBUG c.f.d.m.A.selectRolesByUrl               : ==> Parameters: /user/info(String)
2021-12-20 13:46:41 [ec-8] DEBUG c.f.d.m.A.selectRolesByUrl               : <==      Total: 0
2021-12-20 13:47:21 [c-10] DEBUG mizeUsernamePasswordAuthenticationFilter : Request is to process authentication
2021-12-20 13:47:21 [c-10] DEBUG c.f.d.m.UserMapper.selectByEmail         : ==>  Preparing: select * from user where email = ?
2021-12-20 13:47:21 [c-10] DEBUG c.f.d.m.UserMapper.selectByEmail         : ==> Parameters: admin@admin.com(String)
2021-12-20 13:47:21 [c-10] DEBUG c.f.d.m.UserMapper.selectByEmail         : <==      Total: 1
2021-12-20 13:47:21 [c-10] DEBUG c.f.d.m.R.selectByUserId                 : ==>  Preparing: select r.* from User_Role_Relation urr join Role r on r.id = urr.ROLE_ID where urr.USER_ID = ?
2021-12-20 13:47:21 [c-10] DEBUG c.f.d.m.R.selectByUserId                 : ==> Parameters: 1(Integer)
2021-12-20 13:47:22 [c-10] DEBUG c.f.d.m.R.selectByUserId                 : <==      Total: 1
2021-12-20 13:47:22 [c-10] DEBUG mizeUsernamePasswordAuthenticationFilter : Authentication success. Updating SecurityContextHolder to contain: org.springframework.security.authentication.UsernamePasswordAuthenticationToken@d8b503f0: Principal: org.springframework.security.core.userdetails.User@a49e2b1: Username: admin@admin.com; Password: [PROTECTED]; Enabled: true; AccountNonExpired: true; credentialsNonExpired: true; AccountNonLocked: true; Granted Authorities: com.fool.demo.service.UserService$$Lambda$1747/0x0000000100f36840@2d038bfb; Credentials: [PROTECTED]; Authenticated: true; Details: org.springframework.security.web.authentication.WebAuthenticationDetails@957e: RemoteIpAddress: 127.0.0.1; SessionId: null; Granted Authorities: com.fool.demo.service.UserService$$Lambda$1747/0x0000000100f36840@2d038bfb
2021-12-20 13:47:22 [ec-1] DEBUG zeFilterInvocationSecurityMetadataSource : Request url:/user/info?token=eyJ0eXAiOiJKV1QiLCJhbGciOiJIUzI1NiJ9.eyJyb2xlcyI6WyJBZG1pbiJdLCJleHAiOjE2Mzk5Nzk4NDYsImlhdCI6MTYzOTk3OTI0MiwidXNlcm5hbWUiOiJhZG1pbkBhZG1pbi5jb20ifQ.UjRIYoSeqoSJXH3fyGxs-9G2yWQFExBzhM6f5lYR_0w
2021-12-20 13:47:22 [ec-1] DEBUG c.f.d.m.A.selectRolesByUrl               : ==>  Preparing: select r.* from role_authority_relation rar join authority a on a.id = rar.AUTHORITY_ID join role r on r.id = rar.ROLE_ID where a.URL = ?
2021-12-20 13:47:22 [ec-1] DEBUG c.f.d.m.A.selectRolesByUrl               : ==> Parameters: /user/info(String)
2021-12-20 13:47:22 [ec-1] DEBUG c.f.d.m.A.selectRolesByUrl               : <==      Total: 0
2021-12-20 13:51:10 [ec-3] DEBUG mizeUsernamePasswordAuthenticationFilter : Request is to process authentication
2021-12-20 13:51:10 [ec-3] DEBUG c.f.d.m.UserMapper.selectByEmail         : ==>  Preparing: select * from user where email = ?
2021-12-20 13:51:10 [ec-3] DEBUG c.f.d.m.UserMapper.selectByEmail         : ==> Parameters: admin@admin.com(String)
2021-12-20 13:51:10 [ec-3] DEBUG c.f.d.m.UserMapper.selectByEmail         : <==      Total: 1
2021-12-20 13:51:10 [ec-3] DEBUG c.f.d.m.R.selectByUserId                 : ==>  Preparing: select r.* from User_Role_Relation urr join Role r on r.id = urr.ROLE_ID where urr.USER_ID = ?
2021-12-20 13:51:10 [ec-3] DEBUG c.f.d.m.R.selectByUserId                 : ==> Parameters: 1(Integer)
2021-12-20 13:51:10 [ec-3] DEBUG c.f.d.m.R.selectByUserId                 : <==      Total: 1
2021-12-20 13:51:11 [ec-3] DEBUG mizeUsernamePasswordAuthenticationFilter : Authentication success. Updating SecurityContextHolder to contain: org.springframework.security.authentication.UsernamePasswordAuthenticationToken@c9d0df5c: Principal: org.springframework.security.core.userdetails.User@a49e2b1: Username: admin@admin.com; Password: [PROTECTED]; Enabled: true; AccountNonExpired: true; credentialsNonExpired: true; AccountNonLocked: true; Granted Authorities: com.fool.demo.service.UserService$$Lambda$1747/0x0000000100f36840@3c665757; Credentials: [PROTECTED]; Authenticated: true; Details: org.springframework.security.web.authentication.WebAuthenticationDetails@957e: RemoteIpAddress: 127.0.0.1; SessionId: null; Granted Authorities: com.fool.demo.service.UserService$$Lambda$1747/0x0000000100f36840@3c665757
2021-12-20 13:51:11 [ec-2] DEBUG zeFilterInvocationSecurityMetadataSource : Request url:/user/info?token=eyJ0eXAiOiJKV1QiLCJhbGciOiJIUzI1NiJ9.eyJyb2xlcyI6WyJBZG1pbiJdLCJleHAiOjE2Mzk5ODAwNzUsImlhdCI6MTYzOTk3OTQ3MSwidXNlcm5hbWUiOiJhZG1pbkBhZG1pbi5jb20ifQ.UdhFXhLNCocUZ0LsNuX6Uf-_S647qBFdfQbGFD_HcI0
2021-12-20 13:51:11 [ec-2] DEBUG c.f.d.m.A.selectRolesByUrl               : ==>  Preparing: select r.* from role_authority_relation rar join authority a on a.id = rar.AUTHORITY_ID join role r on r.id = rar.ROLE_ID where a.URL = ?
2021-12-20 13:51:11 [ec-2] DEBUG c.f.d.m.A.selectRolesByUrl               : ==> Parameters: /user/info(String)
2021-12-20 13:51:11 [ec-2] DEBUG c.f.d.m.A.selectRolesByUrl               : <==      Total: 0
2021-12-20 13:53:23 [ec-4] DEBUG mizeUsernamePasswordAuthenticationFilter : Request is to process authentication
2021-12-20 13:53:23 [ec-4] DEBUG c.f.d.m.UserMapper.selectByEmail         : ==>  Preparing: select * from user where email = ?
2021-12-20 13:53:23 [ec-4] DEBUG c.f.d.m.UserMapper.selectByEmail         : ==> Parameters: admin@admin.com(String)
2021-12-20 13:53:23 [ec-4] DEBUG c.f.d.m.UserMapper.selectByEmail         : <==      Total: 1
2021-12-20 13:53:23 [ec-4] DEBUG c.f.d.m.R.selectByUserId                 : ==>  Preparing: select r.* from User_Role_Relation urr join Role r on r.id = urr.ROLE_ID where urr.USER_ID = ?
2021-12-20 13:53:23 [ec-4] DEBUG c.f.d.m.R.selectByUserId                 : ==> Parameters: 1(Integer)
2021-12-20 13:53:23 [ec-4] DEBUG c.f.d.m.R.selectByUserId                 : <==      Total: 1
2021-12-20 13:53:24 [ec-4] DEBUG mizeUsernamePasswordAuthenticationFilter : Authentication success. Updating SecurityContextHolder to contain: org.springframework.security.authentication.UsernamePasswordAuthenticationToken@dc5910ed: Principal: org.springframework.security.core.userdetails.User@a49e2b1: Username: admin@admin.com; Password: [PROTECTED]; Enabled: true; AccountNonExpired: true; credentialsNonExpired: true; AccountNonLocked: true; Granted Authorities: com.fool.demo.service.UserService$$Lambda$1747/0x0000000100f36840@29ef98e6; Credentials: [PROTECTED]; Authenticated: true; Details: org.springframework.security.web.authentication.WebAuthenticationDetails@957e: RemoteIpAddress: 127.0.0.1; SessionId: null; Granted Authorities: com.fool.demo.service.UserService$$Lambda$1747/0x0000000100f36840@29ef98e6
2021-12-20 13:53:24 [ec-5] DEBUG zeFilterInvocationSecurityMetadataSource : Request url:/user/info?token=eyJ0eXAiOiJKV1QiLCJhbGciOiJIUzI1NiJ9.eyJyb2xlcyI6WyJBZG1pbiJdLCJleHAiOjE2Mzk5ODAyMDgsImlhdCI6MTYzOTk3OTYwNCwidXNlcm5hbWUiOiJhZG1pbkBhZG1pbi5jb20ifQ.LVwTgxJf_dwQxLPlt_Cc1ycL05Mc8mVO2CU2gE85TiY
2021-12-20 13:53:24 [ec-5] DEBUG c.f.d.m.A.selectRolesByUrl               : ==>  Preparing: select r.* from role_authority_relation rar join authority a on a.id = rar.AUTHORITY_ID join role r on r.id = rar.ROLE_ID where a.URL = ?
2021-12-20 13:53:24 [ec-5] DEBUG c.f.d.m.A.selectRolesByUrl               : ==> Parameters: /user/info(String)
2021-12-20 13:53:24 [ec-5] DEBUG c.f.d.m.A.selectRolesByUrl               : <==      Total: 0
2021-12-20 13:53:31 [ec-6] DEBUG zeFilterInvocationSecurityMetadataSource : Request url:/vue-admin-template/table/list
2021-12-20 13:53:31 [ec-6] DEBUG c.f.d.m.A.selectRolesByUrl               : ==>  Preparing: select r.* from role_authority_relation rar join authority a on a.id = rar.AUTHORITY_ID join role r on r.id = rar.ROLE_ID where a.URL = ?
2021-12-20 13:53:31 [ec-6] DEBUG c.f.d.m.A.selectRolesByUrl               : ==> Parameters: /vue-admin-template/table/list(String)
2021-12-20 13:53:31 [ec-6] DEBUG c.f.d.m.A.selectRolesByUrl               : <==      Total: 0
2021-12-20 14:32:21 [ec-7] DEBUG mizeUsernamePasswordAuthenticationFilter : Request is to process authentication
2021-12-20 14:32:21 [ec-7] DEBUG c.f.d.m.UserMapper.selectByEmail         : ==>  Preparing: select * from user where email = ?
2021-12-20 14:32:21 [ec-7] DEBUG c.f.d.m.UserMapper.selectByEmail         : ==> Parameters: admin@admin.com(String)
2021-12-20 14:32:22 [ec-7] DEBUG c.f.d.m.UserMapper.selectByEmail         : <==      Total: 1
2021-12-20 14:32:22 [ec-7] DEBUG c.f.d.m.R.selectByUserId                 : ==>  Preparing: select r.* from User_Role_Relation urr join Role r on r.id = urr.ROLE_ID where urr.USER_ID = ?
2021-12-20 14:32:22 [ec-7] DEBUG c.f.d.m.R.selectByUserId                 : ==> Parameters: 1(Integer)
2021-12-20 14:32:22 [ec-7] DEBUG c.f.d.m.R.selectByUserId                 : <==      Total: 1
2021-12-20 14:32:23 [ec-7] DEBUG mizeUsernamePasswordAuthenticationFilter : Authentication success. Updating SecurityContextHolder to contain: org.springframework.security.authentication.UsernamePasswordAuthenticationToken@8285a7da: Principal: com.fool.demo.service.UserService$CustomizeUser@a49e2b1: Username: admin@admin.com; Password: [PROTECTED]; Enabled: true; AccountNonExpired: true; credentialsNonExpired: true; AccountNonLocked: true; Granted Authorities: com.fool.demo.service.UserService$$Lambda$1787$$M$_jr_5EF60048D03960B8_1/0x0000000100fa6840@77332fd1; Credentials: [PROTECTED]; Authenticated: true; Details: org.springframework.security.web.authentication.WebAuthenticationDetails@957e: RemoteIpAddress: 127.0.0.1; SessionId: null; Granted Authorities: com.fool.demo.service.UserService$$Lambda$1787$$M$_jr_5EF60048D03960B8_1/0x0000000100fa6840@77332fd1
2021-12-20 14:32:31 [ec-9] DEBUG zeFilterInvocationSecurityMetadataSource : Request url:/user/info
2021-12-20 14:32:31 [ec-9] DEBUG c.f.d.m.A.selectRolesByUrl               : ==>  Preparing: select r.* from role_authority_relation rar join authority a on a.id = rar.AUTHORITY_ID join role r on r.id = rar.ROLE_ID where a.URL = ?
2021-12-20 14:32:31 [ec-9] DEBUG c.f.d.m.A.selectRolesByUrl               : ==> Parameters: /user/info(String)
2021-12-20 14:32:31 [ec-9] DEBUG c.f.d.m.A.selectRolesByUrl               : <==      Total: 0
2021-12-20 14:33:42 [c-10] DEBUG zeFilterInvocationSecurityMetadataSource : Request url:/user/info
2021-12-20 14:33:42 [c-10] DEBUG c.f.d.m.A.selectRolesByUrl               : ==>  Preparing: select r.* from role_authority_relation rar join authority a on a.id = rar.AUTHORITY_ID join role r on r.id = rar.ROLE_ID where a.URL = ?
2021-12-20 14:33:42 [c-10] DEBUG c.f.d.m.A.selectRolesByUrl               : ==> Parameters: /user/info(String)
2021-12-20 14:33:43 [c-10] DEBUG c.f.d.m.A.selectRolesByUrl               : <==      Total: 0
2021-12-20 14:33:57 [ec-1] DEBUG mizeUsernamePasswordAuthenticationFilter : Request is to process authentication
2021-12-20 14:33:57 [ec-1] DEBUG c.f.d.m.UserMapper.selectByEmail         : ==>  Preparing: select * from user where email = ?
2021-12-20 14:33:57 [ec-1] DEBUG c.f.d.m.UserMapper.selectByEmail         : ==> Parameters: admin@admin.com(String)
2021-12-20 14:33:57 [ec-1] DEBUG c.f.d.m.UserMapper.selectByEmail         : <==      Total: 1
2021-12-20 14:33:57 [ec-1] DEBUG c.f.d.m.R.selectByUserId                 : ==>  Preparing: select r.* from User_Role_Relation urr join Role r on r.id = urr.ROLE_ID where urr.USER_ID = ?
2021-12-20 14:33:57 [ec-1] DEBUG c.f.d.m.R.selectByUserId                 : ==> Parameters: 1(Integer)
2021-12-20 14:33:57 [ec-1] DEBUG c.f.d.m.R.selectByUserId                 : <==      Total: 1
2021-12-20 14:33:58 [ec-1] DEBUG mizeUsernamePasswordAuthenticationFilter : Authentication success. Updating SecurityContextHolder to contain: org.springframework.security.authentication.UsernamePasswordAuthenticationToken@8aba7812: Principal: com.fool.demo.service.UserService$CustomizeUser@a49e2b1: Username: admin@admin.com; Password: [PROTECTED]; Enabled: true; AccountNonExpired: true; credentialsNonExpired: true; AccountNonLocked: true; Granted Authorities: com.fool.demo.service.UserService$$Lambda$1787$$M$_jr_5EF60048D03960B8_1/0x0000000100fa6840@7f0cf019; Credentials: [PROTECTED]; Authenticated: true; Details: org.springframework.security.web.authentication.WebAuthenticationDetails@957e: RemoteIpAddress: 127.0.0.1; SessionId: null; Granted Authorities: com.fool.demo.service.UserService$$Lambda$1787$$M$_jr_5EF60048D03960B8_1/0x0000000100fa6840@7f0cf019
2021-12-20 14:34:16 [ec-3] DEBUG zeFilterInvocationSecurityMetadataSource : Request url:/user/info
2021-12-20 14:34:16 [ec-3] DEBUG c.f.d.m.A.selectRolesByUrl               : ==>  Preparing: select r.* from role_authority_relation rar join authority a on a.id = rar.AUTHORITY_ID join role r on r.id = rar.ROLE_ID where a.URL = ?
2021-12-20 14:34:16 [ec-3] DEBUG c.f.d.m.A.selectRolesByUrl               : ==> Parameters: /user/info(String)
2021-12-20 14:34:17 [ec-3] DEBUG c.f.d.m.A.selectRolesByUrl               : <==      Total: 0
2021-12-20 14:34:21 [ec-2] DEBUG zeFilterInvocationSecurityMetadataSource : Request url:/user/info
2021-12-20 14:34:21 [ec-2] DEBUG c.f.d.m.A.selectRolesByUrl               : ==>  Preparing: select r.* from role_authority_relation rar join authority a on a.id = rar.AUTHORITY_ID join role r on r.id = rar.ROLE_ID where a.URL = ?
2021-12-20 14:34:21 [ec-2] DEBUG c.f.d.m.A.selectRolesByUrl               : ==> Parameters: /user/info(String)
2021-12-20 14:34:21 [ec-2] DEBUG c.f.d.m.A.selectRolesByUrl               : <==      Total: 0
2021-12-20 14:34:36 [ec-4] DEBUG mizeUsernamePasswordAuthenticationFilter : Request is to process authentication
2021-12-20 14:34:36 [ec-4] DEBUG c.f.d.m.UserMapper.selectByEmail         : ==>  Preparing: select * from user where email = ?
2021-12-20 14:34:36 [ec-4] DEBUG c.f.d.m.UserMapper.selectByEmail         : ==> Parameters: admin@admin.com(String)
2021-12-20 14:34:36 [ec-4] DEBUG c.f.d.m.UserMapper.selectByEmail         : <==      Total: 1
2021-12-20 14:34:36 [ec-4] DEBUG c.f.d.m.R.selectByUserId                 : ==>  Preparing: select r.* from User_Role_Relation urr join Role r on r.id = urr.ROLE_ID where urr.USER_ID = ?
2021-12-20 14:34:36 [ec-4] DEBUG c.f.d.m.R.selectByUserId                 : ==> Parameters: 1(Integer)
2021-12-20 14:34:36 [ec-4] DEBUG c.f.d.m.R.selectByUserId                 : <==      Total: 1
2021-12-20 14:34:36 [ec-4] DEBUG mizeUsernamePasswordAuthenticationFilter : Authentication success. Updating SecurityContextHolder to contain: org.springframework.security.authentication.UsernamePasswordAuthenticationToken@e3efe2a7: Principal: com.fool.demo.service.UserService$CustomizeUser@a49e2b1: Username: admin@admin.com; Password: [PROTECTED]; Enabled: true; AccountNonExpired: true; credentialsNonExpired: true; AccountNonLocked: true; Granted Authorities: com.fool.demo.service.UserService$$Lambda$1787$$M$_jr_5EF60048D03960B8_1/0x0000000100fa6840@16596aac; Credentials: [PROTECTED]; Authenticated: true; Details: org.springframework.security.web.authentication.WebAuthenticationDetails@957e: RemoteIpAddress: 127.0.0.1; SessionId: null; Granted Authorities: com.fool.demo.service.UserService$$Lambda$1787$$M$_jr_5EF60048D03960B8_1/0x0000000100fa6840@16596aac
2021-12-20 14:34:52 [ec-5] DEBUG zeFilterInvocationSecurityMetadataSource : Request url:/user/info
2021-12-20 14:34:52 [ec-5] DEBUG c.f.d.m.A.selectRolesByUrl               : ==>  Preparing: select r.* from role_authority_relation rar join authority a on a.id = rar.AUTHORITY_ID join role r on r.id = rar.ROLE_ID where a.URL = ?
2021-12-20 14:34:52 [ec-5] DEBUG c.f.d.m.A.selectRolesByUrl               : ==> Parameters: /user/info(String)
2021-12-20 14:34:52 [ec-5] DEBUG c.f.d.m.A.selectRolesByUrl               : <==      Total: 0
2021-12-20 14:39:58 [ec-7] DEBUG mizeUsernamePasswordAuthenticationFilter : Request is to process authentication
2021-12-20 14:39:58 [ec-7] DEBUG c.f.d.m.UserMapper.selectByEmail         : ==>  Preparing: select * from user where email = ?
2021-12-20 14:39:58 [ec-7] DEBUG c.f.d.m.UserMapper.selectByEmail         : ==> Parameters: admin@admin.com(String)
2021-12-20 14:39:58 [ec-7] DEBUG c.f.d.m.UserMapper.selectByEmail         : <==      Total: 1
2021-12-20 14:39:58 [ec-7] DEBUG c.f.d.m.R.selectByUserId                 : ==>  Preparing: select r.* from User_Role_Relation urr join Role r on r.id = urr.ROLE_ID where urr.USER_ID = ?
2021-12-20 14:39:58 [ec-7] DEBUG c.f.d.m.R.selectByUserId                 : ==> Parameters: 1(Integer)
2021-12-20 14:39:58 [ec-7] DEBUG c.f.d.m.R.selectByUserId                 : <==      Total: 1
2021-12-20 14:39:58 [ec-7] DEBUG mizeUsernamePasswordAuthenticationFilter : Authentication success. Updating SecurityContextHolder to contain: org.springframework.security.authentication.UsernamePasswordAuthenticationToken@b1adc333: Principal: com.fool.demo.entity.CustomizeUser@a49e2b1: Username: admin@admin.com; Password: [PROTECTED]; Enabled: true; AccountNonExpired: true; credentialsNonExpired: true; AccountNonLocked: true; Granted Authorities: com.fool.demo.service.UserService$$Lambda$1791$$M$_jr_5EF60048D03960B8_2/0x0000000100fb2c40@441b4b38; Credentials: [PROTECTED]; Authenticated: true; Details: org.springframework.security.web.authentication.WebAuthenticationDetails@957e: RemoteIpAddress: 127.0.0.1; SessionId: null; Granted Authorities: com.fool.demo.service.UserService$$Lambda$1791$$M$_jr_5EF60048D03960B8_2/0x0000000100fb2c40@441b4b38
2021-12-20 14:40:01 [ec-9] DEBUG zeFilterInvocationSecurityMetadataSource : Request url:/user/info
2021-12-20 14:40:01 [ec-9] DEBUG c.f.d.m.A.selectRolesByUrl               : ==>  Preparing: select r.* from role_authority_relation rar join authority a on a.id = rar.AUTHORITY_ID join role r on r.id = rar.ROLE_ID where a.URL = ?
2021-12-20 14:40:01 [ec-9] DEBUG c.f.d.m.A.selectRolesByUrl               : ==> Parameters: /user/info(String)
2021-12-20 14:40:01 [ec-9] DEBUG c.f.d.m.A.selectRolesByUrl               : <==      Total: 0
2021-12-20 14:45:14 [c-10] DEBUG zeFilterInvocationSecurityMetadataSource : Request url:/user/info?token=eyJ0eXAiOiJKV1QiLCJhbGciOiJIUzI1NiJ9.eyJyb2xlcyI6WyJBZG1pbiJdLCJleHAiOjE2Mzk5ODAyMDgsImlhdCI6MTYzOTk3OTYwNCwidXNlcm5hbWUiOiJhZG1pbkBhZG1pbi5jb20ifQ.LVwTgxJf_dwQxLPlt_Cc1ycL05Mc8mVO2CU2gE85TiY
2021-12-20 14:45:15 [c-10] DEBUG c.f.d.m.A.selectRolesByUrl               : ==>  Preparing: select r.* from role_authority_relation rar join authority a on a.id = rar.AUTHORITY_ID join role r on r.id = rar.ROLE_ID where a.URL = ?
2021-12-20 14:45:15 [c-10] DEBUG c.f.d.m.A.selectRolesByUrl               : ==> Parameters: /user/info(String)
2021-12-20 14:45:15 [c-10] DEBUG c.f.d.m.A.selectRolesByUrl               : <==      Total: 0
2021-12-20 15:00:29 [ec-1] DEBUG mizeUsernamePasswordAuthenticationFilter : Request is to process authentication
2021-12-20 15:00:29 [ec-1] DEBUG c.f.d.m.UserMapper.selectByEmail         : ==>  Preparing: select * from user where email = ?
2021-12-20 15:00:29 [ec-1] DEBUG c.f.d.m.UserMapper.selectByEmail         : ==> Parameters: admin@admin.com(String)
2021-12-20 15:00:29 [ec-1] DEBUG c.f.d.m.UserMapper.selectByEmail         : <==      Total: 1
2021-12-20 15:00:29 [ec-1] DEBUG c.f.d.m.R.selectByUserId                 : ==>  Preparing: select r.* from User_Role_Relation urr join Role r on r.id = urr.ROLE_ID where urr.USER_ID = ?
2021-12-20 15:00:29 [ec-1] DEBUG c.f.d.m.R.selectByUserId                 : ==> Parameters: 1(Integer)
2021-12-20 15:00:29 [ec-1] DEBUG c.f.d.m.R.selectByUserId                 : <==      Total: 1
2021-12-20 15:00:30 [ec-1] DEBUG mizeUsernamePasswordAuthenticationFilter : Authentication success. Updating SecurityContextHolder to contain: org.springframework.security.authentication.UsernamePasswordAuthenticationToken@bfc6608c: Principal: com.fool.demo.entity.CustomizeUser@a49e2b1: Username: admin@admin.com; Password: [PROTECTED]; Enabled: true; AccountNonExpired: true; credentialsNonExpired: true; AccountNonLocked: true; Granted Authorities: com.fool.demo.service.UserService$$Lambda$1791$$M$_jr_5EF60048D03960B8_2/0x0000000100fb2c40@4a70e887; Credentials: [PROTECTED]; Authenticated: true; Details: org.springframework.security.web.authentication.WebAuthenticationDetails@957e: RemoteIpAddress: 127.0.0.1; SessionId: null; Granted Authorities: com.fool.demo.service.UserService$$Lambda$1791$$M$_jr_5EF60048D03960B8_2/0x0000000100fb2c40@4a70e887
2021-12-20 15:00:32 [ec-3] DEBUG zeFilterInvocationSecurityMetadataSource : Request url:/user/info
2021-12-20 15:00:32 [ec-3] DEBUG c.f.d.m.A.selectRolesByUrl               : ==>  Preparing: select r.* from role_authority_relation rar join authority a on a.id = rar.AUTHORITY_ID join role r on r.id = rar.ROLE_ID where a.URL = ?
2021-12-20 15:00:32 [ec-3] DEBUG c.f.d.m.A.selectRolesByUrl               : ==> Parameters: /user/info(String)
2021-12-20 15:00:32 [ec-3] DEBUG c.f.d.m.A.selectRolesByUrl               : <==      Total: 0
2021-12-20 15:01:02 [ec-2] DEBUG mizeUsernamePasswordAuthenticationFilter : Request is to process authentication
2021-12-20 15:01:02 [ec-2] DEBUG c.f.d.m.UserMapper.selectByEmail         : ==>  Preparing: select * from user where email = ?
2021-12-20 15:01:02 [ec-2] DEBUG c.f.d.m.UserMapper.selectByEmail         : ==> Parameters: admin@admin.com(String)
2021-12-20 15:01:02 [ec-2] DEBUG c.f.d.m.UserMapper.selectByEmail         : <==      Total: 1
2021-12-20 15:01:02 [ec-2] DEBUG c.f.d.m.R.selectByUserId                 : ==>  Preparing: select r.* from User_Role_Relation urr join Role r on r.id = urr.ROLE_ID where urr.USER_ID = ?
2021-12-20 15:01:02 [ec-2] DEBUG c.f.d.m.R.selectByUserId                 : ==> Parameters: 1(Integer)
2021-12-20 15:01:02 [ec-2] DEBUG c.f.d.m.R.selectByUserId                 : <==      Total: 1
2021-12-20 15:01:02 [ec-2] DEBUG mizeUsernamePasswordAuthenticationFilter : Authentication success. Updating SecurityContextHolder to contain: org.springframework.security.authentication.UsernamePasswordAuthenticationToken@c7b7295a: Principal: com.fool.demo.entity.CustomizeUser@a49e2b1: Username: admin@admin.com; Password: [PROTECTED]; Enabled: true; AccountNonExpired: true; credentialsNonExpired: true; AccountNonLocked: true; Granted Authorities: com.fool.demo.service.UserService$$Lambda$1791$$M$_jr_5EF60048D03960B8_2/0x0000000100fb2c40@3201a151; Credentials: [PROTECTED]; Authenticated: true; Details: org.springframework.security.web.authentication.WebAuthenticationDetails@957e: RemoteIpAddress: 127.0.0.1; SessionId: null; Granted Authorities: com.fool.demo.service.UserService$$Lambda$1791$$M$_jr_5EF60048D03960B8_2/0x0000000100fb2c40@3201a151
2021-12-20 15:01:03 [ec-4] DEBUG zeFilterInvocationSecurityMetadataSource : Request url:/user/info?token=eyJ0eXAiOiJKV1QiLCJhbGciOiJIUzI1NiJ9.eyJyb2xlcyI6WyJBZG1pbiJdLCJuYW1lIjoiQWRtaW4iLCJleHAiOjE2Mzk5ODQyNjcsImlhdCI6MTYzOTk4MzY2MiwiZW1haWwiOiJhZG1pbkBhZG1pbi5jb20ifQ.8L9Zoj1-z948GpdRDWBLDG0WC07KcItt2syhESvsWbo
2021-12-20 15:01:03 [ec-4] DEBUG c.f.d.m.A.selectRolesByUrl               : ==>  Preparing: select r.* from role_authority_relation rar join authority a on a.id = rar.AUTHORITY_ID join role r on r.id = rar.ROLE_ID where a.URL = ?
2021-12-20 15:01:03 [ec-4] DEBUG c.f.d.m.A.selectRolesByUrl               : ==> Parameters: /user/info(String)
2021-12-20 15:01:03 [ec-4] DEBUG c.f.d.m.A.selectRolesByUrl               : <==      Total: 0
2021-12-20 15:01:20 [ec-5] DEBUG zeFilterInvocationSecurityMetadataSource : Request url:/vue-admin-template/user/logout
2021-12-20 15:01:20 [ec-5] DEBUG c.f.d.m.A.selectRolesByUrl               : ==>  Preparing: select r.* from role_authority_relation rar join authority a on a.id = rar.AUTHORITY_ID join role r on r.id = rar.ROLE_ID where a.URL = ?
2021-12-20 15:01:20 [ec-5] DEBUG c.f.d.m.A.selectRolesByUrl               : ==> Parameters: /vue-admin-template/user/logout(String)
2021-12-20 15:01:20 [ec-5] DEBUG c.f.d.m.A.selectRolesByUrl               : <==      Total: 0
2021-12-20 15:01:50 [ec-7] DEBUG zeFilterInvocationSecurityMetadataSource : Request url:/user/info?token=eyJ0eXAiOiJKV1QiLCJhbGciOiJIUzI1NiJ9.eyJyb2xlcyI6WyJBZG1pbiJdLCJuYW1lIjoiQWRtaW4iLCJleHAiOjE2Mzk5ODQyNjcsImlhdCI6MTYzOTk4MzY2MiwiZW1haWwiOiJhZG1pbkBhZG1pbi5jb20ifQ.8L9Zoj1-z948GpdRDWBLDG0WC07KcItt2syhESvsWbo
2021-12-20 15:01:50 [ec-7] DEBUG c.f.d.m.A.selectRolesByUrl               : ==>  Preparing: select r.* from role_authority_relation rar join authority a on a.id = rar.AUTHORITY_ID join role r on r.id = rar.ROLE_ID where a.URL = ?
2021-12-20 15:01:50 [ec-7] DEBUG c.f.d.m.A.selectRolesByUrl               : ==> Parameters: /user/info(String)
2021-12-20 15:01:50 [ec-7] DEBUG c.f.d.m.A.selectRolesByUrl               : <==      Total: 0
2021-12-20 15:03:20 [ec-8] DEBUG zeFilterInvocationSecurityMetadataSource : Request url:/user/info
2021-12-20 15:03:20 [ec-8] DEBUG c.f.d.m.A.selectRolesByUrl               : ==>  Preparing: select r.* from role_authority_relation rar join authority a on a.id = rar.AUTHORITY_ID join role r on r.id = rar.ROLE_ID where a.URL = ?
2021-12-20 15:03:20 [ec-8] DEBUG c.f.d.m.A.selectRolesByUrl               : ==> Parameters: /user/info(String)
2021-12-20 15:03:20 [ec-8] DEBUG c.f.d.m.A.selectRolesByUrl               : <==      Total: 0
2021-12-20 15:06:16 [ec-3] DEBUG mizeUsernamePasswordAuthenticationFilter : Request is to process authentication
2021-12-20 15:06:16 [ec-3] DEBUG c.f.d.m.UserMapper.selectByEmail         : ==>  Preparing: select * from user where email = ?
2021-12-20 15:06:16 [ec-3] DEBUG c.f.d.m.UserMapper.selectByEmail         : ==> Parameters: admin@admin.com(String)
2021-12-20 15:06:16 [ec-3] DEBUG c.f.d.m.UserMapper.selectByEmail         : <==      Total: 1
2021-12-20 15:06:16 [ec-3] DEBUG c.f.d.m.R.selectByUserId                 : ==>  Preparing: select r.* from User_Role_Relation urr join Role r on r.id = urr.ROLE_ID where urr.USER_ID = ?
2021-12-20 15:06:16 [ec-3] DEBUG c.f.d.m.R.selectByUserId                 : ==> Parameters: 1(Integer)
2021-12-20 15:06:16 [ec-3] DEBUG c.f.d.m.R.selectByUserId                 : <==      Total: 1
2021-12-20 15:06:16 [ec-3] DEBUG mizeUsernamePasswordAuthenticationFilter : Authentication success. Updating SecurityContextHolder to contain: org.springframework.security.authentication.UsernamePasswordAuthenticationToken@8d622153: Principal: com.fool.demo.entity.CustomizeUser@a49e2b1: Username: admin@admin.com; Password: [PROTECTED]; Enabled: true; AccountNonExpired: true; credentialsNonExpired: true; AccountNonLocked: true; Granted Authorities: com.fool.demo.service.UserService$$Lambda$1791$$M$_jr_5EF60048D03960B8_2/0x0000000100fb2c40@78d4a958; Credentials: [PROTECTED]; Authenticated: true; Details: org.springframework.security.web.authentication.WebAuthenticationDetails@957e: RemoteIpAddress: 127.0.0.1; SessionId: null; Granted Authorities: com.fool.demo.service.UserService$$Lambda$1791$$M$_jr_5EF60048D03960B8_2/0x0000000100fb2c40@78d4a958
2021-12-20 15:06:16 [ec-2] DEBUG zeFilterInvocationSecurityMetadataSource : Request url:/user/info?token=eyJ0eXAiOiJKV1QiLCJhbGciOiJIUzI1NiJ9.eyJyb2xlcyI6WyJBZG1pbiJdLCJuYW1lIjoiQWRtaW4iLCJleHAiOjE2Mzk5ODQ1ODEsImlhdCI6MTYzOTk4Mzk3NiwiZW1haWwiOiJhZG1pbkBhZG1pbi5jb20ifQ.2it7t1ep96I209y4k_FbDXbEuv4pIrc1vEwC-mSSYpE
2021-12-20 15:06:16 [ec-2] DEBUG c.f.d.m.A.selectRolesByUrl               : ==>  Preparing: select r.* from role_authority_relation rar join authority a on a.id = rar.AUTHORITY_ID join role r on r.id = rar.ROLE_ID where a.URL = ?
2021-12-20 15:06:16 [ec-2] DEBUG c.f.d.m.A.selectRolesByUrl               : ==> Parameters: /user/info(String)
2021-12-20 15:06:16 [ec-2] DEBUG c.f.d.m.A.selectRolesByUrl               : <==      Total: 0
2021-12-20 15:07:59 [ec-4] DEBUG zeFilterInvocationSecurityMetadataSource : Request url:/user/info?token=eyJ0eXAiOiJKV1QiLCJhbGciOiJIUzI1NiJ9.eyJyb2xlcyI6WyJBZG1pbiJdLCJuYW1lIjoiQWRtaW4iLCJleHAiOjE2Mzk5ODQ1ODEsImlhdCI6MTYzOTk4Mzk3NiwiZW1haWwiOiJhZG1pbkBhZG1pbi5jb20ifQ.2it7t1ep96I209y4k_FbDXbEuv4pIrc1vEwC-mSSYpE
2021-12-20 15:07:59 [ec-4] DEBUG c.f.d.m.A.selectRolesByUrl               : ==>  Preparing: select r.* from role_authority_relation rar join authority a on a.id = rar.AUTHORITY_ID join role r on r.id = rar.ROLE_ID where a.URL = ?
2021-12-20 15:07:59 [ec-4] DEBUG c.f.d.m.A.selectRolesByUrl               : ==> Parameters: /user/info(String)
2021-12-20 15:07:59 [ec-4] DEBUG c.f.d.m.A.selectRolesByUrl               : <==      Total: 0
2021-12-20 15:09:16 [ec-5] DEBUG zeFilterInvocationSecurityMetadataSource : Request url:/vue-admin-template/table/list
2021-12-20 15:09:16 [ec-5] DEBUG c.f.d.m.A.selectRolesByUrl               : ==>  Preparing: select r.* from role_authority_relation rar join authority a on a.id = rar.AUTHORITY_ID join role r on r.id = rar.ROLE_ID where a.URL = ?
2021-12-20 15:09:16 [ec-5] DEBUG c.f.d.m.A.selectRolesByUrl               : ==> Parameters: /vue-admin-template/table/list(String)
2021-12-20 15:09:16 [ec-5] DEBUG c.f.d.m.A.selectRolesByUrl               : <==      Total: 0
2021-12-20 15:09:17 [ec-6] DEBUG zeFilterInvocationSecurityMetadataSource : Request url:/vue-admin-template/table/list
2021-12-20 15:09:17 [ec-6] DEBUG c.f.d.m.A.selectRolesByUrl               : ==>  Preparing: select r.* from role_authority_relation rar join authority a on a.id = rar.AUTHORITY_ID join role r on r.id = rar.ROLE_ID where a.URL = ?
2021-12-20 15:09:17 [ec-6] DEBUG c.f.d.m.A.selectRolesByUrl               : ==> Parameters: /vue-admin-template/table/list(String)
2021-12-20 15:09:18 [ec-6] DEBUG c.f.d.m.A.selectRolesByUrl               : <==      Total: 0
2021-12-20 15:15:19 [ec-7] DEBUG zeFilterInvocationSecurityMetadataSource : Request url:/vue-admin-template/table/list
2021-12-20 15:15:19 [ec-7] DEBUG c.f.d.m.A.selectRolesByUrl               : ==>  Preparing: select r.* from role_authority_relation rar join authority a on a.id = rar.AUTHORITY_ID join role r on r.id = rar.ROLE_ID where a.URL = ?
2021-12-20 15:15:19 [ec-7] DEBUG c.f.d.m.A.selectRolesByUrl               : ==> Parameters: /vue-admin-template/table/list(String)
2021-12-20 15:15:19 [ec-7] DEBUG c.f.d.m.A.selectRolesByUrl               : <==      Total: 0
2021-12-20 15:49:21 [ec-9] DEBUG zeFilterInvocationSecurityMetadataSource : Request url:/user/info?token=eyJ0eXAiOiJKV1QiLCJhbGciOiJIUzI1NiJ9.eyJyb2xlcyI6WyJBZG1pbiJdLCJuYW1lIjoiQWRtaW4iLCJleHAiOjE2Mzk5ODQ1ODEsImlhdCI6MTYzOTk4Mzk3NiwiZW1haWwiOiJhZG1pbkBhZG1pbi5jb20ifQ.2it7t1ep96I209y4k_FbDXbEuv4pIrc1vEwC-mSSYpE
2021-12-20 15:49:21 [ec-9] DEBUG c.f.d.m.A.selectRolesByUrl               : ==>  Preparing: select r.* from role_authority_relation rar join authority a on a.id = rar.AUTHORITY_ID join role r on r.id = rar.ROLE_ID where a.URL = ?
2021-12-20 15:49:21 [ec-9] DEBUG c.f.d.m.A.selectRolesByUrl               : ==> Parameters: /user/info(String)
2021-12-20 15:49:21 [ec-9] DEBUG c.f.d.m.A.selectRolesByUrl               : <==      Total: 0
2021-12-20 15:49:26 [ec-8] DEBUG mizeUsernamePasswordAuthenticationFilter : Request is to process authentication
2021-12-20 15:49:26 [ec-8] DEBUG c.f.d.m.UserMapper.selectByEmail         : ==>  Preparing: select * from user where email = ?
2021-12-20 15:49:26 [ec-8] DEBUG c.f.d.m.UserMapper.selectByEmail         : ==> Parameters: admin@admin.com(String)
2021-12-20 15:49:26 [ec-8] DEBUG c.f.d.m.UserMapper.selectByEmail         : <==      Total: 1
2021-12-20 15:49:26 [ec-8] DEBUG c.f.d.m.R.selectByUserId                 : ==>  Preparing: select r.* from User_Role_Relation urr join Role r on r.id = urr.ROLE_ID where urr.USER_ID = ?
2021-12-20 15:49:26 [ec-8] DEBUG c.f.d.m.R.selectByUserId                 : ==> Parameters: 1(Integer)
2021-12-20 15:49:26 [ec-8] DEBUG c.f.d.m.R.selectByUserId                 : <==      Total: 1
2021-12-20 15:49:27 [ec-8] DEBUG mizeUsernamePasswordAuthenticationFilter : Authentication success. Updating SecurityContextHolder to contain: org.springframework.security.authentication.UsernamePasswordAuthenticationToken@befdc2e4: Principal: com.fool.demo.entity.CustomizeUser@a49e2b1: Username: admin@admin.com; Password: [PROTECTED]; Enabled: true; AccountNonExpired: true; credentialsNonExpired: true; AccountNonLocked: true; Granted Authorities: com.fool.demo.service.UserService$$Lambda$1791$$M$_jr_5EF60048D03960B8_2/0x0000000100fb2c40@4b4b4aef; Credentials: [PROTECTED]; Authenticated: true; Details: org.springframework.security.web.authentication.WebAuthenticationDetails@957e: RemoteIpAddress: 127.0.0.1; SessionId: null; Granted Authorities: com.fool.demo.service.UserService$$Lambda$1791$$M$_jr_5EF60048D03960B8_2/0x0000000100fb2c40@4b4b4aef
2021-12-20 15:49:27 [c-10] DEBUG zeFilterInvocationSecurityMetadataSource : Request url:/user/info?token=eyJ0eXAiOiJKV1QiLCJhbGciOiJIUzI1NiJ9.eyJyb2xlcyI6WyJBZG1pbiJdLCJuYW1lIjoiQWRtaW4iLCJleHAiOjE2Mzk5ODcxNzIsImlhdCI6MTYzOTk4NjU2NywiZW1haWwiOiJhZG1pbkBhZG1pbi5jb20ifQ.90B2DF1tgVG_oKBtp8p6Xdlr84YJpq6CEg8wnbrNbIg
2021-12-20 15:49:27 [c-10] DEBUG c.f.d.m.A.selectRolesByUrl               : ==>  Preparing: select r.* from role_authority_relation rar join authority a on a.id = rar.AUTHORITY_ID join role r on r.id = rar.ROLE_ID where a.URL = ?
2021-12-20 15:49:27 [c-10] DEBUG c.f.d.m.A.selectRolesByUrl               : ==> Parameters: /user/info(String)
2021-12-20 15:49:27 [c-10] DEBUG c.f.d.m.A.selectRolesByUrl               : <==      Total: 0
2021-12-20 15:49:53 [ec-1] DEBUG mizeUsernamePasswordAuthenticationFilter : Request is to process authentication
2021-12-20 15:49:53 [ec-1] DEBUG c.f.d.m.UserMapper.selectByEmail         : ==>  Preparing: select * from user where email = ?
2021-12-20 15:49:53 [ec-1] DEBUG c.f.d.m.UserMapper.selectByEmail         : ==> Parameters: admin@admin.com(String)
2021-12-20 15:49:53 [ec-1] DEBUG c.f.d.m.UserMapper.selectByEmail         : <==      Total: 1
2021-12-20 15:49:53 [ec-1] DEBUG c.f.d.m.R.selectByUserId                 : ==>  Preparing: select r.* from User_Role_Relation urr join Role r on r.id = urr.ROLE_ID where urr.USER_ID = ?
2021-12-20 15:49:53 [ec-1] DEBUG c.f.d.m.R.selectByUserId                 : ==> Parameters: 1(Integer)
2021-12-20 15:49:54 [ec-1] DEBUG c.f.d.m.R.selectByUserId                 : <==      Total: 1
2021-12-20 15:49:54 [ec-1] DEBUG mizeUsernamePasswordAuthenticationFilter : Authentication success. Updating SecurityContextHolder to contain: org.springframework.security.authentication.UsernamePasswordAuthenticationToken@edd11c42: Principal: com.fool.demo.entity.CustomizeUser@a49e2b1: Username: admin@admin.com; Password: [PROTECTED]; Enabled: true; AccountNonExpired: true; credentialsNonExpired: true; AccountNonLocked: true; Granted Authorities: com.fool.demo.service.UserService$$Lambda$1791$$M$_jr_5EF60048D03960B8_2/0x0000000100fb2c40@18679449; Credentials: [PROTECTED]; Authenticated: true; Details: org.springframework.security.web.authentication.WebAuthenticationDetails@957e: RemoteIpAddress: 127.0.0.1; SessionId: null; Granted Authorities: com.fool.demo.service.UserService$$Lambda$1791$$M$_jr_5EF60048D03960B8_2/0x0000000100fb2c40@18679449
2021-12-20 15:49:54 [ec-3] DEBUG zeFilterInvocationSecurityMetadataSource : Request url:/user/info?token=eyJ0eXAiOiJKV1QiLCJhbGciOiJIUzI1NiJ9.eyJyb2xlcyI6WyJBZG1pbiJdLCJuYW1lIjoiQWRtaW4iLCJleHAiOjE2Mzk5ODcxOTksImlhdCI6MTYzOTk4NjU5NCwiZW1haWwiOiJhZG1pbkBhZG1pbi5jb20ifQ.FSJMpJXLQicKMEDRwHKZwh4PKuuf1CYMnYHRt3ZLtDU
2021-12-20 15:49:54 [ec-3] DEBUG c.f.d.m.A.selectRolesByUrl               : ==>  Preparing: select r.* from role_authority_relation rar join authority a on a.id = rar.AUTHORITY_ID join role r on r.id = rar.ROLE_ID where a.URL = ?
2021-12-20 15:49:54 [ec-3] DEBUG c.f.d.m.A.selectRolesByUrl               : ==> Parameters: /user/info(String)
2021-12-20 15:49:54 [ec-3] DEBUG c.f.d.m.A.selectRolesByUrl               : <==      Total: 0
2021-12-20 15:50:26 [ec-2] DEBUG mizeUsernamePasswordAuthenticationFilter : Request is to process authentication
2021-12-20 15:50:26 [ec-2] DEBUG c.f.d.m.UserMapper.selectByEmail         : ==>  Preparing: select * from user where email = ?
2021-12-20 15:50:26 [ec-2] DEBUG c.f.d.m.UserMapper.selectByEmail         : ==> Parameters: admin@admin.com(String)
2021-12-20 15:50:26 [ec-2] DEBUG c.f.d.m.UserMapper.selectByEmail         : <==      Total: 1
2021-12-20 15:50:26 [ec-2] DEBUG c.f.d.m.R.selectByUserId                 : ==>  Preparing: select r.* from User_Role_Relation urr join Role r on r.id = urr.ROLE_ID where urr.USER_ID = ?
2021-12-20 15:50:26 [ec-2] DEBUG c.f.d.m.R.selectByUserId                 : ==> Parameters: 1(Integer)
2021-12-20 15:50:26 [ec-2] DEBUG c.f.d.m.R.selectByUserId                 : <==      Total: 1
2021-12-20 15:50:26 [ec-2] DEBUG mizeUsernamePasswordAuthenticationFilter : Authentication success. Updating SecurityContextHolder to contain: org.springframework.security.authentication.UsernamePasswordAuthenticationToken@a3d03d92: Principal: com.fool.demo.entity.CustomizeUser@a49e2b1: Username: admin@admin.com; Password: [PROTECTED]; Enabled: true; AccountNonExpired: true; credentialsNonExpired: true; AccountNonLocked: true; Granted Authorities: com.fool.demo.service.UserService$$Lambda$1791$$M$_jr_5EF60048D03960B8_2/0x0000000100fb2c40@5666b599; Credentials: [PROTECTED]; Authenticated: true; Details: org.springframework.security.web.authentication.WebAuthenticationDetails@957e: RemoteIpAddress: 127.0.0.1; SessionId: null; Granted Authorities: com.fool.demo.service.UserService$$Lambda$1791$$M$_jr_5EF60048D03960B8_2/0x0000000100fb2c40@5666b599
2021-12-20 15:50:26 [ec-4] DEBUG zeFilterInvocationSecurityMetadataSource : Request url:/user/info?token=eyJ0eXAiOiJKV1QiLCJhbGciOiJIUzI1NiJ9.eyJyb2xlcyI6WyJBZG1pbiJdLCJuYW1lIjoiQWRtaW4iLCJleHAiOjE2Mzk5ODcyMzEsImlhdCI6MTYzOTk4NjYyNiwiZW1haWwiOiJhZG1pbkBhZG1pbi5jb20ifQ.rAycfU4KwnnPGLvfOCKqsGuS1CFL01qtS3rj0VAvmB4
2021-12-20 15:50:26 [ec-4] DEBUG c.f.d.m.A.selectRolesByUrl               : ==>  Preparing: select r.* from role_authority_relation rar join authority a on a.id = rar.AUTHORITY_ID join role r on r.id = rar.ROLE_ID where a.URL = ?
2021-12-20 15:50:26 [ec-4] DEBUG c.f.d.m.A.selectRolesByUrl               : ==> Parameters: /user/info(String)
2021-12-20 15:50:26 [ec-4] DEBUG c.f.d.m.A.selectRolesByUrl               : <==      Total: 0
2021-12-20 15:55:00 [ec-5] DEBUG zeFilterInvocationSecurityMetadataSource : Request url:/user/info?token=eyJ0eXAiOiJKV1QiLCJhbGciOiJIUzI1NiJ9.eyJyb2xlcyI6WyJBZG1pbiJdLCJuYW1lIjoiQWRtaW4iLCJleHAiOjE2Mzk5ODcyMzEsImlhdCI6MTYzOTk4NjYyNiwiZW1haWwiOiJhZG1pbkBhZG1pbi5jb20ifQ.rAycfU4KwnnPGLvfOCKqsGuS1CFL01qtS3rj0VAvmB4
2021-12-20 15:55:00 [ec-5] DEBUG c.f.d.m.A.selectRolesByUrl               : ==>  Preparing: select r.* from role_authority_relation rar join authority a on a.id = rar.AUTHORITY_ID join role r on r.id = rar.ROLE_ID where a.URL = ?
2021-12-20 15:55:00 [ec-5] DEBUG c.f.d.m.A.selectRolesByUrl               : ==> Parameters: /user/info(String)
2021-12-20 15:55:00 [ec-5] DEBUG c.f.d.m.A.selectRolesByUrl               : <==      Total: 0
2021-12-20 16:03:14 [ec-6] DEBUG zeFilterInvocationSecurityMetadataSource : Request url:/user/info?token=eyJ0eXAiOiJKV1QiLCJhbGciOiJIUzI1NiJ9.eyJyb2xlcyI6WyJBZG1pbiJdLCJuYW1lIjoiQWRtaW4iLCJleHAiOjE2Mzk5ODcyMzEsImlhdCI6MTYzOTk4NjYyNiwiZW1haWwiOiJhZG1pbkBhZG1pbi5jb20ifQ.rAycfU4KwnnPGLvfOCKqsGuS1CFL01qtS3rj0VAvmB4
2021-12-20 16:03:14 [ec-6] DEBUG c.f.d.m.A.selectRolesByUrl               : ==>  Preparing: select r.* from role_authority_relation rar join authority a on a.id = rar.AUTHORITY_ID join role r on r.id = rar.ROLE_ID where a.URL = ?
2021-12-20 16:03:14 [ec-6] DEBUG c.f.d.m.A.selectRolesByUrl               : ==> Parameters: /user/info(String)
2021-12-20 16:03:15 [ec-6] DEBUG c.f.d.m.A.selectRolesByUrl               : <==      Total: 0
2021-12-20 16:03:24 [ec-7] DEBUG mizeUsernamePasswordAuthenticationFilter : Request is to process authentication
2021-12-20 16:03:25 [ec-7] DEBUG c.f.d.m.UserMapper.selectByEmail         : ==>  Preparing: select * from user where email = ?
2021-12-20 16:03:25 [ec-7] DEBUG c.f.d.m.UserMapper.selectByEmail         : ==> Parameters: admin@admin.com(String)
2021-12-20 16:03:25 [ec-7] DEBUG c.f.d.m.UserMapper.selectByEmail         : <==      Total: 1
2021-12-20 16:03:25 [ec-7] DEBUG c.f.d.m.R.selectByUserId                 : ==>  Preparing: select r.* from User_Role_Relation urr join Role r on r.id = urr.ROLE_ID where urr.USER_ID = ?
2021-12-20 16:03:25 [ec-7] DEBUG c.f.d.m.R.selectByUserId                 : ==> Parameters: 1(Integer)
2021-12-20 16:03:25 [ec-7] DEBUG c.f.d.m.R.selectByUserId                 : <==      Total: 1
2021-12-20 16:03:28 [ec-7] DEBUG mizeUsernamePasswordAuthenticationFilter : Authentication success. Updating SecurityContextHolder to contain: org.springframework.security.authentication.UsernamePasswordAuthenticationToken@e0dc1069: Principal: com.fool.demo.entity.CustomizeUser@a49e2b1: Username: admin@admin.com; Password: [PROTECTED]; Enabled: true; AccountNonExpired: true; credentialsNonExpired: true; AccountNonLocked: true; Granted Authorities: com.fool.demo.service.UserService$$Lambda$1791$$M$_jr_5EF60048D03960B8_2/0x0000000100fb2c40@156a9862; Credentials: [PROTECTED]; Authenticated: true; Details: org.springframework.security.web.authentication.WebAuthenticationDetails@957e: RemoteIpAddress: 127.0.0.1; SessionId: null; Granted Authorities: com.fool.demo.service.UserService$$Lambda$1791$$M$_jr_5EF60048D03960B8_2/0x0000000100fb2c40@156a9862
2021-12-20 16:03:39 [ec-9] DEBUG mizeUsernamePasswordAuthenticationFilter : Request is to process authentication
2021-12-20 16:03:39 [ec-9] DEBUG c.f.d.m.UserMapper.selectByEmail         : ==>  Preparing: select * from user where email = ?
2021-12-20 16:03:39 [ec-9] DEBUG c.f.d.m.UserMapper.selectByEmail         : ==> Parameters: admin@admin.com(String)
2021-12-20 16:03:39 [ec-9] DEBUG c.f.d.m.UserMapper.selectByEmail         : <==      Total: 1
2021-12-20 16:03:39 [ec-9] DEBUG c.f.d.m.R.selectByUserId                 : ==>  Preparing: select r.* from User_Role_Relation urr join Role r on r.id = urr.ROLE_ID where urr.USER_ID = ?
2021-12-20 16:03:39 [ec-9] DEBUG c.f.d.m.R.selectByUserId                 : ==> Parameters: 1(Integer)
2021-12-20 16:03:39 [ec-9] DEBUG c.f.d.m.R.selectByUserId                 : <==      Total: 1
2021-12-20 16:03:40 [ec-9] DEBUG mizeUsernamePasswordAuthenticationFilter : Authentication success. Updating SecurityContextHolder to contain: org.springframework.security.authentication.UsernamePasswordAuthenticationToken@c8e68f47: Principal: com.fool.demo.entity.CustomizeUser@a49e2b1: Username: admin@admin.com; Password: [PROTECTED]; Enabled: true; AccountNonExpired: true; credentialsNonExpired: true; AccountNonLocked: true; Granted Authorities: com.fool.demo.service.UserService$$Lambda$1791$$M$_jr_5EF60048D03960B8_2/0x0000000100fb2c40@3d50074c; Credentials: [PROTECTED]; Authenticated: true; Details: org.springframework.security.web.authentication.WebAuthenticationDetails@957e: RemoteIpAddress: 127.0.0.1; SessionId: null; Granted Authorities: com.fool.demo.service.UserService$$Lambda$1791$$M$_jr_5EF60048D03960B8_2/0x0000000100fb2c40@3d50074c
2021-12-20 16:03:40 [ec-8] DEBUG zeFilterInvocationSecurityMetadataSource : Request url:/user/info?token=eyJ0eXAiOiJKV1QiLCJhbGciOiJIUzI1NiJ9.eyJyb2xlcyI6WyJBZG1pbiJdLCJuYW1lIjoiQWRtaW4iLCJleHAiOjE2Mzk5ODgwMjQsImlhdCI6MTYzOTk4NzQyMCwiZW1haWwiOiJhZG1pbkBhZG1pbi5jb20ifQ.lIWmM2_oXiWvMeCEK2G_X9x-uWy3b4oVwztO8bBsnHY
2021-12-20 16:03:40 [ec-8] DEBUG c.f.d.m.A.selectRolesByUrl               : ==>  Preparing: select r.* from role_authority_relation rar join authority a on a.id = rar.AUTHORITY_ID join role r on r.id = rar.ROLE_ID where a.URL = ?
2021-12-20 16:03:40 [ec-8] DEBUG c.f.d.m.A.selectRolesByUrl               : ==> Parameters: /user/info(String)
2021-12-20 16:03:40 [ec-8] DEBUG c.f.d.m.A.selectRolesByUrl               : <==      Total: 0
2021-12-20 16:04:50 [c-10] DEBUG mizeUsernamePasswordAuthenticationFilter : Request is to process authentication
2021-12-20 16:04:50 [c-10] DEBUG c.f.d.m.UserMapper.selectByEmail         : ==>  Preparing: select * from user where email = ?
2021-12-20 16:04:50 [c-10] DEBUG c.f.d.m.UserMapper.selectByEmail         : ==> Parameters: admin@admin.com(String)
2021-12-20 16:04:50 [c-10] DEBUG c.f.d.m.UserMapper.selectByEmail         : <==      Total: 1
2021-12-20 16:04:50 [c-10] DEBUG c.f.d.m.R.selectByUserId                 : ==>  Preparing: select r.* from User_Role_Relation urr join Role r on r.id = urr.ROLE_ID where urr.USER_ID = ?
2021-12-20 16:04:50 [c-10] DEBUG c.f.d.m.R.selectByUserId                 : ==> Parameters: 1(Integer)
2021-12-20 16:04:50 [c-10] DEBUG c.f.d.m.R.selectByUserId                 : <==      Total: 1
2021-12-20 16:04:51 [c-10] DEBUG mizeUsernamePasswordAuthenticationFilter : Authentication success. Updating SecurityContextHolder to contain: org.springframework.security.authentication.UsernamePasswordAuthenticationToken@92d1b5b1: Principal: com.fool.demo.entity.CustomizeUser@a49e2b1: Username: admin@admin.com; Password: [PROTECTED]; Enabled: true; AccountNonExpired: true; credentialsNonExpired: true; AccountNonLocked: true; Granted Authorities: com.fool.demo.service.UserService$$Lambda$1791$$M$_jr_5EF60048D03960B8_2/0x0000000100fb2c40@67673dba; Credentials: [PROTECTED]; Authenticated: true; Details: org.springframework.security.web.authentication.WebAuthenticationDetails@957e: RemoteIpAddress: 127.0.0.1; SessionId: null; Granted Authorities: com.fool.demo.service.UserService$$Lambda$1791$$M$_jr_5EF60048D03960B8_2/0x0000000100fb2c40@67673dba
2021-12-20 16:04:52 [ec-1] DEBUG zeFilterInvocationSecurityMetadataSource : Request url:/user/info?token=eyJ0eXAiOiJKV1QiLCJhbGciOiJIUzI1NiJ9.eyJyb2xlcyI6WyJBZG1pbiJdLCJuYW1lIjoiQWRtaW4iLCJleHAiOjE2Mzk5ODgwOTYsImlhdCI6MTYzOTk4NzQ5MSwiZW1haWwiOiJhZG1pbkBhZG1pbi5jb20ifQ.cQvzOFoCVpqOV7SD1S-VEw7-2PrLqH2dtd07aJZTg9c
2021-12-20 16:04:52 [ec-1] DEBUG c.f.d.m.A.selectRolesByUrl               : ==>  Preparing: select r.* from role_authority_relation rar join authority a on a.id = rar.AUTHORITY_ID join role r on r.id = rar.ROLE_ID where a.URL = ?
2021-12-20 16:04:52 [ec-1] DEBUG c.f.d.m.A.selectRolesByUrl               : ==> Parameters: /user/info(String)
2021-12-20 16:04:52 [ec-1] DEBUG c.f.d.m.A.selectRolesByUrl               : <==      Total: 0
2021-12-20 16:22:47 [ec-3] DEBUG zeFilterInvocationSecurityMetadataSource : Request url:/user/info?token=eyJ0eXAiOiJKV1QiLCJhbGciOiJIUzI1NiJ9.eyJyb2xlcyI6WyJBZG1pbiJdLCJuYW1lIjoiQWRtaW4iLCJleHAiOjE2Mzk5ODgwOTYsImlhdCI6MTYzOTk4NzQ5MSwiZW1haWwiOiJhZG1pbkBhZG1pbi5jb20ifQ.cQvzOFoCVpqOV7SD1S-VEw7-2PrLqH2dtd07aJZTg9c
2021-12-20 16:22:47 [ec-3] DEBUG c.f.d.m.A.selectRolesByUrl               : ==>  Preparing: select r.* from role_authority_relation rar join authority a on a.id = rar.AUTHORITY_ID join role r on r.id = rar.ROLE_ID where a.URL = ?
2021-12-20 16:22:47 [ec-3] DEBUG c.f.d.m.A.selectRolesByUrl               : ==> Parameters: /user/info(String)
2021-12-20 16:22:47 [ec-3] DEBUG c.f.d.m.A.selectRolesByUrl               : <==      Total: 0
2021-12-20 16:22:53 [ec-2] DEBUG mizeUsernamePasswordAuthenticationFilter : Request is to process authentication
2021-12-20 16:22:53 [ec-2] DEBUG c.f.d.m.UserMapper.selectByEmail         : ==>  Preparing: select * from user where email = ?
2021-12-20 16:22:53 [ec-2] DEBUG c.f.d.m.UserMapper.selectByEmail         : ==> Parameters: admin@admin.com(String)
2021-12-20 16:22:53 [ec-2] DEBUG c.f.d.m.UserMapper.selectByEmail         : <==      Total: 1
2021-12-20 16:22:53 [ec-2] DEBUG c.f.d.m.R.selectByUserId                 : ==>  Preparing: select r.* from User_Role_Relation urr join Role r on r.id = urr.ROLE_ID where urr.USER_ID = ?
2021-12-20 16:22:53 [ec-2] DEBUG c.f.d.m.R.selectByUserId                 : ==> Parameters: 1(Integer)
2021-12-20 16:22:53 [ec-2] DEBUG c.f.d.m.R.selectByUserId                 : <==      Total: 1
2021-12-20 16:22:53 [ec-2] DEBUG mizeUsernamePasswordAuthenticationFilter : Authentication success. Updating SecurityContextHolder to contain: org.springframework.security.authentication.UsernamePasswordAuthenticationToken@bf6eb33f: Principal: com.fool.demo.entity.CustomizeUser@a49e2b1: Username: admin@admin.com; Password: [PROTECTED]; Enabled: true; AccountNonExpired: true; credentialsNonExpired: true; AccountNonLocked: true; Granted Authorities: com.fool.demo.service.UserService$$Lambda$1791$$M$_jr_5EF60048D03960B8_2/0x0000000100fb2c40@4ad83b34; Credentials: [PROTECTED]; Authenticated: true; Details: org.springframework.security.web.authentication.WebAuthenticationDetails@957e: RemoteIpAddress: 127.0.0.1; SessionId: null; Granted Authorities: com.fool.demo.service.UserService$$Lambda$1791$$M$_jr_5EF60048D03960B8_2/0x0000000100fb2c40@4ad83b34
2021-12-20 16:22:54 [ec-4] DEBUG zeFilterInvocationSecurityMetadataSource : Request url:/user/info?token=eyJ0eXAiOiJKV1QiLCJhbGciOiJIUzI1NiJ9.eyJyb2xlcyI6WyJBZG1pbiJdLCJuYW1lIjoiQWRtaW4iLCJleHAiOjE2Mzk5ODkxNzgsImlhdCI6MTYzOTk4ODU3MywiZW1haWwiOiJhZG1pbkBhZG1pbi5jb20ifQ.2OSrSsT2RQ2eeT78JRBHS2_CR7dhb-BGOn78Qi50RTo
2021-12-20 16:22:54 [ec-4] DEBUG c.f.d.m.A.selectRolesByUrl               : ==>  Preparing: select r.* from role_authority_relation rar join authority a on a.id = rar.AUTHORITY_ID join role r on r.id = rar.ROLE_ID where a.URL = ?
2021-12-20 16:22:54 [ec-4] DEBUG c.f.d.m.A.selectRolesByUrl               : ==> Parameters: /user/info(String)
2021-12-20 16:22:54 [ec-4] DEBUG c.f.d.m.A.selectRolesByUrl               : <==      Total: 0
