2021-10-20 14:03:42 [main] INFO  com.fool.demo.DemoApplication            : Starting DemoApplication on MININT-IE2UUMN with PID 21424 (E:\workspace\demo\target\classes started by 80010379 in E:\workspace\demo)
2021-10-20 14:03:42 [main] INFO  com.fool.demo.DemoApplication            : The following profiles are active: dev
2021-10-20 14:03:48 [main] INFO  com.fool.demo.DemoApplication            : Started DemoApplication in 6.622 seconds (JVM running for 7.86)
2021-10-20 14:03:48 [main] INFO  c.f.d.r.ApplicationRunnerImpl            : Info Test
2021-10-20 14:03:48 [main] INFO  c.f.d.runners.SpiderRunnerImpl           : The spider starts to catch
2021-10-20 14:18:13 [main] INFO  com.fool.demo.DemoApplication            : Starting DemoApplication on MININT-IE2UUMN with PID 22408 (E:\workspace\demo\target\classes started by 80010379 in E:\workspace\demo)
2021-10-20 14:18:13 [main] INFO  com.fool.demo.DemoApplication            : The following profiles are active: dev
2021-10-20 14:18:20 [main] INFO  com.fool.demo.DemoApplication            : Started DemoApplication in 7.746 seconds (JVM running for 9.97)
2021-10-20 14:18:20 [main] INFO  c.f.d.r.ApplicationRunnerImpl            : Info Test
2021-10-20 14:18:34 [main] INFO  com.fool.demo.DemoApplication            : Starting DemoApplication on MININT-IE2UUMN with PID 22992 (E:\workspace\demo\target\classes started by 80010379 in E:\workspace\demo)
2021-10-20 14:18:34 [main] INFO  com.fool.demo.DemoApplication            : The following profiles are active: dev
2021-10-20 14:18:41 [main] INFO  com.fool.demo.DemoApplication            : Started DemoApplication in 7.461 seconds (JVM running for 9.202)
2021-10-20 14:18:41 [main] INFO  c.f.d.r.ApplicationRunnerImpl            : Info Test
2021-10-20 14:18:41 [main] INFO  c.f.d.runners.SpiderRunnerImpl           : The spider starts to catch
2021-10-20 15:27:37 [main] INFO  com.fool.demo.DemoApplication            : Starting DemoApplication on MININT-IE2UUMN with PID 20460 (E:\workspace\demo\target\classes started by 80010379 in E:\workspace\demo)
2021-10-20 15:27:37 [main] INFO  com.fool.demo.DemoApplication            : The following profiles are active: dev
2021-10-20 15:27:43 [main] INFO  com.fool.demo.DemoApplication            : Started DemoApplication in 7.431 seconds (JVM running for 11.117)
2021-10-20 15:27:43 [main] INFO  c.f.d.r.ApplicationRunnerImpl            : Info Test
2021-10-20 15:29:08 [main] INFO  com.fool.demo.DemoApplication            : Starting DemoApplication on MININT-IE2UUMN with PID 16328 (E:\workspace\demo\target\classes started by 80010379 in E:\workspace\demo)
2021-10-20 15:29:08 [main] INFO  com.fool.demo.DemoApplication            : The following profiles are active: dev
2021-10-20 15:29:15 [main] INFO  com.fool.demo.DemoApplication            : Started DemoApplication in 8.332 seconds (JVM running for 10.98)
2021-10-20 15:29:15 [main] INFO  c.f.d.r.ApplicationRunnerImpl            : Info Test
2021-10-20 16:20:38 [main] INFO  com.fool.demo.DemoApplication            : Starting DemoApplication on MININT-IE2UUMN with PID 21580 (E:\workspace\demo\target\classes started by 80010379 in E:\workspace\demo)
2021-10-20 16:20:38 [main] INFO  com.fool.demo.DemoApplication            : The following profiles are active: dev
2021-10-20 16:20:45 [main] INFO  com.fool.demo.DemoApplication            : Started DemoApplication in 9.867 seconds (JVM running for 11.143)
2021-10-20 16:20:45 [main] INFO  c.f.d.r.ApplicationRunnerImpl            : Info Test
2021-10-20 16:21:28 [main] INFO  com.fool.demo.DemoApplication            : Starting DemoApplication on MININT-IE2UUMN with PID 21604 (E:\workspace\demo\target\classes started by 80010379 in E:\workspace\demo)
2021-10-20 16:21:28 [main] INFO  com.fool.demo.DemoApplication            : The following profiles are active: dev
2021-10-20 16:21:42 [main] INFO  com.fool.demo.DemoApplication            : Started DemoApplication in 14.767 seconds (JVM running for 16.562)
2021-10-20 16:21:42 [main] INFO  c.f.d.r.ApplicationRunnerImpl            : Info Test
2021-10-20 16:22:08 [main] INFO  com.fool.demo.DemoApplication            : Starting DemoApplication on MININT-IE2UUMN with PID 21468 (E:\workspace\demo\target\classes started by 80010379 in E:\workspace\demo)
2021-10-20 16:22:08 [main] INFO  com.fool.demo.DemoApplication            : The following profiles are active: dev
2021-10-20 16:22:20 [main] INFO  com.fool.demo.DemoApplication            : Started DemoApplication in 12.617 seconds (JVM running for 14.39)
2021-10-20 16:22:20 [main] INFO  c.f.d.r.ApplicationRunnerImpl            : Info Test
2021-10-20 16:45:31 [main] INFO  com.fool.demo.DemoApplication            : Starting DemoApplication on MININT-IE2UUMN with PID 22080 (E:\workspace\demo\target\classes started by 80010379 in E:\workspace\demo)
2021-10-20 16:45:31 [main] INFO  com.fool.demo.DemoApplication            : The following profiles are active: dev
2021-10-20 16:45:37 [main] INFO  com.fool.demo.DemoApplication            : Started DemoApplication in 7.32 seconds (JVM running for 8.894)
2021-10-20 16:45:37 [main] INFO  c.f.d.r.ApplicationRunnerImpl            : Info Test
2021-10-20 16:49:24 [main] INFO  com.fool.demo.DemoApplication            : Starting DemoApplication on MININT-IE2UUMN with PID 15620 (E:\workspace\demo\target\classes started by 80010379 in E:\workspace\demo)
2021-10-20 16:49:24 [main] INFO  com.fool.demo.DemoApplication            : The following profiles are active: dev
2021-10-20 16:49:31 [main] INFO  com.fool.demo.DemoApplication            : Started DemoApplication in 7.919 seconds (JVM running for 9.67)
2021-10-20 16:49:31 [main] INFO  c.f.d.r.ApplicationRunnerImpl            : Info Test
2021-10-20 16:54:16 [main] INFO  com.fool.demo.DemoApplication            : Starting DemoApplication on MININT-IE2UUMN with PID 11348 (E:\workspace\demo\target\classes started by 80010379 in E:\workspace\demo)
2021-10-20 16:54:16 [main] INFO  com.fool.demo.DemoApplication            : The following profiles are active: dev
2021-10-20 16:54:23 [main] INFO  com.fool.demo.DemoApplication            : Started DemoApplication in 8.268 seconds (JVM running for 9.907)
2021-10-20 16:54:23 [main] INFO  c.f.d.r.ApplicationRunnerImpl            : Info Test
2021-10-20 16:59:02 [main] INFO  com.fool.demo.DemoApplication            : Starting DemoApplication on MININT-IE2UUMN with PID 23392 (E:\workspace\demo\target\classes started by 80010379 in E:\workspace\demo)
2021-10-20 16:59:02 [main] INFO  com.fool.demo.DemoApplication            : The following profiles are active: dev
2021-10-20 16:59:09 [main] INFO  com.fool.demo.DemoApplication            : Started DemoApplication in 7.432 seconds (JVM running for 9.129)
2021-10-20 16:59:09 [main] INFO  c.f.d.r.ApplicationRunnerImpl            : Info Test
