2021-12-16 11:37:02 [main] INFO  com.fool.demo.DemoApplication            : Starting DemoApplication on MININT-IE2UUMN with PID 19944 (E:\workspace\demo\target\classes started by 80010379 in E:\workspace\demo)
2021-12-16 11:37:02 [main] INFO  com.fool.demo.DemoApplication            : The following profiles are active: dev
2021-12-16 11:39:26 [main] INFO  com.fool.demo.DemoApplication            : Starting DemoApplication on MININT-IE2UUMN with PID 22952 (E:\workspace\demo\target\classes started by 80010379 in E:\workspace\demo)
2021-12-16 11:39:26 [main] INFO  com.fool.demo.DemoApplication            : The following profiles are active: dev
2021-12-16 11:40:28 [main] INFO  com.fool.demo.DemoApplication            : Starting DemoApplication on MININT-IE2UUMN with PID 22676 (E:\workspace\demo\target\classes started by 80010379 in E:\workspace\demo)
2021-12-16 11:40:28 [main] INFO  com.fool.demo.DemoApplication            : The following profiles are active: dev
2021-12-16 11:40:34 [main] INFO  com.fool.demo.DemoApplication            : Started DemoApplication in 6.535 seconds (JVM running for 7.727)
2021-12-16 11:40:34 [main] INFO  c.f.d.r.ApplicationRunnerImpl            : Info Test
2021-12-16 11:44:00 [main] INFO  com.fool.demo.DemoApplication            : Starting DemoApplication on MININT-IE2UUMN with PID 18208 (E:\workspace\demo\target\classes started by 80010379 in E:\workspace\demo)
2021-12-16 11:44:00 [main] INFO  com.fool.demo.DemoApplication            : The following profiles are active: dev
2021-12-16 11:44:08 [main] INFO  com.fool.demo.DemoApplication            : Started DemoApplication in 8.976 seconds (JVM running for 10.376)
2021-12-16 11:44:08 [main] INFO  c.f.d.r.ApplicationRunnerImpl            : Info Test
2021-12-16 13:16:55 [main] INFO  com.fool.demo.DemoApplication            : Starting DemoApplication on MININT-IE2UUMN with PID 21660 (E:\workspace\demo\target\classes started by 80010379 in E:\workspace\demo)
2021-12-16 13:16:55 [main] INFO  com.fool.demo.DemoApplication            : The following profiles are active: dev
2021-12-16 13:17:03 [main] INFO  com.fool.demo.DemoApplication            : Started DemoApplication in 8.257 seconds (JVM running for 9.931)
2021-12-16 13:17:03 [main] INFO  c.f.d.r.ApplicationRunnerImpl            : Info Test
2021-12-16 13:18:34 [main] INFO  com.fool.demo.DemoApplication            : Starting DemoApplication on MININT-IE2UUMN with PID 12620 (E:\workspace\demo\target\classes started by 80010379 in E:\workspace\demo)
2021-12-16 13:18:34 [main] INFO  com.fool.demo.DemoApplication            : The following profiles are active: dev
2021-12-16 13:22:18 [main] INFO  com.fool.demo.DemoApplication            : Starting DemoApplication on MININT-IE2UUMN with PID 20180 (E:\workspace\demo\target\classes started by 80010379 in E:\workspace\demo)
2021-12-16 13:22:18 [main] INFO  com.fool.demo.DemoApplication            : The following profiles are active: dev
2021-12-16 13:22:28 [main] INFO  com.fool.demo.DemoApplication            : Started DemoApplication in 10.116 seconds (JVM running for 11.522)
2021-12-16 13:22:28 [main] INFO  c.f.d.r.ApplicationRunnerImpl            : Info Test
2021-12-16 13:34:09 [ol-1] INFO  c.f.d.service.AsyncTestService           : Method will execute in 5000 mill
2021-12-16 13:34:09 [ol-2] INFO  c.f.d.service.AsyncTestService           : Method will execute in 7000 mill
2021-12-16 13:34:14 [ol-1] INFO  c.f.d.service.AsyncTestService           : Method finished in 5000
2021-12-16 13:34:16 [ol-2] INFO  c.f.d.service.AsyncTestService           : Method finished in 7000
2021-12-16 13:34:55 [ol-3] INFO  c.f.d.service.AsyncTestService           : Method will execute in 5000 mill
2021-12-16 13:34:55 [ol-4] INFO  c.f.d.service.AsyncTestService           : Method will execute in 7000 mill
2021-12-16 13:35:00 [ol-3] INFO  c.f.d.service.AsyncTestService           : Method finished in 5000
2021-12-16 13:35:02 [ol-4] INFO  c.f.d.service.AsyncTestService           : Method finished in 7000
2021-12-16 13:38:04 [ol-5] INFO  c.f.d.service.AsyncTestService           : Method will execute in 5000 mill
2021-12-16 13:38:04 [ol-6] INFO  c.f.d.service.AsyncTestService           : Method will execute in 7000 mill
2021-12-16 13:38:08 [c-10] INFO  c.f.d.f.JwtAuthenticationFilter          : Authenticated user admin@admin.com, setting security context
2021-12-16 13:38:15 [ol-6] INFO  c.f.d.service.AsyncTestService           : Method finished in 7000
2021-12-16 13:38:15 [ol-5] INFO  c.f.d.service.AsyncTestService           : Method finished in 5000
2021-12-16 13:38:15 [ol-7] INFO  c.f.d.service.AsyncTestService           : Method will execute in 5000 mill
2021-12-16 13:38:15 [ol-8] INFO  c.f.d.service.AsyncTestService           : Method will execute in 7000 mill
2021-12-16 13:38:20 [ol-7] INFO  c.f.d.service.AsyncTestService           : Method finished in 5000
2021-12-16 13:38:22 [ol-8] INFO  c.f.d.service.AsyncTestService           : Method finished in 7000
2021-12-16 13:38:34 [ec-1] INFO  c.f.d.f.JwtAuthenticationFilter          : Authenticated user admin@admin.com, setting security context
2021-12-16 13:38:37 [ol-9] INFO  c.f.d.service.AsyncTestService           : Method will execute in 5000 mill
2021-12-16 13:38:37 [l-10] INFO  c.f.d.service.AsyncTestService           : Method will execute in 7000 mill
2021-12-16 13:38:42 [ol-9] INFO  c.f.d.service.AsyncTestService           : Method finished in 5000
2021-12-16 13:38:44 [l-10] INFO  c.f.d.service.AsyncTestService           : Method finished in 7000
2021-12-16 13:40:05 [ec-4] INFO  c.f.d.f.JwtAuthenticationFilter          : Authenticated user admin@admin.com, setting security context
