2021-10-21 09:16:28 [main] INFO  com.fool.demo.DemoApplication            : Starting DemoApplication on MININT-IE2UUMN with PID 10020 (E:\workspace\demo\target\classes started by 80010379 in E:\workspace\demo)
2021-10-21 09:16:28 [main] INFO  com.fool.demo.DemoApplication            : The following profiles are active: dev
2021-10-21 09:16:37 [main] INFO  com.fool.demo.DemoApplication            : Started DemoApplication in 10.534 seconds (JVM running for 12.759)
2021-10-21 09:16:37 [main] INFO  c.f.d.r.ApplicationRunnerImpl            : Info Test
2021-10-21 09:39:06 [main] INFO  com.fool.demo.DemoApplication            : Starting DemoApplication on MININT-IE2UUMN with PID 24304 (E:\workspace\demo\target\classes started by 80010379 in E:\workspace\demo)
2021-10-21 09:39:06 [main] INFO  com.fool.demo.DemoApplication            : The following profiles are active: dev
2021-10-21 09:39:15 [main] INFO  com.fool.demo.DemoApplication            : Started DemoApplication in 9.653 seconds (JVM running for 11.638)
2021-10-21 09:39:15 [main] INFO  c.f.d.r.ApplicationRunnerImpl            : Info Test
2021-10-21 09:42:09 [main] INFO  com.fool.demo.DemoApplication            : Starting DemoApplication on MININT-IE2UUMN with PID 8016 (E:\workspace\demo\target\classes started by 80010379 in E:\workspace\demo)
2021-10-21 09:42:09 [main] INFO  com.fool.demo.DemoApplication            : The following profiles are active: dev
2021-10-21 09:42:17 [main] INFO  com.fool.demo.DemoApplication            : Started DemoApplication in 8.002 seconds (JVM running for 9.49)
2021-10-21 09:42:17 [main] INFO  c.f.d.r.ApplicationRunnerImpl            : Info Test
2021-10-21 09:43:30 [main] INFO  com.fool.demo.DemoApplication            : Starting DemoApplication on MININT-IE2UUMN with PID 2868 (E:\workspace\demo\target\classes started by 80010379 in E:\workspace\demo)
2021-10-21 09:43:30 [main] INFO  com.fool.demo.DemoApplication            : The following profiles are active: dev
2021-10-21 09:43:37 [main] INFO  com.fool.demo.DemoApplication            : Started DemoApplication in 7.764 seconds (JVM running for 9.393)
2021-10-21 09:43:37 [main] INFO  c.f.d.r.ApplicationRunnerImpl            : Info Test
2021-10-21 09:46:47 [main] INFO  com.fool.demo.DemoApplication            : Starting DemoApplication on MININT-IE2UUMN with PID 15236 (E:\workspace\demo\target\classes started by 80010379 in E:\workspace\demo)
2021-10-21 09:46:47 [main] INFO  com.fool.demo.DemoApplication            : The following profiles are active: dev
2021-10-21 09:46:54 [main] INFO  com.fool.demo.DemoApplication            : Started DemoApplication in 7.267 seconds (JVM running for 9.152)
2021-10-21 09:46:54 [main] INFO  c.f.d.r.ApplicationRunnerImpl            : Info Test
2021-10-21 10:11:15 [main] INFO  com.fool.demo.DemoApplication            : Starting DemoApplication on MININT-IE2UUMN with PID 9100 (E:\workspace\demo\target\classes started by 80010379 in E:\workspace\demo)
2021-10-21 10:11:15 [main] INFO  com.fool.demo.DemoApplication            : The following profiles are active: dev
2021-10-21 10:11:22 [main] INFO  com.fool.demo.DemoApplication            : Started DemoApplication in 8.006 seconds (JVM running for 9.869)
2021-10-21 10:11:22 [main] INFO  c.f.d.r.ApplicationRunnerImpl            : Info Test
2021-10-21 10:12:39 [main] INFO  com.fool.demo.DemoApplication            : Starting DemoApplication on MININT-IE2UUMN with PID 2132 (E:\workspace\demo\target\classes started by 80010379 in E:\workspace\demo)
2021-10-21 10:12:39 [main] INFO  com.fool.demo.DemoApplication            : The following profiles are active: dev
2021-10-21 10:12:47 [main] INFO  com.fool.demo.DemoApplication            : Started DemoApplication in 8.021 seconds (JVM running for 10.653)
2021-10-21 10:12:47 [main] INFO  c.f.d.r.ApplicationRunnerImpl            : Info Test
2021-10-21 10:13:34 [main] INFO  com.fool.demo.DemoApplication            : Starting DemoApplication on MININT-IE2UUMN with PID 24456 (E:\workspace\demo\target\classes started by 80010379 in E:\workspace\demo)
2021-10-21 10:13:34 [main] INFO  com.fool.demo.DemoApplication            : The following profiles are active: dev
2021-10-21 10:13:41 [main] INFO  com.fool.demo.DemoApplication            : Started DemoApplication in 7.665 seconds (JVM running for 9.158)
2021-10-21 10:13:41 [main] INFO  c.f.d.r.ApplicationRunnerImpl            : Info Test
2021-10-21 10:23:21 [main] INFO  com.fool.demo.DemoApplication            : Starting DemoApplication on MININT-IE2UUMN with PID 26304 (E:\workspace\demo\target\classes started by 80010379 in E:\workspace\demo)
2021-10-21 10:23:21 [main] INFO  com.fool.demo.DemoApplication            : The following profiles are active: dev
2021-10-21 10:23:36 [main] INFO  com.fool.demo.DemoApplication            : Started DemoApplication in 15.518 seconds (JVM running for 17.961)
2021-10-21 10:23:36 [main] INFO  c.f.d.r.ApplicationRunnerImpl            : Info Test
2021-10-21 10:24:42 [main] INFO  com.fool.demo.DemoApplication            : Starting DemoApplication on MININT-IE2UUMN with PID 19408 (E:\workspace\demo\target\classes started by 80010379 in E:\workspace\demo)
2021-10-21 10:24:42 [main] INFO  com.fool.demo.DemoApplication            : The following profiles are active: dev
2021-10-21 10:24:59 [ec-1] INFO  zeFilterInvocationSecurityMetadataSource : Request url:/login
2021-10-21 10:25:13 [main] INFO  com.fool.demo.DemoApplication            : Started DemoApplication in 31.716 seconds (JVM running for 33.568)
2021-10-21 10:25:13 [main] INFO  c.f.d.r.ApplicationRunnerImpl            : Info Test
2021-10-21 10:25:38 [ec-5] INFO  zeFilterInvocationSecurityMetadataSource : Request url:/login
2021-10-21 10:25:55 [ec-7] INFO  zeFilterInvocationSecurityMetadataSource : Request url:/login
2021-10-21 10:26:55 [ec-9] INFO  zeFilterInvocationSecurityMetadataSource : Request url:/empty
2021-10-21 10:26:55 [ec-9] INFO  zeFilterInvocationSecurityMetadataSource : Request url:/empty
2021-10-21 10:26:55 [ec-9] INFO  zeFilterInvocationSecurityMetadataSource : Request url:/empty
2021-10-21 10:27:05 [ec-1] INFO  zeFilterInvocationSecurityMetadataSource : Request url:/hello-world
2021-10-21 10:27:05 [ec-1] INFO  zeFilterInvocationSecurityMetadataSource : Request url:/hello-world
2021-10-21 10:27:05 [ec-1] INFO  zeFilterInvocationSecurityMetadataSource : Request url:/hello-world
2021-10-21 10:27:19 [ec-3] INFO  zeFilterInvocationSecurityMetadataSource : Request url:/hello-world
2021-10-21 10:27:19 [ec-3] INFO  zeFilterInvocationSecurityMetadataSource : Request url:/hello-world
2021-10-21 10:27:19 [ec-3] INFO  zeFilterInvocationSecurityMetadataSource : Request url:/hello-world
2021-10-21 10:27:51 [ec-2] INFO  zeFilterInvocationSecurityMetadataSource : Request url:/hello-world
2021-10-21 10:28:05 [ec-5] INFO  zeFilterInvocationSecurityMetadataSource : Request url:/hello-world
2021-10-21 10:28:05 [ec-5] INFO  zeFilterInvocationSecurityMetadataSource : Request url:/hello-world
2021-10-21 10:28:05 [ec-5] INFO  zeFilterInvocationSecurityMetadataSource : Request url:/hello-world
2021-10-21 10:28:49 [ec-6] INFO  zeFilterInvocationSecurityMetadataSource : Request url:/hello-world
2021-10-21 10:28:49 [ec-6] INFO  zeFilterInvocationSecurityMetadataSource : Request url:/hello-world
2021-10-21 10:28:49 [ec-6] INFO  zeFilterInvocationSecurityMetadataSource : Request url:/hello-world
2021-10-21 10:29:57 [ec-9] INFO  zeFilterInvocationSecurityMetadataSource : Request url:/hello-world
2021-10-21 10:30:01 [c-10] INFO  zeFilterInvocationSecurityMetadataSource : Request url:/empty
2021-10-21 10:30:40 [ec-3] INFO  zeFilterInvocationSecurityMetadataSource : Request url:/hello-world
2021-10-21 10:30:42 [ec-2] INFO  zeFilterInvocationSecurityMetadataSource : Request url:/hello-world
2021-10-21 10:31:00 [ec-4] INFO  zeFilterInvocationSecurityMetadataSource : Request url:/hello-world
2021-10-21 10:35:04 [main] INFO  com.fool.demo.DemoApplication            : Starting DemoApplication on MININT-IE2UUMN with PID 3688 (E:\workspace\demo\target\classes started by 80010379 in E:\workspace\demo)
2021-10-21 10:35:04 [main] INFO  com.fool.demo.DemoApplication            : The following profiles are active: dev
2021-10-21 10:35:11 [main] INFO  com.fool.demo.DemoApplication            : Started DemoApplication in 8.427 seconds (JVM running for 10.034)
2021-10-21 10:35:11 [main] INFO  c.f.d.r.ApplicationRunnerImpl            : Info Test
2021-10-21 10:36:03 [ec-3] INFO  zeFilterInvocationSecurityMetadataSource : Request url:/hello-world
2021-10-21 10:36:19 [ec-4] INFO  zeFilterInvocationSecurityMetadataSource : Request url:/empty
2021-10-21 10:36:27 [ec-4] INFO  zeFilterInvocationSecurityMetadataSource : Request url:/empty
2021-10-21 10:36:27 [ec-4] INFO  zeFilterInvocationSecurityMetadataSource : Request url:/empty
2021-10-21 10:38:08 [ec-9] INFO  zeFilterInvocationSecurityMetadataSource : Request url:/hello-world
2021-10-21 10:38:15 [ec-6] INFO  zeFilterInvocationSecurityMetadataSource : Request url:/hello-world
2021-10-21 10:42:34 [ec-1] INFO  zeFilterInvocationSecurityMetadataSource : Request url:/hello-world
2021-10-21 10:43:09 [ec-2] INFO  zeFilterInvocationSecurityMetadataSource : Request url:/hello-world
2021-10-21 10:43:25 [ec-3] INFO  zeFilterInvocationSecurityMetadataSource : Request url:/empty
2021-10-21 10:43:25 [ec-3] INFO  zeFilterInvocationSecurityMetadataSource : Request url:/empty
2021-10-21 10:43:25 [ec-3] INFO  zeFilterInvocationSecurityMetadataSource : Request url:/empty
2021-10-21 10:43:42 [ec-4] INFO  zeFilterInvocationSecurityMetadataSource : Request url:/empty
2021-10-21 10:43:42 [ec-4] INFO  zeFilterInvocationSecurityMetadataSource : Request url:/empty
2021-10-21 10:43:42 [ec-4] INFO  zeFilterInvocationSecurityMetadataSource : Request url:/empty
2021-10-21 10:43:55 [ec-5] INFO  zeFilterInvocationSecurityMetadataSource : Request url:/empty
2021-10-21 10:44:12 [ec-5] INFO  zeFilterInvocationSecurityMetadataSource : Request url:/empty
2021-10-21 10:44:13 [ec-5] INFO  zeFilterInvocationSecurityMetadataSource : Request url:/empty
2021-10-21 10:44:43 [ec-8] INFO  zeFilterInvocationSecurityMetadataSource : Request url:/empty
2021-10-21 10:44:43 [ec-8] INFO  zeFilterInvocationSecurityMetadataSource : Request url:/empty
2021-10-21 10:44:44 [ec-8] INFO  zeFilterInvocationSecurityMetadataSource : Request url:/empty
2021-10-21 10:45:15 [ec-9] INFO  zeFilterInvocationSecurityMetadataSource : Request url:/empty
2021-10-21 10:45:29 [ec-9] INFO  zeFilterInvocationSecurityMetadataSource : Request url:/empty
2021-10-21 10:45:30 [ec-9] INFO  zeFilterInvocationSecurityMetadataSource : Request url:/empty
2021-10-21 10:45:42 [ec-6] INFO  zeFilterInvocationSecurityMetadataSource : Request url:/empty
2021-10-21 10:48:20 [ec-6] INFO  zeFilterInvocationSecurityMetadataSource : Request url:/empty
2021-10-21 10:48:34 [ec-6] INFO  zeFilterInvocationSecurityMetadataSource : Request url:/empty
2021-10-21 10:50:08 [ec-7] INFO  zeFilterInvocationSecurityMetadataSource : Request url:/empty
2021-10-21 10:50:08 [ec-7] INFO  zeFilterInvocationSecurityMetadataSource : Request url:/empty
2021-10-21 10:50:10 [ec-7] INFO  zeFilterInvocationSecurityMetadataSource : Request url:/empty
2021-10-21 10:50:16 [c-10] INFO  zeFilterInvocationSecurityMetadataSource : Request url:/empty
2021-10-21 10:50:16 [c-10] INFO  zeFilterInvocationSecurityMetadataSource : Request url:/empty
2021-10-21 10:50:17 [c-10] INFO  zeFilterInvocationSecurityMetadataSource : Request url:/empty
2021-10-21 10:50:36 [ec-1] INFO  zeFilterInvocationSecurityMetadataSource : Request url:/empty
2021-10-21 10:50:49 [ec-1] INFO  zeFilterInvocationSecurityMetadataSource : Request url:/empty
2021-10-21 10:50:50 [ec-1] INFO  zeFilterInvocationSecurityMetadataSource : Request url:/empty
2021-10-21 10:50:58 [ec-2] INFO  zeFilterInvocationSecurityMetadataSource : Request url:/empty
2021-10-21 10:50:58 [ec-2] INFO  zeFilterInvocationSecurityMetadataSource : Request url:/empty
2021-10-21 10:50:58 [ec-2] INFO  zeFilterInvocationSecurityMetadataSource : Request url:/empty
2021-10-21 10:51:16 [ec-3] INFO  zeFilterInvocationSecurityMetadataSource : Request url:/empty
2021-10-21 10:56:56 [ec-3] INFO  zeFilterInvocationSecurityMetadataSource : Request url:/empty
2021-10-21 10:56:58 [ec-3] INFO  zeFilterInvocationSecurityMetadataSource : Request url:/empty
2021-10-21 10:57:45 [main] INFO  com.fool.demo.DemoApplication            : Starting DemoApplication on MININT-IE2UUMN with PID 3916 (E:\workspace\demo\target\classes started by 80010379 in E:\workspace\demo)
2021-10-21 10:57:45 [main] INFO  com.fool.demo.DemoApplication            : The following profiles are active: dev
2021-10-21 10:57:52 [main] INFO  com.fool.demo.DemoApplication            : Started DemoApplication in 7.279 seconds (JVM running for 9.384)
2021-10-21 10:57:52 [main] INFO  c.f.d.r.ApplicationRunnerImpl            : Info Test
2021-10-21 10:58:05 [ec-2] INFO  zeFilterInvocationSecurityMetadataSource : Request url:/empty
2021-10-21 10:58:12 [ec-4] INFO  zeFilterInvocationSecurityMetadataSource : Request url:/empty
2021-10-21 10:58:12 [ec-4] INFO  zeFilterInvocationSecurityMetadataSource : Request url:/empty
2021-10-21 10:58:53 [main] INFO  com.fool.demo.DemoApplication            : Starting DemoApplication on MININT-IE2UUMN with PID 2708 (E:\workspace\demo\target\classes started by 80010379 in E:\workspace\demo)
2021-10-21 10:58:53 [main] INFO  com.fool.demo.DemoApplication            : The following profiles are active: dev
2021-10-21 10:59:00 [main] INFO  com.fool.demo.DemoApplication            : Started DemoApplication in 7.221 seconds (JVM running for 9.055)
2021-10-21 10:59:00 [main] INFO  c.f.d.r.ApplicationRunnerImpl            : Info Test
2021-10-21 10:59:23 [ec-2] INFO  zeFilterInvocationSecurityMetadataSource : Request url:/empty
2021-10-21 10:59:28 [ec-4] INFO  zeFilterInvocationSecurityMetadataSource : Request url:/empty
2021-10-21 10:59:38 [ec-5] INFO  zeFilterInvocationSecurityMetadataSource : Request url:/hello-world
2021-10-21 10:59:39 [ec-6] INFO  zeFilterInvocationSecurityMetadataSource : Request url:/hello-world
2021-10-21 10:59:44 [ec-8] INFO  zeFilterInvocationSecurityMetadataSource : Request url:/hello-world
2021-10-21 10:59:56 [c-10] INFO  zeFilterInvocationSecurityMetadataSource : Request url:/hello-world
2021-10-21 11:00:02 [ec-1] INFO  zeFilterInvocationSecurityMetadataSource : Request url:/empty
2021-10-21 11:00:06 [ec-2] INFO  zeFilterInvocationSecurityMetadataSource : Request url:/empty
2021-10-21 11:00:07 [ec-3] INFO  zeFilterInvocationSecurityMetadataSource : Request url:/empty
2021-10-21 11:00:14 [ec-4] INFO  zeFilterInvocationSecurityMetadataSource : Request url:/empty
2021-10-21 11:14:22 [ec-6] INFO  zeFilterInvocationSecurityMetadataSource : Request url:/empty
2021-10-21 11:14:32 [ec-8] INFO  zeFilterInvocationSecurityMetadataSource : Request url:/hello-world
2021-10-21 11:14:42 [ec-9] INFO  zeFilterInvocationSecurityMetadataSource : Request url:/hello-world
2021-10-21 11:15:52 [ec-2] INFO  zeFilterInvocationSecurityMetadataSource : Request url:/hello-world
2021-10-21 11:16:45 [ec-3] INFO  zeFilterInvocationSecurityMetadataSource : Request url:/hello-world
2021-10-21 11:41:34 [main] INFO  com.fool.demo.DemoApplication            : Starting DemoApplication on MININT-IE2UUMN with PID 25156 (E:\workspace\demo\target\classes started by 80010379 in E:\workspace\demo)
2021-10-21 11:41:34 [main] INFO  com.fool.demo.DemoApplication            : The following profiles are active: dev
2021-10-21 11:41:40 [main] INFO  com.fool.demo.DemoApplication            : Started DemoApplication in 6.902 seconds (JVM running for 8.103)
2021-10-21 11:41:40 [main] INFO  c.f.d.r.ApplicationRunnerImpl            : Info Test
2021-10-21 13:31:55 [main] INFO  com.fool.demo.DemoApplication            : Starting DemoApplication on MININT-IE2UUMN with PID 22408 (E:\workspace\demo\target\classes started by 80010379 in E:\workspace\demo)
2021-10-21 13:31:55 [main] INFO  com.fool.demo.DemoApplication            : The following profiles are active: dev
2021-10-21 13:32:04 [main] INFO  com.fool.demo.DemoApplication            : Started DemoApplication in 9.355 seconds (JVM running for 10.919)
2021-10-21 13:32:04 [main] INFO  c.f.d.r.ApplicationRunnerImpl            : Info Test
2021-10-21 15:38:45 [main] INFO  com.fool.demo.DemoApplication            : Starting DemoApplication on MININT-IE2UUMN with PID 26108 (E:\workspace\demo\target\classes started by 80010379 in E:\workspace\demo)
2021-10-21 15:38:45 [main] INFO  com.fool.demo.DemoApplication            : The following profiles are active: dev
2021-10-21 15:38:52 [main] INFO  com.fool.demo.DemoApplication            : Started DemoApplication in 7.852 seconds (JVM running for 9.223)
2021-10-21 15:38:52 [main] INFO  c.f.d.r.ApplicationRunnerImpl            : Info Test
2021-10-21 16:27:33 [main] INFO  com.fool.demo.DemoApplication            : Starting DemoApplication on MININT-IE2UUMN with PID 23124 (E:\workspace\demo\target\classes started by 80010379 in E:\workspace\demo)
2021-10-21 16:27:33 [main] INFO  com.fool.demo.DemoApplication            : The following profiles are active: dev
2021-10-21 16:27:39 [main] INFO  com.fool.demo.DemoApplication            : Started DemoApplication in 7.392 seconds (JVM running for 8.57)
2021-10-21 16:27:39 [main] INFO  c.f.d.r.ApplicationRunnerImpl            : Info Test
2021-10-21 17:10:38 [main] INFO  com.fool.demo.DemoApplication            : Starting DemoApplication on MININT-IE2UUMN with PID 25368 (E:\workspace\demo\target\classes started by 80010379 in E:\workspace\demo)
2021-10-21 17:10:38 [main] INFO  com.fool.demo.DemoApplication            : The following profiles are active: dev
2021-10-21 17:10:44 [main] INFO  com.fool.demo.DemoApplication            : Started DemoApplication in 6.697 seconds (JVM running for 8.016)
2021-10-21 17:10:44 [main] INFO  c.f.d.r.ApplicationRunnerImpl            : Info Test
