2021-08-12 10:35:18 [main] INFO  com.fool.demo.DemoApplication            : Starting DemoApplication on MININT-IE2UUMN with PID 27828 (E:\workspace\demo\target\classes started by 80010379 in E:\workspace\demo)
2021-08-12 10:35:18 [main] INFO  com.fool.demo.DemoApplication            : The following profiles are active: fool
2021-08-12 10:35:24 [main] INFO  com.fool.demo.DemoApplication            : Started DemoApplication in 8.02 seconds (JVM running for 9.686)
2021-08-12 10:35:24 [main] INFO  c.f.d.r.ApplicationRunnerImpl            : Info Test
2021-08-12 10:55:33 [main] INFO  com.fool.demo.DemoApplication            : Starting DemoApplication on MININT-IE2UUMN with PID 35692 (E:\workspace\demo\target\classes started by 80010379 in E:\workspace\demo)
2021-08-12 10:55:33 [main] INFO  com.fool.demo.DemoApplication            : The following profiles are active: fool
2021-08-12 10:55:38 [main] INFO  com.fool.demo.DemoApplication            : Started DemoApplication in 6.422 seconds (JVM running for 8.163)
2021-08-12 10:55:38 [main] INFO  c.f.d.r.ApplicationRunnerImpl            : Info Test
2021-08-12 10:56:02 [ec-2] INFO  c.f.d.service.WeChatController           : Size:7
2021-08-12 11:02:50 [main] INFO  com.fool.demo.DemoApplication            : Starting DemoApplication on MININT-IE2UUMN with PID 36344 (E:\workspace\demo\target\classes started by 80010379 in E:\workspace\demo)
2021-08-12 11:02:50 [main] INFO  com.fool.demo.DemoApplication            : The following profiles are active: fool
2021-08-12 11:02:57 [main] INFO  com.fool.demo.DemoApplication            : Started DemoApplication in 9.146 seconds (JVM running for 10.953)
2021-08-12 11:02:57 [main] INFO  c.f.d.r.ApplicationRunnerImpl            : Info Test
2021-08-12 11:03:35 [ec-1] INFO  c.f.d.service.WeChatController           : Size:7
2021-08-12 11:05:39 [ec-3] INFO  c.f.d.service.WeChatController           : Size:7
2021-08-12 11:06:05 [main] INFO  com.fool.demo.DemoApplication            : Starting DemoApplication on MININT-IE2UUMN with PID 26444 (E:\workspace\demo\target\classes started by 80010379 in E:\workspace\demo)
2021-08-12 11:06:05 [main] INFO  com.fool.demo.DemoApplication            : The following profiles are active: fool
2021-08-12 11:06:13 [main] INFO  com.fool.demo.DemoApplication            : Started DemoApplication in 8.111 seconds (JVM running for 9.546)
2021-08-12 11:06:13 [main] INFO  c.f.d.r.ApplicationRunnerImpl            : Info Test
2021-08-12 11:06:37 [ec-2] INFO  c.f.d.service.WeChatController           : Size:7
2021-08-12 11:07:45 [ec-3] INFO  c.f.d.service.WeChatController           : Size:7
2021-08-12 11:13:19 [main] INFO  com.fool.demo.DemoApplication            : Starting DemoApplication on MININT-IE2UUMN with PID 15064 (E:\workspace\demo\target\classes started by 80010379 in E:\workspace\demo)
2021-08-12 11:13:19 [main] INFO  com.fool.demo.DemoApplication            : The following profiles are active: fool
2021-08-12 11:13:26 [main] INFO  com.fool.demo.DemoApplication            : Started DemoApplication in 7.112 seconds (JVM running for 8.795)
2021-08-12 11:13:26 [main] INFO  c.f.d.r.ApplicationRunnerImpl            : Info Test
2021-08-12 11:19:50 [main] INFO  com.fool.demo.DemoApplication            : Starting DemoApplication on MININT-IE2UUMN with PID 31748 (E:\workspace\demo\target\classes started by 80010379 in E:\workspace\demo)
2021-08-12 11:19:50 [main] INFO  com.fool.demo.DemoApplication            : The following profiles are active: fool
2021-08-12 11:19:58 [main] INFO  com.fool.demo.DemoApplication            : Started DemoApplication in 9.234 seconds (JVM running for 11.24)
2021-08-12 11:19:58 [main] INFO  c.f.d.r.ApplicationRunnerImpl            : Info Test
2021-08-12 11:21:23 [ec-5] INFO  c.f.d.service.WeChatController           : Response:<200,WeChatResponse(errcode=null, errmsg=null),[Connection:"keep-alive", Content-Type:"text/plain", Date:"Thu, 12 Aug 2021 03:21:23 GMT", Content-Length:"82"]>
2021-08-12 11:22:55 [ec-7] INFO  c.f.d.service.WeChatController           : Response:<200,WeChatResponse(errcode=null, errmsg=null),[Connection:"keep-alive", Content-Type:"text/plain", Date:"Thu, 12 Aug 2021 03:22:55 GMT", Content-Length:"82"]>
2021-08-12 11:23:18 [main] INFO  com.fool.demo.DemoApplication            : Starting DemoApplication on MININT-IE2UUMN with PID 20320 (E:\workspace\demo\target\classes started by 80010379 in E:\workspace\demo)
2021-08-12 11:23:18 [main] INFO  com.fool.demo.DemoApplication            : The following profiles are active: fool
2021-08-12 11:23:24 [main] INFO  com.fool.demo.DemoApplication            : Started DemoApplication in 7.496 seconds (JVM running for 9.266)
2021-08-12 11:23:24 [main] INFO  c.f.d.r.ApplicationRunnerImpl            : Info Test
2021-08-12 11:24:03 [ec-1] INFO  c.f.d.service.WeChatController           : Response:<200,WeChatResponse(errcode=40163, errmsg=code been used, rid: 61149453-60065fed-3bc07e81, session_key=null, openid=null),[Connection:"keep-alive", Content-Type:"text/plain", Date:"Thu, 12 Aug 2021 03:24:03 GMT", Content-Length:"76"]>
2021-08-12 11:24:08 [ec-2] INFO  c.f.d.service.WeChatController           : Response:<200,WeChatResponse(errcode=null, errmsg=null, session_key=i4VQY/WlBxYb+05KKy3YCw==, openid=o8Gu75Pf79UELZNTHBOKrQ6Tvh5I),[Connection:"keep-alive", Content-Type:"text/plain", Date:"Thu, 12 Aug 2021 03:24:08 GMT", Content-Length:"83"]>
2021-08-12 13:33:33 [main] INFO  com.fool.demo.DemoApplication            : Starting DemoApplication on MININT-IE2UUMN with PID 22252 (E:\workspace\demo\target\classes started by 80010379 in E:\workspace\demo)
2021-08-12 13:33:33 [main] INFO  com.fool.demo.DemoApplication            : The following profiles are active: fool
2021-08-12 13:33:39 [main] INFO  com.fool.demo.DemoApplication            : Started DemoApplication in 7.179 seconds (JVM running for 9.253)
2021-08-12 13:33:39 [main] INFO  c.f.d.r.ApplicationRunnerImpl            : Info Test
