2021-08-11 10:58:10 [main] INFO  com.fool.demo.dao.PersonDaoTest          : Starting PersonDaoTest on MININT-IE2UUMN with PID 35612 (started by 80010379 in E:\workspace\demo)
2021-08-11 10:58:10 [main] INFO  com.fool.demo.dao.PersonDaoTest          : The following profiles are active: fool
2021-08-11 10:59:54 [main] INFO  c.fool.demo.utils.RedisUtilsTest         : Starting RedisUtilsTest on MININT-IE2UUMN with PID 33880 (started by 80010379 in E:\workspace\demo)
2021-08-11 10:59:54 [main] INFO  c.fool.demo.utils.RedisUtilsTest         : The following profiles are active: fool
2021-08-11 11:00:04 [main] INFO  c.fool.demo.utils.RedisUtilsTest         : Started RedisUtilsTest in 9.904 seconds (JVM running for 11.085)
2021-08-11 11:04:42 [main] INFO  c.fool.demo.utils.RedisUtilsTest         : Starting RedisUtilsTest on MININT-IE2UUMN with PID 32564 (started by 80010379 in E:\workspace\demo)
2021-08-11 11:04:42 [main] INFO  c.fool.demo.utils.RedisUtilsTest         : The following profiles are active: fool
2021-08-11 11:04:55 [main] INFO  c.fool.demo.utils.RedisUtilsTest         : Started RedisUtilsTest in 13.796 seconds (JVM running for 16.016)
2021-08-11 11:04:59 [ad-1] INFO  c.fool.demo.utils.RedisUtilsTest         : ID:10
2021-08-11 11:04:59 [ad-1] INFO  c.fool.demo.utils.RedisUtilsTest         : ID:0
2021-08-11 11:04:59 [ad-1] INFO  c.fool.demo.utils.RedisUtilsTest         : ID:0
2021-08-11 11:04:59 [ad-1] INFO  c.fool.demo.utils.RedisUtilsTest         : ID:0
2021-08-11 11:04:59 [ad-1] INFO  c.fool.demo.utils.RedisUtilsTest         : ID:0
2021-08-11 11:04:59 [ad-1] INFO  c.fool.demo.utils.RedisUtilsTest         : ID:0
2021-08-11 11:04:59 [ad-1] INFO  c.fool.demo.utils.RedisUtilsTest         : ID:0
2021-08-11 11:04:59 [ad-1] INFO  c.fool.demo.utils.RedisUtilsTest         : ID:0
2021-08-11 11:04:59 [ad-1] INFO  c.fool.demo.utils.RedisUtilsTest         : ID:0
2021-08-11 11:04:59 [ad-1] INFO  c.fool.demo.utils.RedisUtilsTest         : ID:0
2021-08-11 11:07:45 [main] INFO  c.fool.demo.utils.RedisUtilsTest         : Starting RedisUtilsTest on MININT-IE2UUMN with PID 18664 (started by 80010379 in E:\workspace\demo)
2021-08-11 11:07:45 [main] INFO  c.fool.demo.utils.RedisUtilsTest         : The following profiles are active: fool
2021-08-11 11:07:57 [main] INFO  c.fool.demo.utils.RedisUtilsTest         : Started RedisUtilsTest in 12.754 seconds (JVM running for 14.559)
2021-08-11 11:07:57 [ad-1] INFO  c.fool.demo.utils.RedisUtilsTest         : ID:0
2021-08-11 11:07:57 [ad-1] INFO  c.fool.demo.utils.RedisUtilsTest         : ID:0
2021-08-11 11:07:57 [ad-1] INFO  c.fool.demo.utils.RedisUtilsTest         : ID:0
2021-08-11 11:07:57 [ad-1] INFO  c.fool.demo.utils.RedisUtilsTest         : ID:0
2021-08-11 11:07:57 [ad-1] INFO  c.fool.demo.utils.RedisUtilsTest         : ID:0
2021-08-11 11:07:57 [ad-1] INFO  c.fool.demo.utils.RedisUtilsTest         : ID:0
2021-08-11 11:07:57 [ad-1] INFO  c.fool.demo.utils.RedisUtilsTest         : ID:0
2021-08-11 11:07:57 [ad-1] INFO  c.fool.demo.utils.RedisUtilsTest         : ID:0
2021-08-11 11:07:57 [ad-1] INFO  c.fool.demo.utils.RedisUtilsTest         : ID:0
2021-08-11 11:07:57 [ad-1] INFO  c.fool.demo.utils.RedisUtilsTest         : ID:0
2021-08-11 11:11:37 [main] INFO  c.fool.demo.utils.RedisUtilsTest         : Starting RedisUtilsTest on MININT-IE2UUMN with PID 13180 (started by 80010379 in E:\workspace\demo)
2021-08-11 11:11:37 [main] INFO  c.fool.demo.utils.RedisUtilsTest         : The following profiles are active: fool
2021-08-11 11:11:51 [main] INFO  c.fool.demo.utils.RedisUtilsTest         : Started RedisUtilsTest in 14.793 seconds (JVM running for 17.625)
2021-08-11 11:11:51 [main] INFO  c.f.d.r.ApplicationRunnerImpl            : Info Test
2021-08-11 11:11:51 [ad-1] INFO  c.fool.demo.utils.RedisUtilsTest         : ID:0
2021-08-11 11:11:51 [ad-1] INFO  c.fool.demo.utils.RedisUtilsTest         : ID:0
2021-08-11 11:11:51 [ad-1] INFO  c.fool.demo.utils.RedisUtilsTest         : ID:0
2021-08-11 11:11:51 [ad-1] INFO  c.fool.demo.utils.RedisUtilsTest         : ID:0
2021-08-11 11:11:51 [ad-1] INFO  c.fool.demo.utils.RedisUtilsTest         : ID:0
2021-08-11 11:11:51 [ad-1] INFO  c.fool.demo.utils.RedisUtilsTest         : ID:0
2021-08-11 11:11:51 [ad-1] INFO  c.fool.demo.utils.RedisUtilsTest         : ID:0
2021-08-11 11:11:51 [ad-1] INFO  c.fool.demo.utils.RedisUtilsTest         : ID:0
2021-08-11 11:11:51 [ad-1] INFO  c.fool.demo.utils.RedisUtilsTest         : ID:0
2021-08-11 11:11:51 [ad-1] INFO  c.fool.demo.utils.RedisUtilsTest         : ID:0
2021-08-11 11:12:01 [main] INFO  com.fool.demo.DemoApplication            : Starting DemoApplication on MININT-IE2UUMN with PID 29180 (E:\workspace\demo\target\classes started by 80010379 in E:\workspace\demo)
2021-08-11 11:12:01 [main] INFO  com.fool.demo.DemoApplication            : The following profiles are active: fool
2021-08-11 11:12:06 [main] INFO  com.fool.demo.DemoApplication            : Started DemoApplication in 5.545 seconds (JVM running for 6.701)
2021-08-11 11:12:06 [main] INFO  c.f.d.r.ApplicationRunnerImpl            : Info Test
2021-08-11 11:13:27 [main] INFO  c.fool.demo.utils.RedisUtilsTest         : Starting RedisUtilsTest on MININT-IE2UUMN with PID 10192 (started by 80010379 in E:\workspace\demo)
2021-08-11 11:13:27 [main] INFO  c.fool.demo.utils.RedisUtilsTest         : The following profiles are active: fool
2021-08-11 11:13:38 [main] INFO  c.fool.demo.utils.RedisUtilsTest         : Started RedisUtilsTest in 11.859 seconds (JVM running for 13.672)
2021-08-11 11:13:38 [main] INFO  c.f.d.r.ApplicationRunnerImpl            : Info Test
2021-08-11 11:13:38 [ad-1] INFO  c.fool.demo.utils.RedisUtilsTest         : ID:0
2021-08-11 11:13:38 [ad-1] INFO  c.fool.demo.utils.RedisUtilsTest         : ID:0
2021-08-11 11:13:38 [ad-1] INFO  c.fool.demo.utils.RedisUtilsTest         : ID:0
2021-08-11 11:13:38 [ad-1] INFO  c.fool.demo.utils.RedisUtilsTest         : ID:0
2021-08-11 11:13:38 [ad-1] INFO  c.fool.demo.utils.RedisUtilsTest         : ID:0
2021-08-11 11:13:38 [ad-1] INFO  c.fool.demo.utils.RedisUtilsTest         : ID:0
2021-08-11 11:13:38 [ad-1] INFO  c.fool.demo.utils.RedisUtilsTest         : ID:0
2021-08-11 11:13:38 [ad-1] INFO  c.fool.demo.utils.RedisUtilsTest         : ID:0
2021-08-11 11:13:38 [ad-1] INFO  c.fool.demo.utils.RedisUtilsTest         : ID:0
2021-08-11 11:13:38 [ad-1] INFO  c.fool.demo.utils.RedisUtilsTest         : ID:0
2021-08-11 11:14:33 [main] INFO  c.fool.demo.utils.RedisUtilsTest         : Starting RedisUtilsTest on MININT-IE2UUMN with PID 31944 (started by 80010379 in E:\workspace\demo)
2021-08-11 11:14:33 [main] INFO  c.fool.demo.utils.RedisUtilsTest         : The following profiles are active: fool
2021-08-11 11:14:45 [main] INFO  c.fool.demo.utils.RedisUtilsTest         : Started RedisUtilsTest in 12.567 seconds (JVM running for 14.281)
2021-08-11 11:14:45 [main] INFO  c.f.d.r.ApplicationRunnerImpl            : Info Test
2021-08-11 11:14:45 [ad-1] INFO  c.fool.demo.utils.RedisUtilsTest         : ID:0
2021-08-11 11:14:45 [ad-1] INFO  c.fool.demo.utils.RedisUtilsTest         : ID:1
2021-08-11 11:14:45 [ad-1] INFO  c.fool.demo.utils.RedisUtilsTest         : ID:2
2021-08-11 11:14:45 [ad-1] INFO  c.fool.demo.utils.RedisUtilsTest         : ID:3
2021-08-11 11:14:45 [ad-1] INFO  c.fool.demo.utils.RedisUtilsTest         : ID:4
2021-08-11 11:14:45 [ad-1] INFO  c.fool.demo.utils.RedisUtilsTest         : ID:5
2021-08-11 11:14:45 [ad-1] INFO  c.fool.demo.utils.RedisUtilsTest         : ID:6
2021-08-11 11:14:45 [ad-1] INFO  c.fool.demo.utils.RedisUtilsTest         : ID:7
2021-08-11 11:14:45 [ad-1] INFO  c.fool.demo.utils.RedisUtilsTest         : ID:8
2021-08-11 11:14:45 [ad-1] INFO  c.fool.demo.utils.RedisUtilsTest         : ID:9
2021-08-11 13:18:20 [main] INFO  c.fool.demo.utils.RedisUtilsTest         : Starting RedisUtilsTest on MININT-IE2UUMN with PID 26732 (started by 80010379 in E:\workspace\demo)
2021-08-11 13:18:20 [main] INFO  c.fool.demo.utils.RedisUtilsTest         : The following profiles are active: fool
2021-08-11 13:18:31 [main] INFO  c.fool.demo.utils.RedisUtilsTest         : Started RedisUtilsTest in 11.306 seconds (JVM running for 12.698)
2021-08-11 13:18:31 [main] INFO  c.f.d.r.ApplicationRunnerImpl            : Info Test
2021-08-11 13:19:22 [main] INFO  c.fool.demo.utils.RedisUtilsTest         : Starting RedisUtilsTest on MININT-IE2UUMN with PID 3412 (started by 80010379 in E:\workspace\demo)
2021-08-11 13:19:22 [main] INFO  c.fool.demo.utils.RedisUtilsTest         : The following profiles are active: fool
2021-08-11 13:19:33 [main] INFO  c.fool.demo.utils.RedisUtilsTest         : Started RedisUtilsTest in 11.07 seconds (JVM running for 12.891)
2021-08-11 13:19:33 [main] INFO  c.f.d.r.ApplicationRunnerImpl            : Info Test
2021-08-11 13:20:32 [main] INFO  c.fool.demo.utils.RedisUtilsTest         : Starting RedisUtilsTest on MININT-IE2UUMN with PID 28004 (started by 80010379 in E:\workspace\demo)
2021-08-11 13:20:32 [main] INFO  c.fool.demo.utils.RedisUtilsTest         : The following profiles are active: fool
2021-08-11 13:20:45 [main] INFO  c.fool.demo.utils.RedisUtilsTest         : Started RedisUtilsTest in 13.886 seconds (JVM running for 15.939)
2021-08-11 13:20:45 [main] INFO  c.f.d.r.ApplicationRunnerImpl            : Info Test
2021-08-11 13:21:46 [main] INFO  c.fool.demo.utils.RedisUtilsTest         : Starting RedisUtilsTest on MININT-IE2UUMN with PID 23712 (started by 80010379 in E:\workspace\demo)
2021-08-11 13:21:46 [main] INFO  c.fool.demo.utils.RedisUtilsTest         : The following profiles are active: fool
2021-08-11 13:22:00 [main] INFO  c.fool.demo.utils.RedisUtilsTest         : Started RedisUtilsTest in 15.312 seconds (JVM running for 17.668)
2021-08-11 13:22:00 [main] INFO  c.f.d.r.ApplicationRunnerImpl            : Info Test
2021-08-11 13:25:17 [main] INFO  c.fool.demo.utils.RedisUtilsTest         : Starting RedisUtilsTest on MININT-IE2UUMN with PID 20672 (started by 80010379 in E:\workspace\demo)
2021-08-11 13:25:17 [main] INFO  c.fool.demo.utils.RedisUtilsTest         : The following profiles are active: fool
2021-08-11 13:25:30 [main] INFO  c.fool.demo.utils.RedisUtilsTest         : Started RedisUtilsTest in 14.233 seconds (JVM running for 17.368)
2021-08-11 13:25:30 [main] INFO  c.f.d.r.ApplicationRunnerImpl            : Info Test
