2021-08-04 10:51:39 [Main] INFO  com.fool.demo.DemoApplication            : Starting DemoApplication on MININT-IE2UUMN with PID 22136 (E:\workspace\demo\target\classes started by 80010379 in E:\workspace\demo)
2021-08-04 10:51:39 [Main] INFO  com.fool.demo.DemoApplication            : The following profiles are active: fool
2021-08-04 10:51:42 [Main] INFO  com.fool.demo.DemoApplication            : Started DemoApplication in 4.643 seconds (JVM running for 5.953)
2021-08-04 10:55:18 [main] INFO  c.f.demo.service.FoolServiceTest         : Starting FoolServiceTest on MININT-IE2UUMN with PID 20896 (started by 80010379 in E:\workspace\demo)
2021-08-04 10:55:18 [main] INFO  c.f.demo.service.FoolServiceTest         : The following profiles are active: fool
2021-08-04 10:55:25 [main] INFO  c.f.demo.service.FoolServiceTest         : Started FoolServiceTest in 7.784 seconds (JVM running for 8.761)
2021-08-04 10:55:25 [main] INFO  c.f.demo.service.FoolServiceTest         : Student(id=null, name=63124818-a2bf-4fe9-9a35-5c0430f2f71d, age=-137505640, classNo=-1897623051)
2021-08-04 10:55:26 [main] INFO  c.f.demo.service.FoolServiceTest         : Student(id=null, name=63124818-a2bf-4fe9-9a35-5c0430f2f71d, age=-137505640, classNo=-1897623051)
2021-08-04 10:55:27 [main] INFO  c.f.demo.service.FoolServiceTest         : Student(id=null, name=63124818-a2bf-4fe9-9a35-5c0430f2f71d, age=-137505640, classNo=-1897623051)
2021-08-04 10:55:28 [main] INFO  c.f.demo.service.FoolServiceTest         : Student(id=null, name=63124818-a2bf-4fe9-9a35-5c0430f2f71d, age=-137505640, classNo=-1897623051)
2021-08-04 10:55:29 [main] INFO  c.f.demo.service.FoolServiceTest         : Student(id=null, name=63124818-a2bf-4fe9-9a35-5c0430f2f71d, age=-137505640, classNo=-1897623051)
2021-08-04 10:55:30 [main] INFO  c.f.demo.service.FoolServiceTest         : Student(id=null, name=63124818-a2bf-4fe9-9a35-5c0430f2f71d, age=-137505640, classNo=-1897623051)
2021-08-04 10:55:31 [main] INFO  c.f.demo.service.FoolServiceTest         : Student(id=null, name=63124818-a2bf-4fe9-9a35-5c0430f2f71d, age=-137505640, classNo=-1897623051)
2021-08-04 10:55:32 [main] INFO  c.f.demo.service.FoolServiceTest         : Student(id=null, name=63124818-a2bf-4fe9-9a35-5c0430f2f71d, age=-137505640, classNo=-1897623051)
2021-08-04 10:55:33 [main] INFO  c.f.demo.service.FoolServiceTest         : Student(id=null, name=63124818-a2bf-4fe9-9a35-5c0430f2f71d, age=-137505640, classNo=-1897623051)
2021-08-04 10:55:34 [main] INFO  c.f.demo.service.FoolServiceTest         : Student(id=null, name=63124818-a2bf-4fe9-9a35-5c0430f2f71d, age=-137505640, classNo=-1897623051)
2021-08-04 10:56:11 [Main] INFO  com.fool.demo.DemoApplication            : Starting DemoApplication on MININT-IE2UUMN with PID 25180 (E:\workspace\demo\target\classes started by 80010379 in E:\workspace\demo)
2021-08-04 10:56:11 [Main] INFO  com.fool.demo.DemoApplication            : The following profiles are active: fool
2021-08-04 10:56:35 [Main] INFO  com.fool.demo.DemoApplication            : Started DemoApplication in 24.356 seconds (JVM running for 25.43)
2021-08-04 10:56:44 [Main] INFO  com.fool.demo.DemoApplication            : Starting DemoApplication on MININT-IE2UUMN with PID 18464 (E:\workspace\demo\target\classes started by 80010379 in E:\workspace\demo)
2021-08-04 10:56:44 [Main] INFO  com.fool.demo.DemoApplication            : The following profiles are active: fool
2021-08-04 10:57:17 [Main] INFO  com.fool.demo.DemoApplication            : Started DemoApplication in 33.52 seconds (JVM running for 34.561)
2021-08-04 11:01:12 [Main] INFO  com.fool.demo.DemoApplication            : Starting DemoApplication on MININT-IE2UUMN with PID 24508 (E:\workspace\demo\target\classes started by 80010379 in E:\workspace\demo)
2021-08-04 11:01:12 [Main] INFO  com.fool.demo.DemoApplication            : The following profiles are active: fool
2021-08-04 11:01:15 [Main] INFO  com.fool.demo.DemoApplication            : Started DemoApplication in 3.811 seconds (JVM running for 4.697)
2021-08-04 11:01:24 [main] INFO  c.f.demo.service.FoolServiceTest         : Starting FoolServiceTest on MININT-IE2UUMN with PID 24008 (started by 80010379 in E:\workspace\demo)
2021-08-04 11:01:24 [main] INFO  c.f.demo.service.FoolServiceTest         : The following profiles are active: fool
2021-08-04 11:01:30 [main] INFO  c.f.demo.service.FoolServiceTest         : Started FoolServiceTest in 6.91 seconds (JVM running for 8.115)
2021-08-04 11:01:30 [main] INFO  c.f.demo.service.FoolServiceTest         : Student(id=null, name=63124818-a2bf-4fe9-9a35-5c0430f2f71d, age=-137505640, classNo=-1897623051)
2021-08-04 11:01:31 [main] INFO  c.f.demo.service.FoolServiceTest         : Student(id=null, name=63124818-a2bf-4fe9-9a35-5c0430f2f71d, age=-137505640, classNo=-1897623051)
2021-08-04 11:01:32 [main] INFO  c.f.demo.service.FoolServiceTest         : Student(id=null, name=63124818-a2bf-4fe9-9a35-5c0430f2f71d, age=-137505640, classNo=-1897623051)
2021-08-04 11:01:33 [main] INFO  c.f.demo.service.FoolServiceTest         : Student(id=null, name=63124818-a2bf-4fe9-9a35-5c0430f2f71d, age=-137505640, classNo=-1897623051)
2021-08-04 11:01:34 [main] INFO  c.f.demo.service.FoolServiceTest         : Student(id=null, name=63124818-a2bf-4fe9-9a35-5c0430f2f71d, age=-137505640, classNo=-1897623051)
2021-08-04 11:01:35 [main] INFO  c.f.demo.service.FoolServiceTest         : Student(id=null, name=63124818-a2bf-4fe9-9a35-5c0430f2f71d, age=-137505640, classNo=-1897623051)
2021-08-04 11:01:36 [main] INFO  c.f.demo.service.FoolServiceTest         : Student(id=null, name=63124818-a2bf-4fe9-9a35-5c0430f2f71d, age=-137505640, classNo=-1897623051)
2021-08-04 11:01:37 [main] INFO  c.f.demo.service.FoolServiceTest         : Student(id=null, name=63124818-a2bf-4fe9-9a35-5c0430f2f71d, age=-137505640, classNo=-1897623051)
2021-08-04 11:01:38 [main] INFO  c.f.demo.service.FoolServiceTest         : Student(id=null, name=63124818-a2bf-4fe9-9a35-5c0430f2f71d, age=-137505640, classNo=-1897623051)
2021-08-04 11:01:39 [main] INFO  c.f.demo.service.FoolServiceTest         : Student(id=null, name=63124818-a2bf-4fe9-9a35-5c0430f2f71d, age=-137505640, classNo=-1897623051)
2021-08-04 11:02:03 [main] INFO  c.f.demo.service.FoolServiceTest         : Starting FoolServiceTest on MININT-IE2UUMN with PID 27144 (started by 80010379 in E:\workspace\demo)
2021-08-04 11:02:03 [main] INFO  c.f.demo.service.FoolServiceTest         : The following profiles are active: fool
2021-08-04 11:02:08 [main] INFO  c.f.demo.service.FoolServiceTest         : Started FoolServiceTest in 5.347 seconds (JVM running for 6.994)
2021-08-04 11:02:09 [main] INFO  c.f.demo.service.FoolServiceTest         : Student(id=null, name=c98f4eaa-c7b9-4e95-bb39-d10048ed4bd1, age=-1531810961, classNo=-514056983)
2021-08-04 11:02:10 [main] INFO  c.f.demo.service.FoolServiceTest         : Student(id=null, name=c98f4eaa-c7b9-4e95-bb39-d10048ed4bd1, age=-1531810961, classNo=-514056983)
2021-08-04 11:02:11 [main] INFO  c.f.demo.service.FoolServiceTest         : Student(id=null, name=c98f4eaa-c7b9-4e95-bb39-d10048ed4bd1, age=-1531810961, classNo=-514056983)
2021-08-04 11:02:12 [main] INFO  c.f.demo.service.FoolServiceTest         : Student(id=null, name=c98f4eaa-c7b9-4e95-bb39-d10048ed4bd1, age=-1531810961, classNo=-514056983)
2021-08-04 11:02:13 [main] INFO  c.f.demo.service.FoolServiceTest         : Student(id=null, name=c98f4eaa-c7b9-4e95-bb39-d10048ed4bd1, age=-1531810961, classNo=-514056983)
2021-08-04 11:02:14 [main] INFO  c.f.demo.service.FoolServiceTest         : Student(id=null, name=7f0be04f-d9e6-4270-92ed-6024d7ec2350, age=158961403, classNo=-1045476894)
2021-08-04 11:02:15 [main] INFO  c.f.demo.service.FoolServiceTest         : Student(id=null, name=7f0be04f-d9e6-4270-92ed-6024d7ec2350, age=158961403, classNo=-1045476894)
2021-08-04 11:02:16 [main] INFO  c.f.demo.service.FoolServiceTest         : Student(id=null, name=7f0be04f-d9e6-4270-92ed-6024d7ec2350, age=158961403, classNo=-1045476894)
2021-08-04 11:02:17 [main] INFO  c.f.demo.service.FoolServiceTest         : Student(id=null, name=7f0be04f-d9e6-4270-92ed-6024d7ec2350, age=158961403, classNo=-1045476894)
2021-08-04 11:02:18 [main] INFO  c.f.demo.service.FoolServiceTest         : Student(id=null, name=7f0be04f-d9e6-4270-92ed-6024d7ec2350, age=158961403, classNo=-1045476894)
2021-08-04 11:05:14 [Main] INFO  com.fool.demo.DemoApplication            : Starting DemoApplication on MININT-IE2UUMN with PID 10396 (E:\workspace\demo\target\classes started by 80010379 in E:\workspace\demo)
2021-08-04 11:05:14 [Main] INFO  com.fool.demo.DemoApplication            : The following profiles are active: fool
2021-08-04 11:05:17 [Main] INFO  com.fool.demo.DemoApplication            : Started DemoApplication in 3.073 seconds (JVM running for 4.07)
2021-08-04 11:33:44 [Main] INFO  com.fool.demo.DemoApplication            : Starting DemoApplication on MININT-IE2UUMN with PID 17072 (E:\workspace\demo\target\classes started by 80010379 in E:\workspace\demo)
2021-08-04 11:33:44 [Main] INFO  com.fool.demo.DemoApplication            : The following profiles are active: fool
2021-08-04 11:33:47 [Main] INFO  com.fool.demo.DemoApplication            : Started DemoApplication in 3.683 seconds (JVM running for 5.384)
2021-08-04 11:35:20 [Main] INFO  com.fool.demo.DemoApplication            : Starting DemoApplication on MININT-IE2UUMN with PID 25084 (E:\workspace\demo\target\classes started by 80010379 in E:\workspace\demo)
2021-08-04 11:35:20 [Main] INFO  com.fool.demo.DemoApplication            : The following profiles are active: fool
2021-08-04 11:35:24 [Main] INFO  com.fool.demo.DemoApplication            : Started DemoApplication in 4.343 seconds (JVM running for 5.26)
2021-08-04 15:45:39 [Main] INFO  com.fool.demo.DemoApplication            : Starting DemoApplication on MININT-IE2UUMN with PID 25084 (E:\workspace\demo\target\classes started by 80010379 in E:\workspace\demo)
2021-08-04 15:45:39 [Main] INFO  com.fool.demo.DemoApplication            : The following profiles are active: fool
2021-08-04 15:45:41 [Main] INFO  com.fool.demo.DemoApplication            : Started DemoApplication in 3.021 seconds (JVM running for 15022.863)
2021-08-04 15:45:42 [Main] INFO  com.fool.demo.DemoApplication            : Starting DemoApplication on MININT-IE2UUMN with PID 15024 (E:\workspace\demo\target\classes started by 80010379 in E:\workspace\demo)
2021-08-04 15:45:42 [Main] INFO  com.fool.demo.DemoApplication            : The following profiles are active: fool
2021-08-04 15:46:37 [Main] INFO  com.fool.demo.DemoApplication            : Starting DemoApplication on MININT-IE2UUMN with PID 25084 (E:\workspace\demo\target\classes started by 80010379 in E:\workspace\demo)
2021-08-04 15:46:37 [Main] INFO  com.fool.demo.DemoApplication            : The following profiles are active: fool
2021-08-04 15:46:38 [Main] INFO  com.fool.demo.DemoApplication            : Starting DemoApplication on MININT-IE2UUMN with PID 18112 (E:\workspace\demo\target\classes started by 80010379 in E:\workspace\demo)
2021-08-04 15:46:38 [Main] INFO  com.fool.demo.DemoApplication            : The following profiles are active: fool
2021-08-04 15:46:39 [Main] INFO  com.fool.demo.DemoApplication            : Started DemoApplication in 1.989 seconds (JVM running for 15080.759)
2021-08-04 15:49:03 [Main] INFO  com.fool.demo.DemoApplication            : Starting DemoApplication on MININT-IE2UUMN with PID 21724 (E:\workspace\demo\target\classes started by 80010379 in E:\workspace\demo)
2021-08-04 15:49:03 [Main] INFO  com.fool.demo.DemoApplication            : The following profiles are active: fool
2021-08-04 15:49:06 [Main] INFO  com.fool.demo.DemoApplication            : Started DemoApplication in 3.607 seconds (JVM running for 5.15)
2021-08-04 15:49:53 [Main] INFO  com.fool.demo.DemoApplication            : Starting DemoApplication on MININT-IE2UUMN with PID 21276 (E:\workspace\demo\target\classes started by 80010379 in E:\workspace\demo)
2021-08-04 15:49:53 [Main] INFO  com.fool.demo.DemoApplication            : The following profiles are active: fool
2021-08-04 15:49:56 [Main] INFO  com.fool.demo.DemoApplication            : Started DemoApplication in 3.678 seconds (JVM running for 4.918)
2021-08-04 15:50:45 [Main] INFO  com.fool.demo.DemoApplication            : Starting DemoApplication on MININT-IE2UUMN with PID 25888 (E:\workspace\demo\target\classes started by 80010379 in E:\workspace\demo)
2021-08-04 15:50:45 [Main] INFO  com.fool.demo.DemoApplication            : The following profiles are active: fool
2021-08-04 15:50:48 [Main] INFO  com.fool.demo.DemoApplication            : Started DemoApplication in 4.087 seconds (JVM running for 4.986)
2021-08-04 15:56:47 [Main] INFO  com.fool.demo.DemoApplication            : Starting DemoApplication on MININT-IE2UUMN with PID 19104 (E:\workspace\demo\target\classes started by 80010379 in E:\workspace\demo)
2021-08-04 15:56:47 [Main] INFO  com.fool.demo.DemoApplication            : The following profiles are active: fool
2021-08-04 15:56:50 [Main] INFO  com.fool.demo.DemoApplication            : Started DemoApplication in 3.224 seconds (JVM running for 4.153)
2021-08-04 15:58:01 [Main] INFO  com.fool.demo.DemoApplication            : Starting DemoApplication on MININT-IE2UUMN with PID 21800 (E:\workspace\demo\target\classes started by 80010379 in E:\workspace\demo)
2021-08-04 15:58:01 [Main] INFO  com.fool.demo.DemoApplication            : The following profiles are active: fool
2021-08-04 15:58:03 [Main] INFO  com.fool.demo.DemoApplication            : Started DemoApplication in 3.177 seconds (JVM running for 4.151)
2021-08-04 16:06:41 [Main] INFO  com.fool.demo.DemoApplication            : Starting DemoApplication on MININT-IE2UUMN with PID 24052 (E:\workspace\demo\target\classes started by 80010379 in E:\workspace\demo)
2021-08-04 16:06:41 [Main] INFO  com.fool.demo.DemoApplication            : The following profiles are active: fool
2021-08-04 16:11:05 [Main] INFO  com.fool.demo.DemoApplication            : Starting DemoApplication on MININT-IE2UUMN with PID 24188 (E:\workspace\demo\target\classes started by 80010379 in E:\workspace\demo)
2021-08-04 16:11:05 [Main] INFO  com.fool.demo.DemoApplication            : The following profiles are active: fool
2021-08-04 16:12:19 [Main] INFO  com.fool.demo.DemoApplication            : Starting DemoApplication on MININT-IE2UUMN with PID 12944 (E:\workspace\demo\target\classes started by 80010379 in E:\workspace\demo)
2021-08-04 16:12:19 [Main] INFO  com.fool.demo.DemoApplication            : The following profiles are active: fool
2021-08-04 16:12:23 [Main] INFO  com.fool.demo.DemoApplication            : Started DemoApplication in 4.343 seconds (JVM running for 5.112)
2021-08-04 16:13:08 [Main] INFO  com.fool.demo.DemoApplication            : Starting DemoApplication on MININT-IE2UUMN with PID 21232 (E:\workspace\demo\target\classes started by 80010379 in E:\workspace\demo)
2021-08-04 16:13:08 [Main] INFO  com.fool.demo.DemoApplication            : The following profiles are active: fool
2021-08-04 16:13:11 [Main] INFO  com.fool.demo.DemoApplication            : Started DemoApplication in 3.741 seconds (JVM running for 4.708)
2021-08-04 16:14:02 [Main] INFO  com.fool.demo.DemoApplication            : Starting DemoApplication on MININT-IE2UUMN with PID 20696 (E:\workspace\demo\target\classes started by 80010379 in E:\workspace\demo)
2021-08-04 16:14:02 [Main] INFO  com.fool.demo.DemoApplication            : The following profiles are active: fool
2021-08-04 16:14:05 [Main] INFO  com.fool.demo.DemoApplication            : Started DemoApplication in 3.852 seconds (JVM running for 5.59)
2021-08-04 16:16:45 [Main] INFO  com.fool.demo.DemoApplication            : Starting DemoApplication on MININT-IE2UUMN with PID 19384 (E:\workspace\demo\target\classes started by 80010379 in E:\workspace\demo)
2021-08-04 16:16:45 [Main] INFO  com.fool.demo.DemoApplication            : The following profiles are active: fool
2021-08-04 16:19:00 [Main] INFO  com.fool.demo.DemoApplication            : Starting DemoApplication on MININT-IE2UUMN with PID 23736 (E:\workspace\demo\target\classes started by 80010379 in E:\workspace\demo)
2021-08-04 16:19:00 [Main] INFO  com.fool.demo.DemoApplication            : The following profiles are active: fool
2021-08-04 16:19:03 [Main] INFO  com.fool.demo.DemoApplication            : Started DemoApplication in 3.893 seconds (JVM running for 4.74)
2021-08-04 16:20:24 [Main] INFO  com.fool.demo.DemoApplication            : Starting DemoApplication on MININT-IE2UUMN with PID 26236 (E:\workspace\demo\target\classes started by 80010379 in E:\workspace\demo)
2021-08-04 16:20:24 [Main] INFO  com.fool.demo.DemoApplication            : The following profiles are active: fool
2021-08-04 16:20:28 [Main] INFO  com.fool.demo.DemoApplication            : Started DemoApplication in 3.985 seconds (JVM running for 4.837)
2021-08-04 16:21:38 [Main] INFO  com.fool.demo.DemoApplication            : Starting DemoApplication on MININT-IE2UUMN with PID 18864 (E:\workspace\demo\target\classes started by 80010379 in E:\workspace\demo)
2021-08-04 16:21:38 [Main] INFO  com.fool.demo.DemoApplication            : The following profiles are active: fool
2021-08-04 16:21:41 [Main] INFO  com.fool.demo.DemoApplication            : Started DemoApplication in 4.146 seconds (JVM running for 5.331)
2021-08-04 16:25:10 [Main] INFO  com.fool.demo.DemoApplication            : Starting DemoApplication on MININT-IE2UUMN with PID 19092 (E:\workspace\demo\target\classes started by 80010379 in E:\workspace\demo)
2021-08-04 16:25:10 [Main] INFO  com.fool.demo.DemoApplication            : The following profiles are active: fool
2021-08-04 16:25:13 [Main] INFO  com.fool.demo.DemoApplication            : Started DemoApplication in 3.766 seconds (JVM running for 4.691)
2021-08-04 16:28:27 [Main] INFO  com.fool.demo.DemoApplication            : Starting DemoApplication on MININT-IE2UUMN with PID 8172 (E:\workspace\demo\target\classes started by 80010379 in E:\workspace\demo)
2021-08-04 16:28:27 [Main] INFO  com.fool.demo.DemoApplication            : The following profiles are active: fool
2021-08-04 16:28:31 [Main] INFO  com.fool.demo.DemoApplication            : Started DemoApplication in 3.958 seconds (JVM running for 4.902)
2021-08-04 16:29:02 [Main] INFO  com.fool.demo.DemoApplication            : Starting DemoApplication on MININT-IE2UUMN with PID 23860 (E:\workspace\demo\target\classes started by 80010379 in E:\workspace\demo)
2021-08-04 16:29:02 [Main] INFO  com.fool.demo.DemoApplication            : The following profiles are active: fool
2021-08-04 16:29:05 [Main] INFO  com.fool.demo.DemoApplication            : Started DemoApplication in 4.767 seconds (JVM running for 5.626)
2021-08-04 16:30:23 [Main] INFO  com.fool.demo.DemoApplication            : Starting DemoApplication on MININT-IE2UUMN with PID 27012 (E:\workspace\demo\target\classes started by 80010379 in E:\workspace\demo)
2021-08-04 16:30:23 [Main] INFO  com.fool.demo.DemoApplication            : The following profiles are active: fool
2021-08-04 16:30:27 [Main] INFO  com.fool.demo.DemoApplication            : Started DemoApplication in 3.818 seconds (JVM running for 4.819)
2021-08-04 16:32:48 [Main] INFO  com.fool.demo.DemoApplication            : Starting DemoApplication on MININT-IE2UUMN with PID 18580 (E:\workspace\demo\target\classes started by 80010379 in E:\workspace\demo)
2021-08-04 16:32:48 [Main] INFO  com.fool.demo.DemoApplication            : The following profiles are active: fool
2021-08-04 16:32:52 [Main] INFO  com.fool.demo.DemoApplication            : Started DemoApplication in 4.235 seconds (JVM running for 5.439)
2021-08-04 16:34:58 [Main] INFO  com.fool.demo.DemoApplication            : Starting DemoApplication on MININT-IE2UUMN with PID 16304 (E:\workspace\demo\target\classes started by 80010379 in E:\workspace\demo)
2021-08-04 16:34:58 [Main] INFO  com.fool.demo.DemoApplication            : The following profiles are active: fool
2021-08-04 16:35:02 [Main] INFO  com.fool.demo.DemoApplication            : Started DemoApplication in 3.903 seconds (JVM running for 6.099)
2021-08-04 16:35:25 [Main] INFO  com.fool.demo.DemoApplication            : Starting DemoApplication on MININT-IE2UUMN with PID 25192 (E:\workspace\demo\target\classes started by 80010379 in E:\workspace\demo)
2021-08-04 16:35:25 [Main] INFO  com.fool.demo.DemoApplication            : The following profiles are active: fool
2021-08-04 16:35:29 [Main] INFO  com.fool.demo.DemoApplication            : Started DemoApplication in 3.916 seconds (JVM running for 4.795)
2021-08-04 16:36:53 [Main] INFO  com.fool.demo.DemoApplication            : Starting DemoApplication on MININT-IE2UUMN with PID 8500 (E:\workspace\demo\target\classes started by 80010379 in E:\workspace\demo)
2021-08-04 16:36:53 [Main] INFO  com.fool.demo.DemoApplication            : The following profiles are active: fool
2021-08-04 16:39:05 [Main] INFO  com.fool.demo.DemoApplication            : Starting DemoApplication on MININT-IE2UUMN with PID 24880 (E:\workspace\demo\target\classes started by 80010379 in E:\workspace\demo)
2021-08-04 16:39:05 [Main] INFO  com.fool.demo.DemoApplication            : The following profiles are active: fool
2021-08-04 16:39:09 [Main] INFO  com.fool.demo.DemoApplication            : Started DemoApplication in 5.362 seconds (JVM running for 6.239)
2021-08-04 16:39:49 [Main] INFO  com.fool.demo.DemoApplication            : Starting DemoApplication on MININT-IE2UUMN with PID 21476 (E:\workspace\demo\target\classes started by 80010379 in E:\workspace\demo)
2021-08-04 16:39:49 [Main] INFO  com.fool.demo.DemoApplication            : The following profiles are active: fool
2021-08-04 16:39:52 [Main] INFO  com.fool.demo.DemoApplication            : Started DemoApplication in 4.173 seconds (JVM running for 5.021)
2021-08-04 16:40:14 [Main] INFO  com.fool.demo.DemoApplication            : Starting DemoApplication on MININT-IE2UUMN with PID 27332 (E:\workspace\demo\target\classes started by 80010379 in E:\workspace\demo)
2021-08-04 16:40:14 [Main] INFO  com.fool.demo.DemoApplication            : The following profiles are active: fool
2021-08-04 16:40:17 [Main] INFO  com.fool.demo.DemoApplication            : Started DemoApplication in 3.902 seconds (JVM running for 4.748)
2021-08-04 16:40:47 [Main] INFO  com.fool.demo.DemoApplication            : Starting DemoApplication on MININT-IE2UUMN with PID 9044 (E:\workspace\demo\target\classes started by 80010379 in E:\workspace\demo)
2021-08-04 16:40:47 [Main] INFO  com.fool.demo.DemoApplication            : The following profiles are active: fool
2021-08-04 16:40:51 [Main] INFO  com.fool.demo.DemoApplication            : Started DemoApplication in 3.9 seconds (JVM running for 4.746)
2021-08-04 16:45:39 [Main] INFO  com.fool.demo.DemoApplication            : Starting DemoApplication on MININT-IE2UUMN with PID 21512 (E:\workspace\demo\target\classes started by 80010379 in E:\workspace\demo)
2021-08-04 16:45:39 [Main] INFO  com.fool.demo.DemoApplication            : The following profiles are active: fool
2021-08-04 16:46:42 [Main] INFO  com.fool.demo.DemoApplication            : Starting DemoApplication on MININT-IE2UUMN with PID 1264 (E:\workspace\demo\target\classes started by 80010379 in E:\workspace\demo)
2021-08-04 16:46:42 [Main] INFO  com.fool.demo.DemoApplication            : The following profiles are active: fool
2021-08-04 16:48:43 [Main] INFO  com.fool.demo.DemoApplication            : Starting DemoApplication on MININT-IE2UUMN with PID 19856 (E:\workspace\demo\target\classes started by 80010379 in E:\workspace\demo)
2021-08-04 16:48:43 [Main] INFO  com.fool.demo.DemoApplication            : The following profiles are active: fool
2021-08-04 16:49:24 [Main] INFO  com.fool.demo.DemoApplication            : Starting DemoApplication on MININT-IE2UUMN with PID 19532 (E:\workspace\demo\target\classes started by 80010379 in E:\workspace\demo)
2021-08-04 16:49:24 [Main] INFO  com.fool.demo.DemoApplication            : The following profiles are active: fool
2021-08-04 16:50:50 [Main] INFO  com.fool.demo.DemoApplication            : Starting DemoApplication on MININT-IE2UUMN with PID 24172 (E:\workspace\demo\target\classes started by 80010379 in E:\workspace\demo)
2021-08-04 16:50:50 [Main] INFO  com.fool.demo.DemoApplication            : The following profiles are active: fool
2021-08-04 16:50:53 [Main] INFO  com.fool.demo.DemoApplication            : Started DemoApplication in 4.763 seconds (JVM running for 5.811)
